15:04:13 INFO  : Registering command handlers for SDK TCF services
15:04:14 INFO  : Launching XSCT server: xsct.bat -interactive C:\Users\Student\Downloads\OLED2\OLED2.sdk\temp_xsdb_launch_script.tcl
15:04:16 INFO  : XSCT server has started successfully.
15:04:16 INFO  : Processing command line option -hwspec C:/Users/Student/Downloads/OLED2/OLED2.sdk/OLED2_wrapper.hdf.
15:04:16 INFO  : Successfully done setting XSCT server connection channel  
15:04:16 INFO  : Successfully done setting SDK workspace  
15:38:08 INFO  : Connected to target on host '127.0.0.1' and port '3121'.
15:38:08 INFO  : 'targets -set -filter {jtag_cable_name =~ "Digilent Basys3 210183B819A3A" && level==0} -index 0' command is executed.
15:38:09 INFO  : FPGA configured successfully with bitstream "C:/Users/Student/Downloads/OLED2/OLED2.sdk/OLED2_wrapper_hw_platform_0/download.bit"
15:38:18 INFO  : 'targets -set -filter {jtag_cable_name =~ "Digilent Basys3 210183B819A3A" && level==0} -index 0' command is executed.
15:38:18 INFO  : 'fpga -state' command is executed.
15:38:18 INFO  : Connected to target on host '127.0.0.1' and port '3121'.
15:38:18 INFO  : Jtag cable 'Digilent Basys3 210183B819A3A' is selected.
15:38:18 INFO  : 'jtag frequency' command is executed.
15:38:18 INFO  : 'configparams mdm-detect-bscan-mask 2' command is executed.
15:38:18 INFO  : Context for processor 'microblaze_0' is selected.
15:38:18 INFO  : Processor reset is completed for 'microblaze_0'.
15:38:18 INFO  : Context for processor 'microblaze_0' is selected.
15:38:18 INFO  : The application 'C:/Users/Student/Downloads/OLED2/OLED2.sdk/PmodOLED2/Debug/PmodOLED2.elf' is downloaded to processor 'microblaze_0'.
15:38:18 INFO  : ----------------XSDB Script----------------
connect -url tcp:127.0.0.1:3121
configparams mdm-detect-bscan-mask 2
targets -set -nocase -filter {name =~ "microblaze*#0" && bscan=="USER2"  && jtag_cable_name =~ "Digilent Basys3 210183B819A3A"} -index 0
rst -processor
targets -set -nocase -filter {name =~ "microblaze*#0" && bscan=="USER2"  && jtag_cable_name =~ "Digilent Basys3 210183B819A3A"} -index 0
dow C:/Users/Student/Downloads/OLED2/OLED2.sdk/PmodOLED2/Debug/PmodOLED2.elf
----------------End of Script----------------

15:38:19 INFO  : Memory regions updated for context MicroBlaze #0
15:38:19 INFO  : Memory regions updated for context MicroBlaze #0
15:38:19 INFO  : Context for processor 'microblaze_0' is selected.
15:38:19 INFO  : 'con' command is executed.
15:38:19 INFO  : ----------------XSDB Script (After Launch)----------------
targets -set -nocase -filter {name =~ "microblaze*#0" && bscan=="USER2"  && jtag_cable_name =~ "Digilent Basys3 210183B819A3A"} -index 0
con
----------------End of Script----------------

15:38:19 INFO  : Launch script is exported to file 'C:\Users\Student\Downloads\OLED2\OLED2.sdk\.sdk\launch_scripts\xilinx_c-c++_application_(system_debugger)\system_debugger_using_debug_pmodoled2.elf_on_local.tcl'
15:38:34 INFO  : Disconnected from the channel tcfchan#1.
15:38:35 INFO  : 'targets -set -filter {jtag_cable_name =~ "Digilent Basys3 210183B819A3A" && level==0} -index 0' command is executed.
15:38:35 INFO  : 'fpga -state' command is executed.
15:38:35 INFO  : Connected to target on host '127.0.0.1' and port '3121'.
15:38:35 INFO  : Jtag cable 'Digilent Basys3 210183B819A3A' is selected.
15:38:35 INFO  : 'jtag frequency' command is executed.
15:38:35 INFO  : 'configparams mdm-detect-bscan-mask 2' command is executed.
15:38:35 INFO  : Context for processor 'microblaze_0' is selected.
15:38:35 INFO  : Processor reset is completed for 'microblaze_0'.
15:38:36 INFO  : Context for processor 'microblaze_0' is selected.
15:38:36 INFO  : The application 'C:/Users/Student/Downloads/OLED2/OLED2.sdk/PmodOLED2/Debug/PmodOLED2.elf' is downloaded to processor 'microblaze_0'.
15:38:36 INFO  : ----------------XSDB Script----------------
connect -url tcp:127.0.0.1:3121
configparams mdm-detect-bscan-mask 2
targets -set -nocase -filter {name =~ "microblaze*#0" && bscan=="USER2"  && jtag_cable_name =~ "Digilent Basys3 210183B819A3A"} -index 0
rst -processor
targets -set -nocase -filter {name =~ "microblaze*#0" && bscan=="USER2"  && jtag_cable_name =~ "Digilent Basys3 210183B819A3A"} -index 0
dow C:/Users/Student/Downloads/OLED2/OLED2.sdk/PmodOLED2/Debug/PmodOLED2.elf
----------------End of Script----------------

15:38:36 INFO  : Memory regions updated for context MicroBlaze #0
15:38:36 INFO  : Memory regions updated for context MicroBlaze #0
15:38:36 INFO  : Context for processor 'microblaze_0' is selected.
15:38:36 INFO  : 'con' command is executed.
15:38:36 INFO  : ----------------XSDB Script (After Launch)----------------
targets -set -nocase -filter {name =~ "microblaze*#0" && bscan=="USER2"  && jtag_cable_name =~ "Digilent Basys3 210183B819A3A"} -index 0
con
----------------End of Script----------------

15:38:36 INFO  : Launch script is exported to file 'C:\Users\Student\Downloads\OLED2\OLED2.sdk\.sdk\launch_scripts\xilinx_c-c++_application_(system_debugger)\system_debugger_using_debug_pmodoled2.elf_on_local.tcl'
15:54:04 INFO  : Disconnected from the channel tcfchan#2.
15:54:05 INFO  : 'targets -set -filter {jtag_cable_name =~ "Digilent Basys3 210183B819A3A" && level==0} -index 0' command is executed.
15:54:05 INFO  : 'fpga -state' command is executed.
15:54:05 INFO  : Connected to target on host '127.0.0.1' and port '3121'.
15:54:05 INFO  : Jtag cable 'Digilent Basys3 210183B819A3A' is selected.
15:54:05 INFO  : 'jtag frequency' command is executed.
15:54:05 INFO  : 'configparams mdm-detect-bscan-mask 2' command is executed.
15:54:05 INFO  : Context for processor 'microblaze_0' is selected.
15:54:05 INFO  : Processor reset is completed for 'microblaze_0'.
15:54:05 INFO  : Context for processor 'microblaze_0' is selected.
15:54:06 INFO  : The application 'C:/Users/Student/Downloads/OLED2/OLED2.sdk/PmodOLED2/Debug/PmodOLED2.elf' is downloaded to processor 'microblaze_0'.
15:54:06 INFO  : ----------------XSDB Script----------------
connect -url tcp:127.0.0.1:3121
configparams mdm-detect-bscan-mask 2
targets -set -nocase -filter {name =~ "microblaze*#0" && bscan=="USER2"  && jtag_cable_name =~ "Digilent Basys3 210183B819A3A"} -index 0
rst -processor
targets -set -nocase -filter {name =~ "microblaze*#0" && bscan=="USER2"  && jtag_cable_name =~ "Digilent Basys3 210183B819A3A"} -index 0
dow C:/Users/Student/Downloads/OLED2/OLED2.sdk/PmodOLED2/Debug/PmodOLED2.elf
----------------End of Script----------------

15:54:06 INFO  : Memory regions updated for context MicroBlaze #0
15:54:06 INFO  : Memory regions updated for context MicroBlaze #0
15:54:06 INFO  : Context for processor 'microblaze_0' is selected.
15:54:06 INFO  : 'con' command is executed.
15:54:06 INFO  : ----------------XSDB Script (After Launch)----------------
targets -set -nocase -filter {name =~ "microblaze*#0" && bscan=="USER2"  && jtag_cable_name =~ "Digilent Basys3 210183B819A3A"} -index 0
con
----------------End of Script----------------

15:54:06 INFO  : Launch script is exported to file 'C:\Users\Student\Downloads\OLED2\OLED2.sdk\.sdk\launch_scripts\xilinx_c-c++_application_(system_debugger)\system_debugger_using_debug_pmodoled2.elf_on_local.tcl'
15:56:00 INFO  : Connected to target on host '127.0.0.1' and port '3121'.
15:56:01 INFO  : 'targets -set -filter {jtag_cable_name =~ "Digilent Basys3 210183B819A3A" && level==0} -index 0' command is executed.
15:56:01 INFO  : FPGA configured successfully with bitstream "C:/Users/Student/Downloads/OLED2/OLED2.sdk/OLED2_wrapper_hw_platform_0/download.bit"
15:56:08 INFO  : Disconnected from the channel tcfchan#3.
15:56:09 INFO  : 'targets -set -filter {jtag_cable_name =~ "Digilent Basys3 210183B819A3A" && level==0} -index 0' command is executed.
15:56:09 INFO  : 'fpga -state' command is executed.
15:56:09 INFO  : Connected to target on host '127.0.0.1' and port '3121'.
15:56:09 INFO  : Jtag cable 'Digilent Basys3 210183B819A3A' is selected.
15:56:09 INFO  : 'jtag frequency' command is executed.
15:56:09 INFO  : 'configparams mdm-detect-bscan-mask 2' command is executed.
15:56:09 INFO  : Context for processor 'microblaze_0' is selected.
15:56:09 INFO  : Processor reset is completed for 'microblaze_0'.
15:56:09 INFO  : Context for processor 'microblaze_0' is selected.
15:56:09 INFO  : The application 'C:/Users/Student/Downloads/OLED2/OLED2.sdk/PmodOLED2/Debug/PmodOLED2.elf' is downloaded to processor 'microblaze_0'.
15:56:09 INFO  : ----------------XSDB Script----------------
connect -url tcp:127.0.0.1:3121
configparams mdm-detect-bscan-mask 2
targets -set -nocase -filter {name =~ "microblaze*#0" && bscan=="USER2"  && jtag_cable_name =~ "Digilent Basys3 210183B819A3A"} -index 0
rst -processor
targets -set -nocase -filter {name =~ "microblaze*#0" && bscan=="USER2"  && jtag_cable_name =~ "Digilent Basys3 210183B819A3A"} -index 0
dow C:/Users/Student/Downloads/OLED2/OLED2.sdk/PmodOLED2/Debug/PmodOLED2.elf
----------------End of Script----------------

15:56:10 INFO  : Memory regions updated for context MicroBlaze #0
15:56:10 INFO  : Memory regions updated for context MicroBlaze #0
15:56:10 INFO  : Context for processor 'microblaze_0' is selected.
15:56:10 INFO  : 'con' command is executed.
15:56:10 INFO  : ----------------XSDB Script (After Launch)----------------
targets -set -nocase -filter {name =~ "microblaze*#0" && bscan=="USER2"  && jtag_cable_name =~ "Digilent Basys3 210183B819A3A"} -index 0
con
----------------End of Script----------------

15:56:10 INFO  : Launch script is exported to file 'C:\Users\Student\Downloads\OLED2\OLED2.sdk\.sdk\launch_scripts\xilinx_c-c++_application_(system_debugger)\system_debugger_using_debug_pmodoled2.elf_on_local.tcl'
15:59:38 INFO  : Connected to target on host '127.0.0.1' and port '3121'.
15:59:38 INFO  : 'targets -set -filter {jtag_cable_name =~ "Digilent Basys3 210183B819A3A" && level==0} -index 0' command is executed.
15:59:38 INFO  : FPGA configured successfully with bitstream "C:/Users/Student/Downloads/OLED2/OLED2.sdk/OLED2_wrapper_hw_platform_0/download.bit"
15:59:57 INFO  : Disconnected from the channel tcfchan#4.
15:59:58 INFO  : 'targets -set -filter {jtag_cable_name =~ "Digilent Basys3 210183B819A3A" && level==0} -index 0' command is executed.
15:59:58 INFO  : 'fpga -state' command is executed.
15:59:58 INFO  : Connected to target on host '127.0.0.1' and port '3121'.
15:59:58 INFO  : Jtag cable 'Digilent Basys3 210183B819A3A' is selected.
15:59:58 INFO  : 'jtag frequency' command is executed.
15:59:58 INFO  : 'configparams mdm-detect-bscan-mask 2' command is executed.
15:59:58 INFO  : Context for processor 'microblaze_0' is selected.
15:59:59 INFO  : Processor reset is completed for 'microblaze_0'.
15:59:59 INFO  : Context for processor 'microblaze_0' is selected.
15:59:59 INFO  : The application 'C:/Users/Student/Downloads/OLED2/OLED2.sdk/PmodOLED2/Debug/PmodOLED2.elf' is downloaded to processor 'microblaze_0'.
15:59:59 INFO  : ----------------XSDB Script----------------
connect -url tcp:127.0.0.1:3121
configparams mdm-detect-bscan-mask 2
targets -set -nocase -filter {name =~ "microblaze*#0" && bscan=="USER2"  && jtag_cable_name =~ "Digilent Basys3 210183B819A3A"} -index 0
rst -processor
targets -set -nocase -filter {name =~ "microblaze*#0" && bscan=="USER2"  && jtag_cable_name =~ "Digilent Basys3 210183B819A3A"} -index 0
dow C:/Users/Student/Downloads/OLED2/OLED2.sdk/PmodOLED2/Debug/PmodOLED2.elf
----------------End of Script----------------

15:59:59 INFO  : Memory regions updated for context MicroBlaze #0
15:59:59 INFO  : Memory regions updated for context MicroBlaze #0
15:59:59 INFO  : Context for processor 'microblaze_0' is selected.
15:59:59 INFO  : 'con' command is executed.
15:59:59 INFO  : ----------------XSDB Script (After Launch)----------------
targets -set -nocase -filter {name =~ "microblaze*#0" && bscan=="USER2"  && jtag_cable_name =~ "Digilent Basys3 210183B819A3A"} -index 0
con
----------------End of Script----------------

15:59:59 INFO  : Launch script is exported to file 'C:\Users\Student\Downloads\OLED2\OLED2.sdk\.sdk\launch_scripts\xilinx_c-c++_application_(system_debugger)\system_debugger_using_debug_pmodoled2.elf_on_local.tcl'
16:03:10 INFO  : Disconnected from the channel tcfchan#5.
16:03:11 INFO  : 'targets -set -filter {jtag_cable_name =~ "Digilent Basys3 210183B819A3A" && level==0} -index 0' command is executed.
16:03:11 INFO  : 'fpga -state' command is executed.
16:03:11 INFO  : Connected to target on host '127.0.0.1' and port '3121'.
16:03:11 INFO  : Jtag cable 'Digilent Basys3 210183B819A3A' is selected.
16:03:11 INFO  : 'jtag frequency' command is executed.
16:03:11 INFO  : 'configparams mdm-detect-bscan-mask 2' command is executed.
16:03:11 INFO  : Context for processor 'microblaze_0' is selected.
16:03:11 INFO  : Processor reset is completed for 'microblaze_0'.
16:03:11 INFO  : Context for processor 'microblaze_0' is selected.
16:03:12 INFO  : The application 'C:/Users/Student/Downloads/OLED2/OLED2.sdk/PmodOLED2/Debug/PmodOLED2.elf' is downloaded to processor 'microblaze_0'.
16:03:12 INFO  : ----------------XSDB Script----------------
connect -url tcp:127.0.0.1:3121
configparams mdm-detect-bscan-mask 2
targets -set -nocase -filter {name =~ "microblaze*#0" && bscan=="USER2"  && jtag_cable_name =~ "Digilent Basys3 210183B819A3A"} -index 0
rst -processor
targets -set -nocase -filter {name =~ "microblaze*#0" && bscan=="USER2"  && jtag_cable_name =~ "Digilent Basys3 210183B819A3A"} -index 0
dow C:/Users/Student/Downloads/OLED2/OLED2.sdk/PmodOLED2/Debug/PmodOLED2.elf
----------------End of Script----------------

16:03:12 INFO  : Memory regions updated for context MicroBlaze #0
16:03:12 INFO  : Memory regions updated for context MicroBlaze #0
16:03:12 INFO  : Context for processor 'microblaze_0' is selected.
16:03:12 INFO  : 'con' command is executed.
16:03:12 INFO  : ----------------XSDB Script (After Launch)----------------
targets -set -nocase -filter {name =~ "microblaze*#0" && bscan=="USER2"  && jtag_cable_name =~ "Digilent Basys3 210183B819A3A"} -index 0
con
----------------End of Script----------------

16:03:12 INFO  : Launch script is exported to file 'C:\Users\Student\Downloads\OLED2\OLED2.sdk\.sdk\launch_scripts\xilinx_c-c++_application_(system_debugger)\system_debugger_using_debug_pmodoled2.elf_on_local.tcl'
16:05:08 INFO  : Disconnected from the channel tcfchan#6.
16:05:10 INFO  : 'targets -set -filter {jtag_cable_name =~ "Digilent Basys3 210183B819A3A" && level==0} -index 0' command is executed.
16:05:10 INFO  : 'fpga -state' command is executed.
16:05:10 INFO  : Connected to target on host '127.0.0.1' and port '3121'.
16:05:10 INFO  : Jtag cable 'Digilent Basys3 210183B819A3A' is selected.
16:05:10 INFO  : 'jtag frequency' command is executed.
16:05:10 INFO  : 'configparams mdm-detect-bscan-mask 2' command is executed.
16:05:10 INFO  : Context for processor 'microblaze_0' is selected.
16:05:10 INFO  : Processor reset is completed for 'microblaze_0'.
16:05:10 INFO  : Context for processor 'microblaze_0' is selected.
16:05:10 INFO  : The application 'C:/Users/Student/Downloads/OLED2/OLED2.sdk/PmodOLED2/Debug/PmodOLED2.elf' is downloaded to processor 'microblaze_0'.
16:05:10 INFO  : ----------------XSDB Script----------------
connect -url tcp:127.0.0.1:3121
configparams mdm-detect-bscan-mask 2
targets -set -nocase -filter {name =~ "microblaze*#0" && bscan=="USER2"  && jtag_cable_name =~ "Digilent Basys3 210183B819A3A"} -index 0
rst -processor
targets -set -nocase -filter {name =~ "microblaze*#0" && bscan=="USER2"  && jtag_cable_name =~ "Digilent Basys3 210183B819A3A"} -index 0
dow C:/Users/Student/Downloads/OLED2/OLED2.sdk/PmodOLED2/Debug/PmodOLED2.elf
----------------End of Script----------------

16:05:10 INFO  : Memory regions updated for context MicroBlaze #0
16:05:10 INFO  : Memory regions updated for context MicroBlaze #0
16:05:10 INFO  : Context for processor 'microblaze_0' is selected.
16:05:10 INFO  : 'con' command is executed.
16:05:10 INFO  : ----------------XSDB Script (After Launch)----------------
targets -set -nocase -filter {name =~ "microblaze*#0" && bscan=="USER2"  && jtag_cable_name =~ "Digilent Basys3 210183B819A3A"} -index 0
con
----------------End of Script----------------

16:05:10 INFO  : Launch script is exported to file 'C:\Users\Student\Downloads\OLED2\OLED2.sdk\.sdk\launch_scripts\xilinx_c-c++_application_(system_debugger)\system_debugger_using_debug_pmodoled2.elf_on_local.tcl'
16:05:28 INFO  : Connected to target on host '127.0.0.1' and port '3121'.
16:05:28 INFO  : 'targets -set -filter {jtag_cable_name =~ "Digilent Basys3 210183B819A3A" && level==0} -index 0' command is executed.
16:05:29 INFO  : FPGA configured successfully with bitstream "C:/Users/Student/Downloads/OLED2/OLED2.sdk/OLED2_wrapper_hw_platform_0/download.bit"
16:05:35 INFO  : Disconnected from the channel tcfchan#7.
16:05:36 INFO  : 'targets -set -filter {jtag_cable_name =~ "Digilent Basys3 210183B819A3A" && level==0} -index 0' command is executed.
16:05:36 INFO  : 'fpga -state' command is executed.
16:05:36 INFO  : Connected to target on host '127.0.0.1' and port '3121'.
16:05:37 INFO  : Jtag cable 'Digilent Basys3 210183B819A3A' is selected.
16:05:37 INFO  : 'jtag frequency' command is executed.
16:05:37 INFO  : 'configparams mdm-detect-bscan-mask 2' command is executed.
16:05:37 INFO  : Context for processor 'microblaze_0' is selected.
16:05:37 INFO  : Processor reset is completed for 'microblaze_0'.
16:05:37 INFO  : Context for processor 'microblaze_0' is selected.
16:05:37 INFO  : The application 'C:/Users/Student/Downloads/OLED2/OLED2.sdk/PmodOLED2/Debug/PmodOLED2.elf' is downloaded to processor 'microblaze_0'.
16:05:37 INFO  : ----------------XSDB Script----------------
connect -url tcp:127.0.0.1:3121
configparams mdm-detect-bscan-mask 2
targets -set -nocase -filter {name =~ "microblaze*#0" && bscan=="USER2"  && jtag_cable_name =~ "Digilent Basys3 210183B819A3A"} -index 0
rst -processor
targets -set -nocase -filter {name =~ "microblaze*#0" && bscan=="USER2"  && jtag_cable_name =~ "Digilent Basys3 210183B819A3A"} -index 0
dow C:/Users/Student/Downloads/OLED2/OLED2.sdk/PmodOLED2/Debug/PmodOLED2.elf
----------------End of Script----------------

16:05:37 INFO  : Memory regions updated for context MicroBlaze #0
16:05:37 INFO  : Memory regions updated for context MicroBlaze #0
16:05:37 INFO  : Context for processor 'microblaze_0' is selected.
16:05:37 INFO  : 'con' command is executed.
16:05:37 INFO  : ----------------XSDB Script (After Launch)----------------
targets -set -nocase -filter {name =~ "microblaze*#0" && bscan=="USER2"  && jtag_cable_name =~ "Digilent Basys3 210183B819A3A"} -index 0
con
----------------End of Script----------------

16:05:37 INFO  : Launch script is exported to file 'C:\Users\Student\Downloads\OLED2\OLED2.sdk\.sdk\launch_scripts\xilinx_c-c++_application_(system_debugger)\system_debugger_using_debug_pmodoled2.elf_on_local.tcl'
16:05:57 INFO  : Disconnected from the channel tcfchan#8.
16:05:59 INFO  : 'targets -set -filter {jtag_cable_name =~ "Digilent Basys3 210183B819A3A" && level==0} -index 0' command is executed.
16:05:59 INFO  : 'fpga -state' command is executed.
16:05:59 INFO  : Connected to target on host '127.0.0.1' and port '3121'.
16:05:59 INFO  : Jtag cable 'Digilent Basys3 210183B819A3A' is selected.
16:05:59 INFO  : 'jtag frequency' command is executed.
16:05:59 INFO  : 'configparams mdm-detect-bscan-mask 2' command is executed.
16:05:59 INFO  : Context for processor 'microblaze_0' is selected.
16:05:59 INFO  : Processor reset is completed for 'microblaze_0'.
16:05:59 INFO  : Context for processor 'microblaze_0' is selected.
16:05:59 INFO  : The application 'C:/Users/Student/Downloads/OLED2/OLED2.sdk/PmodOLED2/Debug/PmodOLED2.elf' is downloaded to processor 'microblaze_0'.
16:05:59 INFO  : ----------------XSDB Script----------------
connect -url tcp:127.0.0.1:3121
configparams mdm-detect-bscan-mask 2
targets -set -nocase -filter {name =~ "microblaze*#0" && bscan=="USER2"  && jtag_cable_name =~ "Digilent Basys3 210183B819A3A"} -index 0
rst -processor
targets -set -nocase -filter {name =~ "microblaze*#0" && bscan=="USER2"  && jtag_cable_name =~ "Digilent Basys3 210183B819A3A"} -index 0
dow C:/Users/Student/Downloads/OLED2/OLED2.sdk/PmodOLED2/Debug/PmodOLED2.elf
----------------End of Script----------------

16:05:59 INFO  : Memory regions updated for context MicroBlaze #0
16:05:59 INFO  : Memory regions updated for context MicroBlaze #0
16:05:59 INFO  : Context for processor 'microblaze_0' is selected.
16:06:00 INFO  : 'con' command is executed.
16:06:00 INFO  : ----------------XSDB Script (After Launch)----------------
targets -set -nocase -filter {name =~ "microblaze*#0" && bscan=="USER2"  && jtag_cable_name =~ "Digilent Basys3 210183B819A3A"} -index 0
con
----------------End of Script----------------

16:06:00 INFO  : Launch script is exported to file 'C:\Users\Student\Downloads\OLED2\OLED2.sdk\.sdk\launch_scripts\xilinx_c-c++_application_(system_debugger)\system_debugger_using_debug_pmodoled2.elf_on_local.tcl'
16:09:38 INFO  : Disconnected from the channel tcfchan#9.
20:54:21 INFO  : Registering command handlers for SDK TCF services
20:54:21 INFO  : Launching XSCT server: xsct.bat -interactive C:\Users\Leo\Desktop\Engineering\capstone\capstone\OLED2\OLED2.sdk\temp_xsdb_launch_script.tcl
20:54:23 INFO  : XSCT server has started successfully.
20:54:23 INFO  : Successfully done setting XSCT server connection channel  
20:54:23 INFO  : Successfully done setting SDK workspace  
20:54:23 INFO  : Processing command line option -hwspec C:/Users/Leo/Desktop/Engineering/capstone/capstone/OLED2/OLED2.sdk/OLED2_wrapper.hdf.
20:55:23 INFO  : Registering command handlers for SDK TCF services
20:55:23 INFO  : Launching XSCT server: xsct.bat -interactive C:\Users\Leo\Desktop\Engineering\capstone\capstone\OLED2\OLED2.sdk\temp_xsdb_launch_script.tcl
20:55:25 INFO  : XSCT server has started successfully.
20:55:25 INFO  : Successfully done setting XSCT server connection channel  
20:55:25 INFO  : Successfully done setting SDK workspace  
20:55:25 INFO  : Processing command line option -hwspec C:/Users/Leo/Desktop/Engineering/capstone/capstone/OLED2/OLED2.sdk/OLED2_wrapper.hdf.
20:55:25 INFO  : Checking for hwspec changes in the project OLED2_wrapper_hw_platform_0.
21:02:18 INFO  : Connected to target on host '127.0.0.1' and port '3121'.
21:02:20 INFO  : 'targets -set -filter {jtag_cable_name =~ "Digilent Basys3 210183B819A3A" && level==0} -index 0' command is executed.
21:02:21 INFO  : FPGA configured successfully with bitstream "C:/Users/Leo/Desktop/Engineering/capstone/capstone/OLED2/OLED2.sdk/OLED2_wrapper_hw_platform_0/download.bit"
21:02:30 INFO  : 'targets -set -filter {jtag_cable_name =~ "Digilent Basys3 210183B819A3A" && level==0} -index 0' command is executed.
21:02:30 INFO  : 'fpga -state' command is executed.
21:02:30 INFO  : Connected to target on host '127.0.0.1' and port '3121'.
21:02:30 INFO  : Jtag cable 'Digilent Basys3 210183B819A3A' is selected.
21:02:30 INFO  : 'jtag frequency' command is executed.
21:02:30 INFO  : 'configparams mdm-detect-bscan-mask 2' command is executed.
21:02:30 INFO  : Context for processor 'microblaze_0' is selected.
21:02:30 INFO  : Processor reset is completed for 'microblaze_0'.
21:02:30 INFO  : Context for processor 'microblaze_0' is selected.
21:02:30 INFO  : The application 'C:/Users/Leo/Desktop/Engineering/capstone/capstone/OLED2/OLED2.sdk/PmodOLED2/Debug/PmodOLED2.elf' is downloaded to processor 'microblaze_0'.
21:02:30 INFO  : ----------------XSDB Script----------------
connect -url tcp:127.0.0.1:3121
configparams mdm-detect-bscan-mask 2
targets -set -nocase -filter {name =~ "microblaze*#0" && bscan=="USER2"  && jtag_cable_name =~ "Digilent Basys3 210183B819A3A"} -index 0
rst -processor
targets -set -nocase -filter {name =~ "microblaze*#0" && bscan=="USER2"  && jtag_cable_name =~ "Digilent Basys3 210183B819A3A"} -index 0
dow C:/Users/Leo/Desktop/Engineering/capstone/capstone/OLED2/OLED2.sdk/PmodOLED2/Debug/PmodOLED2.elf
----------------End of Script----------------

21:02:30 INFO  : Memory regions updated for context MicroBlaze #0
21:02:30 INFO  : Memory regions updated for context MicroBlaze #0
21:02:30 INFO  : Context for processor 'microblaze_0' is selected.
21:02:30 INFO  : 'con' command is executed.
21:02:30 INFO  : ----------------XSDB Script (After Launch)----------------
targets -set -nocase -filter {name =~ "microblaze*#0" && bscan=="USER2"  && jtag_cable_name =~ "Digilent Basys3 210183B819A3A"} -index 0
con
----------------End of Script----------------

21:02:30 INFO  : Launch script is exported to file 'C:\Users\Leo\Desktop\Engineering\capstone\capstone\OLED2\OLED2.sdk\.sdk\launch_scripts\xilinx_c-c++_application_(system_debugger)\system_debugger_using_debug_pmodoled2.elf_on_local.tcl'
21:05:10 INFO  : Disconnected from the channel tcfchan#1.
21:05:11 INFO  : 'targets -set -filter {jtag_cable_name =~ "Digilent Basys3 210183B819A3A" && level==0} -index 0' command is executed.
21:05:11 INFO  : 'fpga -state' command is executed.
21:05:11 INFO  : Connected to target on host '127.0.0.1' and port '3121'.
21:05:11 INFO  : Jtag cable 'Digilent Basys3 210183B819A3A' is selected.
21:05:11 INFO  : 'jtag frequency' command is executed.
21:05:11 INFO  : 'configparams mdm-detect-bscan-mask 2' command is executed.
21:05:11 INFO  : Context for processor 'microblaze_0' is selected.
21:05:11 INFO  : Processor reset is completed for 'microblaze_0'.
21:05:11 INFO  : Context for processor 'microblaze_0' is selected.
21:05:11 INFO  : The application 'C:/Users/Leo/Desktop/Engineering/capstone/capstone/OLED2/OLED2.sdk/PmodOLED2/Debug/PmodOLED2.elf' is downloaded to processor 'microblaze_0'.
21:05:11 INFO  : ----------------XSDB Script----------------
connect -url tcp:127.0.0.1:3121
configparams mdm-detect-bscan-mask 2
targets -set -nocase -filter {name =~ "microblaze*#0" && bscan=="USER2"  && jtag_cable_name =~ "Digilent Basys3 210183B819A3A"} -index 0
rst -processor
targets -set -nocase -filter {name =~ "microblaze*#0" && bscan=="USER2"  && jtag_cable_name =~ "Digilent Basys3 210183B819A3A"} -index 0
dow C:/Users/Leo/Desktop/Engineering/capstone/capstone/OLED2/OLED2.sdk/PmodOLED2/Debug/PmodOLED2.elf
----------------End of Script----------------

21:05:11 INFO  : Memory regions updated for context MicroBlaze #0
21:05:11 INFO  : Memory regions updated for context MicroBlaze #0
21:05:11 INFO  : Context for processor 'microblaze_0' is selected.
21:05:11 INFO  : 'con' command is executed.
21:05:11 INFO  : ----------------XSDB Script (After Launch)----------------
targets -set -nocase -filter {name =~ "microblaze*#0" && bscan=="USER2"  && jtag_cable_name =~ "Digilent Basys3 210183B819A3A"} -index 0
con
----------------End of Script----------------

21:05:11 INFO  : Launch script is exported to file 'C:\Users\Leo\Desktop\Engineering\capstone\capstone\OLED2\OLED2.sdk\.sdk\launch_scripts\xilinx_c-c++_application_(system_debugger)\system_debugger_using_debug_pmodoled2.elf_on_local.tcl'
21:10:00 INFO  : Disconnected from the channel tcfchan#2.
21:10:02 INFO  : 'targets -set -filter {jtag_cable_name =~ "Digilent Basys3 210183B819A3A" && level==0} -index 0' command is executed.
21:10:02 INFO  : 'fpga -state' command is executed.
21:10:02 INFO  : Connected to target on host '127.0.0.1' and port '3121'.
21:10:02 INFO  : Jtag cable 'Digilent Basys3 210183B819A3A' is selected.
21:10:02 INFO  : 'jtag frequency' command is executed.
21:10:02 INFO  : 'configparams mdm-detect-bscan-mask 2' command is executed.
21:10:02 INFO  : Context for processor 'microblaze_0' is selected.
21:10:02 INFO  : Processor reset is completed for 'microblaze_0'.
21:10:02 INFO  : Context for processor 'microblaze_0' is selected.
21:10:02 INFO  : The application 'C:/Users/Leo/Desktop/Engineering/capstone/capstone/OLED2/OLED2.sdk/PmodOLED2/Debug/PmodOLED2.elf' is downloaded to processor 'microblaze_0'.
21:10:02 INFO  : ----------------XSDB Script----------------
connect -url tcp:127.0.0.1:3121
configparams mdm-detect-bscan-mask 2
targets -set -nocase -filter {name =~ "microblaze*#0" && bscan=="USER2"  && jtag_cable_name =~ "Digilent Basys3 210183B819A3A"} -index 0
rst -processor
targets -set -nocase -filter {name =~ "microblaze*#0" && bscan=="USER2"  && jtag_cable_name =~ "Digilent Basys3 210183B819A3A"} -index 0
dow C:/Users/Leo/Desktop/Engineering/capstone/capstone/OLED2/OLED2.sdk/PmodOLED2/Debug/PmodOLED2.elf
----------------End of Script----------------

21:10:02 INFO  : Memory regions updated for context MicroBlaze #0
21:10:02 INFO  : Memory regions updated for context MicroBlaze #0
21:10:02 INFO  : Context for processor 'microblaze_0' is selected.
21:10:02 INFO  : 'con' command is executed.
21:10:02 INFO  : ----------------XSDB Script (After Launch)----------------
targets -set -nocase -filter {name =~ "microblaze*#0" && bscan=="USER2"  && jtag_cable_name =~ "Digilent Basys3 210183B819A3A"} -index 0
con
----------------End of Script----------------

21:10:02 INFO  : Launch script is exported to file 'C:\Users\Leo\Desktop\Engineering\capstone\capstone\OLED2\OLED2.sdk\.sdk\launch_scripts\xilinx_c-c++_application_(system_debugger)\system_debugger_using_debug_pmodoled2.elf_on_local.tcl'
21:11:12 INFO  : Disconnected from the channel tcfchan#3.
21:11:13 INFO  : 'targets -set -filter {jtag_cable_name =~ "Digilent Basys3 210183B819A3A" && level==0} -index 0' command is executed.
21:11:13 INFO  : 'fpga -state' command is executed.
21:11:13 INFO  : Connected to target on host '127.0.0.1' and port '3121'.
21:11:13 INFO  : Jtag cable 'Digilent Basys3 210183B819A3A' is selected.
21:11:13 INFO  : 'jtag frequency' command is executed.
21:11:13 INFO  : 'configparams mdm-detect-bscan-mask 2' command is executed.
21:11:13 INFO  : Context for processor 'microblaze_0' is selected.
21:11:13 INFO  : Processor reset is completed for 'microblaze_0'.
21:11:13 INFO  : Context for processor 'microblaze_0' is selected.
21:11:13 INFO  : The application 'C:/Users/Leo/Desktop/Engineering/capstone/capstone/OLED2/OLED2.sdk/PmodOLED2/Debug/PmodOLED2.elf' is downloaded to processor 'microblaze_0'.
21:11:13 INFO  : ----------------XSDB Script----------------
connect -url tcp:127.0.0.1:3121
configparams mdm-detect-bscan-mask 2
targets -set -nocase -filter {name =~ "microblaze*#0" && bscan=="USER2"  && jtag_cable_name =~ "Digilent Basys3 210183B819A3A"} -index 0
rst -processor
targets -set -nocase -filter {name =~ "microblaze*#0" && bscan=="USER2"  && jtag_cable_name =~ "Digilent Basys3 210183B819A3A"} -index 0
dow C:/Users/Leo/Desktop/Engineering/capstone/capstone/OLED2/OLED2.sdk/PmodOLED2/Debug/PmodOLED2.elf
----------------End of Script----------------

21:11:13 INFO  : Memory regions updated for context MicroBlaze #0
21:11:13 INFO  : Memory regions updated for context MicroBlaze #0
21:11:13 INFO  : Context for processor 'microblaze_0' is selected.
21:11:13 INFO  : 'con' command is executed.
21:11:13 INFO  : ----------------XSDB Script (After Launch)----------------
targets -set -nocase -filter {name =~ "microblaze*#0" && bscan=="USER2"  && jtag_cable_name =~ "Digilent Basys3 210183B819A3A"} -index 0
con
----------------End of Script----------------

21:11:13 INFO  : Launch script is exported to file 'C:\Users\Leo\Desktop\Engineering\capstone\capstone\OLED2\OLED2.sdk\.sdk\launch_scripts\xilinx_c-c++_application_(system_debugger)\system_debugger_using_debug_pmodoled2.elf_on_local.tcl'
21:12:05 INFO  : Disconnected from the channel tcfchan#4.
21:12:06 INFO  : 'targets -set -filter {jtag_cable_name =~ "Digilent Basys3 210183B819A3A" && level==0} -index 0' command is executed.
21:12:06 INFO  : 'fpga -state' command is executed.
21:12:06 INFO  : Connected to target on host '127.0.0.1' and port '3121'.
21:12:06 INFO  : Jtag cable 'Digilent Basys3 210183B819A3A' is selected.
21:12:06 INFO  : 'jtag frequency' command is executed.
21:12:06 INFO  : 'configparams mdm-detect-bscan-mask 2' command is executed.
21:12:06 INFO  : Context for processor 'microblaze_0' is selected.
21:12:06 INFO  : Processor reset is completed for 'microblaze_0'.
21:12:06 INFO  : Context for processor 'microblaze_0' is selected.
21:12:06 INFO  : The application 'C:/Users/Leo/Desktop/Engineering/capstone/capstone/OLED2/OLED2.sdk/PmodOLED2/Debug/PmodOLED2.elf' is downloaded to processor 'microblaze_0'.
21:12:06 INFO  : ----------------XSDB Script----------------
connect -url tcp:127.0.0.1:3121
configparams mdm-detect-bscan-mask 2
targets -set -nocase -filter {name =~ "microblaze*#0" && bscan=="USER2"  && jtag_cable_name =~ "Digilent Basys3 210183B819A3A"} -index 0
rst -processor
targets -set -nocase -filter {name =~ "microblaze*#0" && bscan=="USER2"  && jtag_cable_name =~ "Digilent Basys3 210183B819A3A"} -index 0
dow C:/Users/Leo/Desktop/Engineering/capstone/capstone/OLED2/OLED2.sdk/PmodOLED2/Debug/PmodOLED2.elf
----------------End of Script----------------

21:12:06 INFO  : Memory regions updated for context MicroBlaze #0
21:12:06 INFO  : Memory regions updated for context MicroBlaze #0
21:12:06 INFO  : Context for processor 'microblaze_0' is selected.
21:12:06 INFO  : 'con' command is executed.
21:12:06 INFO  : ----------------XSDB Script (After Launch)----------------
targets -set -nocase -filter {name =~ "microblaze*#0" && bscan=="USER2"  && jtag_cable_name =~ "Digilent Basys3 210183B819A3A"} -index 0
con
----------------End of Script----------------

21:12:06 INFO  : Launch script is exported to file 'C:\Users\Leo\Desktop\Engineering\capstone\capstone\OLED2\OLED2.sdk\.sdk\launch_scripts\xilinx_c-c++_application_(system_debugger)\system_debugger_using_debug_pmodoled2.elf_on_local.tcl'
21:16:09 INFO  : Disconnected from the channel tcfchan#5.
21:16:10 INFO  : 'targets -set -filter {jtag_cable_name =~ "Digilent Basys3 210183B819A3A" && level==0} -index 0' command is executed.
21:16:10 INFO  : 'fpga -state' command is executed.
21:16:10 INFO  : Connected to target on host '127.0.0.1' and port '3121'.
21:16:10 INFO  : Jtag cable 'Digilent Basys3 210183B819A3A' is selected.
21:16:10 INFO  : 'jtag frequency' command is executed.
21:16:10 INFO  : 'configparams mdm-detect-bscan-mask 2' command is executed.
21:16:10 INFO  : Context for processor 'microblaze_0' is selected.
21:16:10 INFO  : Processor reset is completed for 'microblaze_0'.
21:16:10 INFO  : Context for processor 'microblaze_0' is selected.
21:16:10 INFO  : The application 'C:/Users/Leo/Desktop/Engineering/capstone/capstone/OLED2/OLED2.sdk/PmodOLED2/Debug/PmodOLED2.elf' is downloaded to processor 'microblaze_0'.
21:16:10 INFO  : ----------------XSDB Script----------------
connect -url tcp:127.0.0.1:3121
configparams mdm-detect-bscan-mask 2
targets -set -nocase -filter {name =~ "microblaze*#0" && bscan=="USER2"  && jtag_cable_name =~ "Digilent Basys3 210183B819A3A"} -index 0
rst -processor
targets -set -nocase -filter {name =~ "microblaze*#0" && bscan=="USER2"  && jtag_cable_name =~ "Digilent Basys3 210183B819A3A"} -index 0
dow C:/Users/Leo/Desktop/Engineering/capstone/capstone/OLED2/OLED2.sdk/PmodOLED2/Debug/PmodOLED2.elf
----------------End of Script----------------

21:16:10 INFO  : Memory regions updated for context MicroBlaze #0
21:16:10 INFO  : Memory regions updated for context MicroBlaze #0
21:16:10 INFO  : Context for processor 'microblaze_0' is selected.
21:16:10 INFO  : 'con' command is executed.
21:16:10 INFO  : ----------------XSDB Script (After Launch)----------------
targets -set -nocase -filter {name =~ "microblaze*#0" && bscan=="USER2"  && jtag_cable_name =~ "Digilent Basys3 210183B819A3A"} -index 0
con
----------------End of Script----------------

21:16:10 INFO  : Launch script is exported to file 'C:\Users\Leo\Desktop\Engineering\capstone\capstone\OLED2\OLED2.sdk\.sdk\launch_scripts\xilinx_c-c++_application_(system_debugger)\system_debugger_using_debug_pmodoled2.elf_on_local.tcl'
21:18:38 INFO  : Disconnected from the channel tcfchan#6.
21:18:39 INFO  : 'targets -set -filter {jtag_cable_name =~ "Digilent Basys3 210183B819A3A" && level==0} -index 0' command is executed.
21:18:39 INFO  : 'fpga -state' command is executed.
21:18:39 INFO  : Connected to target on host '127.0.0.1' and port '3121'.
21:18:39 INFO  : Jtag cable 'Digilent Basys3 210183B819A3A' is selected.
21:18:39 INFO  : 'jtag frequency' command is executed.
21:18:39 INFO  : 'configparams mdm-detect-bscan-mask 2' command is executed.
21:18:39 INFO  : Context for processor 'microblaze_0' is selected.
21:18:39 INFO  : Processor reset is completed for 'microblaze_0'.
21:18:39 INFO  : Context for processor 'microblaze_0' is selected.
21:18:39 INFO  : The application 'C:/Users/Leo/Desktop/Engineering/capstone/capstone/OLED2/OLED2.sdk/PmodOLED2/Debug/PmodOLED2.elf' is downloaded to processor 'microblaze_0'.
21:18:39 INFO  : ----------------XSDB Script----------------
connect -url tcp:127.0.0.1:3121
configparams mdm-detect-bscan-mask 2
targets -set -nocase -filter {name =~ "microblaze*#0" && bscan=="USER2"  && jtag_cable_name =~ "Digilent Basys3 210183B819A3A"} -index 0
rst -processor
targets -set -nocase -filter {name =~ "microblaze*#0" && bscan=="USER2"  && jtag_cable_name =~ "Digilent Basys3 210183B819A3A"} -index 0
dow C:/Users/Leo/Desktop/Engineering/capstone/capstone/OLED2/OLED2.sdk/PmodOLED2/Debug/PmodOLED2.elf
----------------End of Script----------------

21:18:39 INFO  : Memory regions updated for context MicroBlaze #0
21:18:39 INFO  : Memory regions updated for context MicroBlaze #0
21:18:39 INFO  : Context for processor 'microblaze_0' is selected.
21:18:39 INFO  : 'con' command is executed.
21:18:39 INFO  : ----------------XSDB Script (After Launch)----------------
targets -set -nocase -filter {name =~ "microblaze*#0" && bscan=="USER2"  && jtag_cable_name =~ "Digilent Basys3 210183B819A3A"} -index 0
con
----------------End of Script----------------

21:18:39 INFO  : Launch script is exported to file 'C:\Users\Leo\Desktop\Engineering\capstone\capstone\OLED2\OLED2.sdk\.sdk\launch_scripts\xilinx_c-c++_application_(system_debugger)\system_debugger_using_debug_pmodoled2.elf_on_local.tcl'
21:20:23 INFO  : Disconnected from the channel tcfchan#7.
21:20:24 INFO  : 'targets -set -filter {jtag_cable_name =~ "Digilent Basys3 210183B819A3A" && level==0} -index 0' command is executed.
21:20:24 INFO  : 'fpga -state' command is executed.
21:20:24 INFO  : Connected to target on host '127.0.0.1' and port '3121'.
21:20:24 INFO  : Jtag cable 'Digilent Basys3 210183B819A3A' is selected.
21:20:24 INFO  : 'jtag frequency' command is executed.
21:20:24 INFO  : 'configparams mdm-detect-bscan-mask 2' command is executed.
21:20:24 INFO  : Context for processor 'microblaze_0' is selected.
21:20:24 INFO  : Processor reset is completed for 'microblaze_0'.
21:20:24 INFO  : Context for processor 'microblaze_0' is selected.
21:20:24 INFO  : The application 'C:/Users/Leo/Desktop/Engineering/capstone/capstone/OLED2/OLED2.sdk/PmodOLED2/Debug/PmodOLED2.elf' is downloaded to processor 'microblaze_0'.
21:20:24 INFO  : ----------------XSDB Script----------------
connect -url tcp:127.0.0.1:3121
configparams mdm-detect-bscan-mask 2
targets -set -nocase -filter {name =~ "microblaze*#0" && bscan=="USER2"  && jtag_cable_name =~ "Digilent Basys3 210183B819A3A"} -index 0
rst -processor
targets -set -nocase -filter {name =~ "microblaze*#0" && bscan=="USER2"  && jtag_cable_name =~ "Digilent Basys3 210183B819A3A"} -index 0
dow C:/Users/Leo/Desktop/Engineering/capstone/capstone/OLED2/OLED2.sdk/PmodOLED2/Debug/PmodOLED2.elf
----------------End of Script----------------

21:20:24 INFO  : Memory regions updated for context MicroBlaze #0
21:20:24 INFO  : Memory regions updated for context MicroBlaze #0
21:20:24 INFO  : Context for processor 'microblaze_0' is selected.
21:20:24 INFO  : 'con' command is executed.
21:20:24 INFO  : ----------------XSDB Script (After Launch)----------------
targets -set -nocase -filter {name =~ "microblaze*#0" && bscan=="USER2"  && jtag_cable_name =~ "Digilent Basys3 210183B819A3A"} -index 0
con
----------------End of Script----------------

21:20:24 INFO  : Launch script is exported to file 'C:\Users\Leo\Desktop\Engineering\capstone\capstone\OLED2\OLED2.sdk\.sdk\launch_scripts\xilinx_c-c++_application_(system_debugger)\system_debugger_using_debug_pmodoled2.elf_on_local.tcl'
21:21:29 INFO  : Disconnected from the channel tcfchan#8.
21:21:30 INFO  : 'targets -set -filter {jtag_cable_name =~ "Digilent Basys3 210183B819A3A" && level==0} -index 0' command is executed.
21:21:30 INFO  : 'fpga -state' command is executed.
21:21:30 INFO  : Connected to target on host '127.0.0.1' and port '3121'.
21:21:30 INFO  : Jtag cable 'Digilent Basys3 210183B819A3A' is selected.
21:21:30 INFO  : 'jtag frequency' command is executed.
21:21:30 INFO  : 'configparams mdm-detect-bscan-mask 2' command is executed.
21:21:30 INFO  : Context for processor 'microblaze_0' is selected.
21:21:30 INFO  : Processor reset is completed for 'microblaze_0'.
21:21:30 INFO  : Context for processor 'microblaze_0' is selected.
21:21:30 INFO  : The application 'C:/Users/Leo/Desktop/Engineering/capstone/capstone/OLED2/OLED2.sdk/PmodOLED2/Debug/PmodOLED2.elf' is downloaded to processor 'microblaze_0'.
21:21:30 INFO  : ----------------XSDB Script----------------
connect -url tcp:127.0.0.1:3121
configparams mdm-detect-bscan-mask 2
targets -set -nocase -filter {name =~ "microblaze*#0" && bscan=="USER2"  && jtag_cable_name =~ "Digilent Basys3 210183B819A3A"} -index 0
rst -processor
targets -set -nocase -filter {name =~ "microblaze*#0" && bscan=="USER2"  && jtag_cable_name =~ "Digilent Basys3 210183B819A3A"} -index 0
dow C:/Users/Leo/Desktop/Engineering/capstone/capstone/OLED2/OLED2.sdk/PmodOLED2/Debug/PmodOLED2.elf
----------------End of Script----------------

21:21:30 INFO  : Memory regions updated for context MicroBlaze #0
21:21:30 INFO  : Memory regions updated for context MicroBlaze #0
21:21:30 INFO  : Context for processor 'microblaze_0' is selected.
21:21:30 INFO  : 'con' command is executed.
21:21:30 INFO  : ----------------XSDB Script (After Launch)----------------
targets -set -nocase -filter {name =~ "microblaze*#0" && bscan=="USER2"  && jtag_cable_name =~ "Digilent Basys3 210183B819A3A"} -index 0
con
----------------End of Script----------------

21:21:30 INFO  : Launch script is exported to file 'C:\Users\Leo\Desktop\Engineering\capstone\capstone\OLED2\OLED2.sdk\.sdk\launch_scripts\xilinx_c-c++_application_(system_debugger)\system_debugger_using_debug_pmodoled2.elf_on_local.tcl'
21:24:23 INFO  : Disconnected from the channel tcfchan#9.
21:24:24 INFO  : 'targets -set -filter {jtag_cable_name =~ "Digilent Basys3 210183B819A3A" && level==0} -index 0' command is executed.
21:24:24 INFO  : 'fpga -state' command is executed.
21:24:24 INFO  : Connected to target on host '127.0.0.1' and port '3121'.
21:24:24 INFO  : Jtag cable 'Digilent Basys3 210183B819A3A' is selected.
21:24:24 INFO  : 'jtag frequency' command is executed.
21:24:24 INFO  : 'configparams mdm-detect-bscan-mask 2' command is executed.
21:24:24 INFO  : Context for processor 'microblaze_0' is selected.
21:24:24 INFO  : Processor reset is completed for 'microblaze_0'.
21:24:24 INFO  : Context for processor 'microblaze_0' is selected.
21:24:24 INFO  : The application 'C:/Users/Leo/Desktop/Engineering/capstone/capstone/OLED2/OLED2.sdk/PmodOLED2/Debug/PmodOLED2.elf' is downloaded to processor 'microblaze_0'.
21:24:24 INFO  : ----------------XSDB Script----------------
connect -url tcp:127.0.0.1:3121
configparams mdm-detect-bscan-mask 2
targets -set -nocase -filter {name =~ "microblaze*#0" && bscan=="USER2"  && jtag_cable_name =~ "Digilent Basys3 210183B819A3A"} -index 0
rst -processor
targets -set -nocase -filter {name =~ "microblaze*#0" && bscan=="USER2"  && jtag_cable_name =~ "Digilent Basys3 210183B819A3A"} -index 0
dow C:/Users/Leo/Desktop/Engineering/capstone/capstone/OLED2/OLED2.sdk/PmodOLED2/Debug/PmodOLED2.elf
----------------End of Script----------------

21:24:24 INFO  : Memory regions updated for context MicroBlaze #0
21:24:24 INFO  : Memory regions updated for context MicroBlaze #0
21:24:24 INFO  : Context for processor 'microblaze_0' is selected.
21:24:24 INFO  : 'con' command is executed.
21:24:24 INFO  : ----------------XSDB Script (After Launch)----------------
targets -set -nocase -filter {name =~ "microblaze*#0" && bscan=="USER2"  && jtag_cable_name =~ "Digilent Basys3 210183B819A3A"} -index 0
con
----------------End of Script----------------

21:24:24 INFO  : Launch script is exported to file 'C:\Users\Leo\Desktop\Engineering\capstone\capstone\OLED2\OLED2.sdk\.sdk\launch_scripts\xilinx_c-c++_application_(system_debugger)\system_debugger_using_debug_pmodoled2.elf_on_local.tcl'
21:28:37 INFO  : Disconnected from the channel tcfchan#10.
21:28:38 INFO  : 'targets -set -filter {jtag_cable_name =~ "Digilent Basys3 210183B819A3A" && level==0} -index 0' command is executed.
21:28:38 INFO  : 'fpga -state' command is executed.
21:28:38 INFO  : Connected to target on host '127.0.0.1' and port '3121'.
21:28:38 INFO  : Jtag cable 'Digilent Basys3 210183B819A3A' is selected.
21:28:38 INFO  : 'jtag frequency' command is executed.
21:28:38 INFO  : 'configparams mdm-detect-bscan-mask 2' command is executed.
21:28:38 INFO  : Context for processor 'microblaze_0' is selected.
21:28:38 INFO  : Processor reset is completed for 'microblaze_0'.
21:28:38 INFO  : Context for processor 'microblaze_0' is selected.
21:28:38 INFO  : The application 'C:/Users/Leo/Desktop/Engineering/capstone/capstone/OLED2/OLED2.sdk/PmodOLED2/Debug/PmodOLED2.elf' is downloaded to processor 'microblaze_0'.
21:28:38 INFO  : ----------------XSDB Script----------------
connect -url tcp:127.0.0.1:3121
configparams mdm-detect-bscan-mask 2
targets -set -nocase -filter {name =~ "microblaze*#0" && bscan=="USER2"  && jtag_cable_name =~ "Digilent Basys3 210183B819A3A"} -index 0
rst -processor
targets -set -nocase -filter {name =~ "microblaze*#0" && bscan=="USER2"  && jtag_cable_name =~ "Digilent Basys3 210183B819A3A"} -index 0
dow C:/Users/Leo/Desktop/Engineering/capstone/capstone/OLED2/OLED2.sdk/PmodOLED2/Debug/PmodOLED2.elf
----------------End of Script----------------

21:28:38 INFO  : Memory regions updated for context MicroBlaze #0
21:28:38 INFO  : Memory regions updated for context MicroBlaze #0
21:28:38 INFO  : Context for processor 'microblaze_0' is selected.
21:28:38 INFO  : 'con' command is executed.
21:28:38 INFO  : ----------------XSDB Script (After Launch)----------------
targets -set -nocase -filter {name =~ "microblaze*#0" && bscan=="USER2"  && jtag_cable_name =~ "Digilent Basys3 210183B819A3A"} -index 0
con
----------------End of Script----------------

21:28:38 INFO  : Launch script is exported to file 'C:\Users\Leo\Desktop\Engineering\capstone\capstone\OLED2\OLED2.sdk\.sdk\launch_scripts\xilinx_c-c++_application_(system_debugger)\system_debugger_using_debug_pmodoled2.elf_on_local.tcl'
21:30:54 INFO  : Disconnected from the channel tcfchan#11.
21:30:55 INFO  : 'targets -set -filter {jtag_cable_name =~ "Digilent Basys3 210183B819A3A" && level==0} -index 0' command is executed.
21:30:55 INFO  : 'fpga -state' command is executed.
21:30:55 INFO  : Connected to target on host '127.0.0.1' and port '3121'.
21:30:55 INFO  : Jtag cable 'Digilent Basys3 210183B819A3A' is selected.
21:30:55 INFO  : 'jtag frequency' command is executed.
21:30:55 INFO  : 'configparams mdm-detect-bscan-mask 2' command is executed.
21:30:55 INFO  : Context for processor 'microblaze_0' is selected.
21:30:55 INFO  : Processor reset is completed for 'microblaze_0'.
21:30:55 INFO  : Context for processor 'microblaze_0' is selected.
21:30:55 INFO  : The application 'C:/Users/Leo/Desktop/Engineering/capstone/capstone/OLED2/OLED2.sdk/PmodOLED2/Debug/PmodOLED2.elf' is downloaded to processor 'microblaze_0'.
21:30:55 INFO  : ----------------XSDB Script----------------
connect -url tcp:127.0.0.1:3121
configparams mdm-detect-bscan-mask 2
targets -set -nocase -filter {name =~ "microblaze*#0" && bscan=="USER2"  && jtag_cable_name =~ "Digilent Basys3 210183B819A3A"} -index 0
rst -processor
targets -set -nocase -filter {name =~ "microblaze*#0" && bscan=="USER2"  && jtag_cable_name =~ "Digilent Basys3 210183B819A3A"} -index 0
dow C:/Users/Leo/Desktop/Engineering/capstone/capstone/OLED2/OLED2.sdk/PmodOLED2/Debug/PmodOLED2.elf
----------------End of Script----------------

21:30:55 INFO  : Memory regions updated for context MicroBlaze #0
21:30:55 INFO  : Memory regions updated for context MicroBlaze #0
21:30:55 INFO  : Context for processor 'microblaze_0' is selected.
21:30:55 INFO  : 'con' command is executed.
21:30:55 INFO  : ----------------XSDB Script (After Launch)----------------
targets -set -nocase -filter {name =~ "microblaze*#0" && bscan=="USER2"  && jtag_cable_name =~ "Digilent Basys3 210183B819A3A"} -index 0
con
----------------End of Script----------------

21:30:55 INFO  : Launch script is exported to file 'C:\Users\Leo\Desktop\Engineering\capstone\capstone\OLED2\OLED2.sdk\.sdk\launch_scripts\xilinx_c-c++_application_(system_debugger)\system_debugger_using_debug_pmodoled2.elf_on_local.tcl'
21:31:28 INFO  : Disconnected from the channel tcfchan#12.
21:31:29 INFO  : 'targets -set -filter {jtag_cable_name =~ "Digilent Basys3 210183B819A3A" && level==0} -index 0' command is executed.
21:31:29 INFO  : 'fpga -state' command is executed.
21:31:29 INFO  : Connected to target on host '127.0.0.1' and port '3121'.
21:31:29 INFO  : Jtag cable 'Digilent Basys3 210183B819A3A' is selected.
21:31:29 INFO  : 'jtag frequency' command is executed.
21:31:29 INFO  : 'configparams mdm-detect-bscan-mask 2' command is executed.
21:31:29 INFO  : Context for processor 'microblaze_0' is selected.
21:31:29 INFO  : Processor reset is completed for 'microblaze_0'.
21:31:29 INFO  : Context for processor 'microblaze_0' is selected.
21:31:29 INFO  : The application 'C:/Users/Leo/Desktop/Engineering/capstone/capstone/OLED2/OLED2.sdk/PmodOLED2/Debug/PmodOLED2.elf' is downloaded to processor 'microblaze_0'.
21:31:29 INFO  : ----------------XSDB Script----------------
connect -url tcp:127.0.0.1:3121
configparams mdm-detect-bscan-mask 2
targets -set -nocase -filter {name =~ "microblaze*#0" && bscan=="USER2"  && jtag_cable_name =~ "Digilent Basys3 210183B819A3A"} -index 0
rst -processor
targets -set -nocase -filter {name =~ "microblaze*#0" && bscan=="USER2"  && jtag_cable_name =~ "Digilent Basys3 210183B819A3A"} -index 0
dow C:/Users/Leo/Desktop/Engineering/capstone/capstone/OLED2/OLED2.sdk/PmodOLED2/Debug/PmodOLED2.elf
----------------End of Script----------------

21:31:29 INFO  : Memory regions updated for context MicroBlaze #0
21:31:29 INFO  : Memory regions updated for context MicroBlaze #0
21:31:29 INFO  : Context for processor 'microblaze_0' is selected.
21:31:29 INFO  : 'con' command is executed.
21:31:29 INFO  : ----------------XSDB Script (After Launch)----------------
targets -set -nocase -filter {name =~ "microblaze*#0" && bscan=="USER2"  && jtag_cable_name =~ "Digilent Basys3 210183B819A3A"} -index 0
con
----------------End of Script----------------

21:31:29 INFO  : Launch script is exported to file 'C:\Users\Leo\Desktop\Engineering\capstone\capstone\OLED2\OLED2.sdk\.sdk\launch_scripts\xilinx_c-c++_application_(system_debugger)\system_debugger_using_debug_pmodoled2.elf_on_local.tcl'
21:33:06 INFO  : Disconnected from the channel tcfchan#13.
21:33:07 INFO  : 'targets -set -filter {jtag_cable_name =~ "Digilent Basys3 210183B819A3A" && level==0} -index 0' command is executed.
21:33:07 INFO  : 'fpga -state' command is executed.
21:33:07 INFO  : Connected to target on host '127.0.0.1' and port '3121'.
21:33:07 INFO  : Jtag cable 'Digilent Basys3 210183B819A3A' is selected.
21:33:07 INFO  : 'jtag frequency' command is executed.
21:33:07 INFO  : 'configparams mdm-detect-bscan-mask 2' command is executed.
21:33:07 INFO  : Context for processor 'microblaze_0' is selected.
21:33:07 INFO  : Processor reset is completed for 'microblaze_0'.
21:33:07 INFO  : Context for processor 'microblaze_0' is selected.
21:33:07 INFO  : The application 'C:/Users/Leo/Desktop/Engineering/capstone/capstone/OLED2/OLED2.sdk/PmodOLED2/Debug/PmodOLED2.elf' is downloaded to processor 'microblaze_0'.
21:33:07 INFO  : ----------------XSDB Script----------------
connect -url tcp:127.0.0.1:3121
configparams mdm-detect-bscan-mask 2
targets -set -nocase -filter {name =~ "microblaze*#0" && bscan=="USER2"  && jtag_cable_name =~ "Digilent Basys3 210183B819A3A"} -index 0
rst -processor
targets -set -nocase -filter {name =~ "microblaze*#0" && bscan=="USER2"  && jtag_cable_name =~ "Digilent Basys3 210183B819A3A"} -index 0
dow C:/Users/Leo/Desktop/Engineering/capstone/capstone/OLED2/OLED2.sdk/PmodOLED2/Debug/PmodOLED2.elf
----------------End of Script----------------

21:33:07 INFO  : Memory regions updated for context MicroBlaze #0
21:33:07 INFO  : Memory regions updated for context MicroBlaze #0
21:33:07 INFO  : Context for processor 'microblaze_0' is selected.
21:33:07 INFO  : 'con' command is executed.
21:33:07 INFO  : ----------------XSDB Script (After Launch)----------------
targets -set -nocase -filter {name =~ "microblaze*#0" && bscan=="USER2"  && jtag_cable_name =~ "Digilent Basys3 210183B819A3A"} -index 0
con
----------------End of Script----------------

21:33:07 INFO  : Launch script is exported to file 'C:\Users\Leo\Desktop\Engineering\capstone\capstone\OLED2\OLED2.sdk\.sdk\launch_scripts\xilinx_c-c++_application_(system_debugger)\system_debugger_using_debug_pmodoled2.elf_on_local.tcl'
21:33:12 INFO  : Disconnected from the channel tcfchan#14.
21:33:13 INFO  : 'targets -set -filter {jtag_cable_name =~ "Digilent Basys3 210183B819A3A" && level==0} -index 0' command is executed.
21:33:13 INFO  : 'fpga -state' command is executed.
21:33:13 INFO  : Connected to target on host '127.0.0.1' and port '3121'.
21:33:13 INFO  : Jtag cable 'Digilent Basys3 210183B819A3A' is selected.
21:33:13 INFO  : 'jtag frequency' command is executed.
21:33:13 INFO  : 'configparams mdm-detect-bscan-mask 2' command is executed.
21:33:13 INFO  : Context for processor 'microblaze_0' is selected.
21:33:13 INFO  : Processor reset is completed for 'microblaze_0'.
21:33:13 INFO  : Context for processor 'microblaze_0' is selected.
21:33:13 INFO  : The application 'C:/Users/Leo/Desktop/Engineering/capstone/capstone/OLED2/OLED2.sdk/PmodOLED2/Debug/PmodOLED2.elf' is downloaded to processor 'microblaze_0'.
21:33:13 INFO  : ----------------XSDB Script----------------
connect -url tcp:127.0.0.1:3121
configparams mdm-detect-bscan-mask 2
targets -set -nocase -filter {name =~ "microblaze*#0" && bscan=="USER2"  && jtag_cable_name =~ "Digilent Basys3 210183B819A3A"} -index 0
rst -processor
targets -set -nocase -filter {name =~ "microblaze*#0" && bscan=="USER2"  && jtag_cable_name =~ "Digilent Basys3 210183B819A3A"} -index 0
dow C:/Users/Leo/Desktop/Engineering/capstone/capstone/OLED2/OLED2.sdk/PmodOLED2/Debug/PmodOLED2.elf
----------------End of Script----------------

21:33:13 INFO  : Memory regions updated for context MicroBlaze #0
21:33:13 INFO  : Memory regions updated for context MicroBlaze #0
21:33:13 INFO  : Context for processor 'microblaze_0' is selected.
21:33:13 INFO  : 'con' command is executed.
21:33:13 INFO  : ----------------XSDB Script (After Launch)----------------
targets -set -nocase -filter {name =~ "microblaze*#0" && bscan=="USER2"  && jtag_cable_name =~ "Digilent Basys3 210183B819A3A"} -index 0
con
----------------End of Script----------------

21:33:13 INFO  : Launch script is exported to file 'C:\Users\Leo\Desktop\Engineering\capstone\capstone\OLED2\OLED2.sdk\.sdk\launch_scripts\xilinx_c-c++_application_(system_debugger)\system_debugger_using_debug_pmodoled2.elf_on_local.tcl'
21:33:20 INFO  : Disconnected from the channel tcfchan#15.
21:33:21 INFO  : 'targets -set -filter {jtag_cable_name =~ "Digilent Basys3 210183B819A3A" && level==0} -index 0' command is executed.
21:33:21 INFO  : 'fpga -state' command is executed.
21:33:21 INFO  : Connected to target on host '127.0.0.1' and port '3121'.
21:33:22 INFO  : Jtag cable 'Digilent Basys3 210183B819A3A' is selected.
21:33:22 INFO  : 'jtag frequency' command is executed.
21:33:22 INFO  : 'configparams mdm-detect-bscan-mask 2' command is executed.
21:33:22 INFO  : Context for processor 'microblaze_0' is selected.
21:33:22 INFO  : Processor reset is completed for 'microblaze_0'.
21:33:22 INFO  : Context for processor 'microblaze_0' is selected.
21:33:22 INFO  : The application 'C:/Users/Leo/Desktop/Engineering/capstone/capstone/OLED2/OLED2.sdk/PmodOLED2/Debug/PmodOLED2.elf' is downloaded to processor 'microblaze_0'.
21:33:22 INFO  : ----------------XSDB Script----------------
connect -url tcp:127.0.0.1:3121
configparams mdm-detect-bscan-mask 2
targets -set -nocase -filter {name =~ "microblaze*#0" && bscan=="USER2"  && jtag_cable_name =~ "Digilent Basys3 210183B819A3A"} -index 0
rst -processor
targets -set -nocase -filter {name =~ "microblaze*#0" && bscan=="USER2"  && jtag_cable_name =~ "Digilent Basys3 210183B819A3A"} -index 0
dow C:/Users/Leo/Desktop/Engineering/capstone/capstone/OLED2/OLED2.sdk/PmodOLED2/Debug/PmodOLED2.elf
----------------End of Script----------------

21:33:22 INFO  : Memory regions updated for context MicroBlaze #0
21:33:22 INFO  : Memory regions updated for context MicroBlaze #0
21:33:22 INFO  : Context for processor 'microblaze_0' is selected.
21:33:22 INFO  : 'con' command is executed.
21:33:22 INFO  : ----------------XSDB Script (After Launch)----------------
targets -set -nocase -filter {name =~ "microblaze*#0" && bscan=="USER2"  && jtag_cable_name =~ "Digilent Basys3 210183B819A3A"} -index 0
con
----------------End of Script----------------

21:33:22 INFO  : Launch script is exported to file 'C:\Users\Leo\Desktop\Engineering\capstone\capstone\OLED2\OLED2.sdk\.sdk\launch_scripts\xilinx_c-c++_application_(system_debugger)\system_debugger_using_debug_pmodoled2.elf_on_local.tcl'
21:34:07 INFO  : Disconnected from the channel tcfchan#16.
21:34:08 INFO  : 'targets -set -filter {jtag_cable_name =~ "Digilent Basys3 210183B819A3A" && level==0} -index 0' command is executed.
21:34:08 INFO  : 'fpga -state' command is executed.
21:34:08 INFO  : Connected to target on host '127.0.0.1' and port '3121'.
21:34:08 INFO  : Jtag cable 'Digilent Basys3 210183B819A3A' is selected.
21:34:08 INFO  : 'jtag frequency' command is executed.
21:34:08 INFO  : 'configparams mdm-detect-bscan-mask 2' command is executed.
21:34:08 INFO  : Context for processor 'microblaze_0' is selected.
21:34:08 INFO  : Processor reset is completed for 'microblaze_0'.
21:34:08 INFO  : Context for processor 'microblaze_0' is selected.
21:34:08 INFO  : The application 'C:/Users/Leo/Desktop/Engineering/capstone/capstone/OLED2/OLED2.sdk/PmodOLED2/Debug/PmodOLED2.elf' is downloaded to processor 'microblaze_0'.
21:34:08 INFO  : ----------------XSDB Script----------------
connect -url tcp:127.0.0.1:3121
configparams mdm-detect-bscan-mask 2
targets -set -nocase -filter {name =~ "microblaze*#0" && bscan=="USER2"  && jtag_cable_name =~ "Digilent Basys3 210183B819A3A"} -index 0
rst -processor
targets -set -nocase -filter {name =~ "microblaze*#0" && bscan=="USER2"  && jtag_cable_name =~ "Digilent Basys3 210183B819A3A"} -index 0
dow C:/Users/Leo/Desktop/Engineering/capstone/capstone/OLED2/OLED2.sdk/PmodOLED2/Debug/PmodOLED2.elf
----------------End of Script----------------

21:34:08 INFO  : Memory regions updated for context MicroBlaze #0
21:34:08 INFO  : Memory regions updated for context MicroBlaze #0
21:34:08 INFO  : Context for processor 'microblaze_0' is selected.
21:34:08 INFO  : 'con' command is executed.
21:34:08 INFO  : ----------------XSDB Script (After Launch)----------------
targets -set -nocase -filter {name =~ "microblaze*#0" && bscan=="USER2"  && jtag_cable_name =~ "Digilent Basys3 210183B819A3A"} -index 0
con
----------------End of Script----------------

21:34:08 INFO  : Launch script is exported to file 'C:\Users\Leo\Desktop\Engineering\capstone\capstone\OLED2\OLED2.sdk\.sdk\launch_scripts\xilinx_c-c++_application_(system_debugger)\system_debugger_using_debug_pmodoled2.elf_on_local.tcl'
21:43:04 INFO  : Disconnected from the channel tcfchan#17.
21:43:05 INFO  : 'targets -set -filter {jtag_cable_name =~ "Digilent Basys3 210183B819A3A" && level==0} -index 0' command is executed.
21:43:05 INFO  : 'fpga -state' command is executed.
21:43:05 INFO  : Connected to target on host '127.0.0.1' and port '3121'.
21:43:05 INFO  : Jtag cable 'Digilent Basys3 210183B819A3A' is selected.
21:43:05 INFO  : 'jtag frequency' command is executed.
21:43:05 INFO  : 'configparams mdm-detect-bscan-mask 2' command is executed.
21:43:05 INFO  : Context for processor 'microblaze_0' is selected.
21:43:05 INFO  : Processor reset is completed for 'microblaze_0'.
21:43:05 INFO  : Context for processor 'microblaze_0' is selected.
21:43:05 INFO  : The application 'C:/Users/Leo/Desktop/Engineering/capstone/capstone/OLED2/OLED2.sdk/PmodOLED2/Debug/PmodOLED2.elf' is downloaded to processor 'microblaze_0'.
21:43:05 INFO  : ----------------XSDB Script----------------
connect -url tcp:127.0.0.1:3121
configparams mdm-detect-bscan-mask 2
targets -set -nocase -filter {name =~ "microblaze*#0" && bscan=="USER2"  && jtag_cable_name =~ "Digilent Basys3 210183B819A3A"} -index 0
rst -processor
targets -set -nocase -filter {name =~ "microblaze*#0" && bscan=="USER2"  && jtag_cable_name =~ "Digilent Basys3 210183B819A3A"} -index 0
dow C:/Users/Leo/Desktop/Engineering/capstone/capstone/OLED2/OLED2.sdk/PmodOLED2/Debug/PmodOLED2.elf
----------------End of Script----------------

21:43:05 INFO  : Memory regions updated for context MicroBlaze #0
21:43:05 INFO  : Memory regions updated for context MicroBlaze #0
21:43:05 INFO  : Context for processor 'microblaze_0' is selected.
21:43:05 INFO  : 'con' command is executed.
21:43:05 INFO  : ----------------XSDB Script (After Launch)----------------
targets -set -nocase -filter {name =~ "microblaze*#0" && bscan=="USER2"  && jtag_cable_name =~ "Digilent Basys3 210183B819A3A"} -index 0
con
----------------End of Script----------------

21:43:05 INFO  : Launch script is exported to file 'C:\Users\Leo\Desktop\Engineering\capstone\capstone\OLED2\OLED2.sdk\.sdk\launch_scripts\xilinx_c-c++_application_(system_debugger)\system_debugger_using_debug_pmodoled2.elf_on_local.tcl'
21:56:16 INFO  : Disconnected from the channel tcfchan#18.
21:56:17 INFO  : 'targets -set -filter {jtag_cable_name =~ "Digilent Basys3 210183B819A3A" && level==0} -index 0' command is executed.
21:56:17 INFO  : 'fpga -state' command is executed.
21:56:17 INFO  : Connected to target on host '127.0.0.1' and port '3121'.
21:56:17 INFO  : Jtag cable 'Digilent Basys3 210183B819A3A' is selected.
21:56:17 INFO  : 'jtag frequency' command is executed.
21:56:17 INFO  : 'configparams mdm-detect-bscan-mask 2' command is executed.
21:56:17 INFO  : Context for processor 'microblaze_0' is selected.
21:56:17 INFO  : Processor reset is completed for 'microblaze_0'.
21:56:17 INFO  : Context for processor 'microblaze_0' is selected.
21:56:17 INFO  : The application 'C:/Users/Leo/Desktop/Engineering/capstone/capstone/OLED2/OLED2.sdk/PmodOLED2/Debug/PmodOLED2.elf' is downloaded to processor 'microblaze_0'.
21:56:17 INFO  : ----------------XSDB Script----------------
connect -url tcp:127.0.0.1:3121
configparams mdm-detect-bscan-mask 2
targets -set -nocase -filter {name =~ "microblaze*#0" && bscan=="USER2"  && jtag_cable_name =~ "Digilent Basys3 210183B819A3A"} -index 0
rst -processor
targets -set -nocase -filter {name =~ "microblaze*#0" && bscan=="USER2"  && jtag_cable_name =~ "Digilent Basys3 210183B819A3A"} -index 0
dow C:/Users/Leo/Desktop/Engineering/capstone/capstone/OLED2/OLED2.sdk/PmodOLED2/Debug/PmodOLED2.elf
----------------End of Script----------------

21:56:17 INFO  : Memory regions updated for context MicroBlaze #0
21:56:17 INFO  : Memory regions updated for context MicroBlaze #0
21:56:17 INFO  : Context for processor 'microblaze_0' is selected.
21:56:17 INFO  : 'con' command is executed.
21:56:17 INFO  : ----------------XSDB Script (After Launch)----------------
targets -set -nocase -filter {name =~ "microblaze*#0" && bscan=="USER2"  && jtag_cable_name =~ "Digilent Basys3 210183B819A3A"} -index 0
con
----------------End of Script----------------

21:56:17 INFO  : Launch script is exported to file 'C:\Users\Leo\Desktop\Engineering\capstone\capstone\OLED2\OLED2.sdk\.sdk\launch_scripts\xilinx_c-c++_application_(system_debugger)\system_debugger_using_debug_pmodoled2.elf_on_local.tcl'
21:56:37 INFO  : Disconnected from the channel tcfchan#19.
21:56:38 INFO  : 'targets -set -filter {jtag_cable_name =~ "Digilent Basys3 210183B819A3A" && level==0} -index 0' command is executed.
21:56:38 INFO  : 'fpga -state' command is executed.
21:56:38 INFO  : Connected to target on host '127.0.0.1' and port '3121'.
21:56:38 INFO  : Jtag cable 'Digilent Basys3 210183B819A3A' is selected.
21:56:38 INFO  : 'jtag frequency' command is executed.
21:56:38 INFO  : 'configparams mdm-detect-bscan-mask 2' command is executed.
21:56:38 INFO  : Context for processor 'microblaze_0' is selected.
21:56:38 INFO  : Processor reset is completed for 'microblaze_0'.
21:56:38 INFO  : Context for processor 'microblaze_0' is selected.
21:56:38 INFO  : The application 'C:/Users/Leo/Desktop/Engineering/capstone/capstone/OLED2/OLED2.sdk/PmodOLED2/Debug/PmodOLED2.elf' is downloaded to processor 'microblaze_0'.
21:56:38 INFO  : ----------------XSDB Script----------------
connect -url tcp:127.0.0.1:3121
configparams mdm-detect-bscan-mask 2
targets -set -nocase -filter {name =~ "microblaze*#0" && bscan=="USER2"  && jtag_cable_name =~ "Digilent Basys3 210183B819A3A"} -index 0
rst -processor
targets -set -nocase -filter {name =~ "microblaze*#0" && bscan=="USER2"  && jtag_cable_name =~ "Digilent Basys3 210183B819A3A"} -index 0
dow C:/Users/Leo/Desktop/Engineering/capstone/capstone/OLED2/OLED2.sdk/PmodOLED2/Debug/PmodOLED2.elf
----------------End of Script----------------

21:56:38 INFO  : Memory regions updated for context MicroBlaze #0
21:56:38 INFO  : Memory regions updated for context MicroBlaze #0
21:56:38 INFO  : Context for processor 'microblaze_0' is selected.
21:56:38 INFO  : 'con' command is executed.
21:56:38 INFO  : ----------------XSDB Script (After Launch)----------------
targets -set -nocase -filter {name =~ "microblaze*#0" && bscan=="USER2"  && jtag_cable_name =~ "Digilent Basys3 210183B819A3A"} -index 0
con
----------------End of Script----------------

21:56:38 INFO  : Launch script is exported to file 'C:\Users\Leo\Desktop\Engineering\capstone\capstone\OLED2\OLED2.sdk\.sdk\launch_scripts\xilinx_c-c++_application_(system_debugger)\system_debugger_using_debug_pmodoled2.elf_on_local.tcl'
