14:01:36 INFO  : Registering command handlers for SDK TCF services
14:01:37 INFO  : Launching XSCT server: xsct.bat -interactive C:\Users\Student\Desktop\152B_Labs_Turner_Liu\capstone\capstone.sdk\temp_xsdb_launch_script.tcl
14:01:40 INFO  : XSCT server has started successfully.
14:01:40 INFO  : Successfully done setting XSCT server connection channel  
14:01:43 INFO  : Processing command line option -hwspec C:/Users/Student/Desktop/152B_Labs_Turner_Liu/capstone/capstone.sdk/OLEDrgb_wrapper.hdf.
14:01:43 INFO  : Successfully done setting SDK workspace  
14:14:22 INFO  : Connected to target on host '127.0.0.1' and port '3121'.
14:14:23 INFO  : 'targets -set -filter {jtag_cable_name =~ "Digilent Basys3 210183B819A3A" && level==0} -index 0' command is executed.
14:14:24 INFO  : FPGA configured successfully with bitstream "C:/Users/Student/Desktop/152B_Labs_Turner_Liu/capstone/capstone.sdk/OLEDrgb_wrapper_hw_platform_0/download.bit"
14:14:34 INFO  : 'targets -set -filter {jtag_cable_name =~ "Digilent Basys3 210183B819A3A" && level==0} -index 0' command is executed.
14:14:34 INFO  : 'fpga -state' command is executed.
14:14:34 INFO  : Connected to target on host '127.0.0.1' and port '3121'.
14:14:34 INFO  : Jtag cable 'Digilent Basys3 210183B819A3A' is selected.
14:14:34 INFO  : 'jtag frequency' command is executed.
14:14:34 INFO  : 'configparams mdm-detect-bscan-mask 2' command is executed.
14:14:34 INFO  : Context for processor 'microblaze_0' is selected.
14:14:35 INFO  : Processor reset is completed for 'microblaze_0'.
14:14:35 INFO  : Context for processor 'microblaze_0' is selected.
14:14:35 INFO  : The application 'C:/Users/Student/Desktop/152B_Labs_Turner_Liu/capstone/capstone.sdk/OLEDrgb_project/Debug/OLEDrgb_project.elf' is downloaded to processor 'microblaze_0'.
14:14:35 INFO  : ----------------XSDB Script----------------
connect -url tcp:127.0.0.1:3121
configparams mdm-detect-bscan-mask 2
targets -set -nocase -filter {name =~ "microblaze*#0" && bscan=="USER2"  && jtag_cable_name =~ "Digilent Basys3 210183B819A3A"} -index 0
rst -processor
targets -set -nocase -filter {name =~ "microblaze*#0" && bscan=="USER2"  && jtag_cable_name =~ "Digilent Basys3 210183B819A3A"} -index 0
dow C:/Users/Student/Desktop/152B_Labs_Turner_Liu/capstone/capstone.sdk/OLEDrgb_project/Debug/OLEDrgb_project.elf
----------------End of Script----------------

14:14:35 INFO  : Memory regions updated for context MicroBlaze #0
14:14:35 INFO  : Memory regions updated for context MicroBlaze #0
14:14:35 INFO  : Context for processor 'microblaze_0' is selected.
14:14:35 INFO  : 'con' command is executed.
14:14:35 INFO  : ----------------XSDB Script (After Launch)----------------
targets -set -nocase -filter {name =~ "microblaze*#0" && bscan=="USER2"  && jtag_cable_name =~ "Digilent Basys3 210183B819A3A"} -index 0
con
----------------End of Script----------------

14:14:35 INFO  : Launch script is exported to file 'C:\Users\Student\Desktop\152B_Labs_Turner_Liu\capstone\capstone.sdk\.sdk\launch_scripts\xilinx_c-c++_application_(system_debugger)\system_debugger_using_debug_oledrgb_project.elf_on_local.tcl'
14:32:06 INFO  : Disconnected from the channel tcfchan#1.
14:33:16 INFO  : Connected to target on host '127.0.0.1' and port '3121'.
14:33:52 INFO  : Connected to target on host '127.0.0.1' and port '3121'.
14:33:52 INFO  : 'targets -set -filter {jtag_cable_name =~ "Digilent Basys3 210183B819A3A" && level==0} -index 0' command is executed.
14:33:53 INFO  : FPGA configured successfully with bitstream "C:/Users/Student/Desktop/152B_Labs_Turner_Liu/capstone/capstone.sdk/OLEDrgb_wrapper_hw_platform_0/download.bit"
14:34:08 INFO  : 'targets -set -filter {jtag_cable_name =~ "Digilent Basys3 210183B819A3A" && level==0} -index 0' command is executed.
14:34:08 INFO  : 'fpga -state' command is executed.
14:34:08 INFO  : Connected to target on host '127.0.0.1' and port '3121'.
14:34:09 INFO  : Jtag cable 'Digilent Basys3 210183B819A3A' is selected.
14:34:09 INFO  : 'jtag frequency' command is executed.
14:34:09 INFO  : 'configparams mdm-detect-bscan-mask 2' command is executed.
14:34:09 INFO  : Context for processor 'microblaze_0' is selected.
14:34:09 INFO  : Processor reset is completed for 'microblaze_0'.
14:34:09 INFO  : Context for processor 'microblaze_0' is selected.
14:34:09 INFO  : The application 'C:/Users/Student/Desktop/152B_Labs_Turner_Liu/capstone/capstone.sdk/OLEDrgb_project/Debug/OLEDrgb_project.elf' is downloaded to processor 'microblaze_0'.
14:34:09 INFO  : ----------------XSDB Script----------------
connect -url tcp:127.0.0.1:3121
configparams mdm-detect-bscan-mask 2
targets -set -nocase -filter {name =~ "microblaze*#0" && bscan=="USER2"  && jtag_cable_name =~ "Digilent Basys3 210183B819A3A"} -index 0
rst -processor
targets -set -nocase -filter {name =~ "microblaze*#0" && bscan=="USER2"  && jtag_cable_name =~ "Digilent Basys3 210183B819A3A"} -index 0
dow C:/Users/Student/Desktop/152B_Labs_Turner_Liu/capstone/capstone.sdk/OLEDrgb_project/Debug/OLEDrgb_project.elf
----------------End of Script----------------

14:34:09 INFO  : Memory regions updated for context MicroBlaze #0
14:34:09 INFO  : Memory regions updated for context MicroBlaze #0
14:34:09 INFO  : Context for processor 'microblaze_0' is selected.
14:34:09 INFO  : 'con' command is executed.
14:34:09 INFO  : ----------------XSDB Script (After Launch)----------------
targets -set -nocase -filter {name =~ "microblaze*#0" && bscan=="USER2"  && jtag_cable_name =~ "Digilent Basys3 210183B819A3A"} -index 0
con
----------------End of Script----------------

14:34:09 INFO  : Launch script is exported to file 'C:\Users\Student\Desktop\152B_Labs_Turner_Liu\capstone\capstone.sdk\.sdk\launch_scripts\xilinx_c-c++_application_(system_debugger)\system_debugger_using_debug_oledrgb_project.elf_on_local.tcl'
14:34:48 INFO  : Disconnected from the channel tcfchan#2.
14:35:13 INFO  : Registering command handlers for SDK TCF services
14:35:14 INFO  : Launching XSCT server: xsct.bat -interactive C:\Users\Student\Desktop\152B_Labs_Turner_Liu\capstone\capstone.sdk\temp_xsdb_launch_script.tcl
14:35:16 INFO  : XSCT server has started successfully.
14:35:16 INFO  : Processing command line option -hwspec C:/Users/Student/Desktop/152B_Labs_Turner_Liu/capstone/capstone.sdk/OLEDrgb_wrapper.hdf.
14:35:16 INFO  : Successfully done setting XSCT server connection channel  
14:35:17 INFO  : Checking for hwspec changes in the project OLEDrgb_wrapper_hw_platform_0.
14:35:18 INFO  : Successfully done setting SDK workspace  
14:35:46 INFO  : Connected to target on host '127.0.0.1' and port '3121'.
14:35:46 INFO  : 'targets -set -filter {jtag_cable_name =~ "Digilent Basys3 210183B819A3A" && level==0} -index 0' command is executed.
14:35:48 INFO  : FPGA configured successfully with bitstream "C:/Users/Student/Desktop/152B_Labs_Turner_Liu/capstone/capstone.sdk/OLEDrgb_wrapper_hw_platform_0/download.bit"
14:37:11 INFO  : Registering command handlers for SDK TCF services
14:37:11 INFO  : Launching XSCT server: xsct.bat -interactive C:\Users\Student\Desktop\152B_Labs_Turner_Liu\capstone\capstone.sdk\temp_xsdb_launch_script.tcl
14:37:13 INFO  : XSCT server has started successfully.
14:37:14 INFO  : Processing command line option -hwspec C:/Users/Student/Desktop/152B_Labs_Turner_Liu/capstone/capstone.sdk/OLEDrgb_wrapper.hdf.
14:37:14 INFO  : Successfully done setting XSCT server connection channel  
14:37:14 INFO  : Checking for hwspec changes in the project OLEDrgb_wrapper_hw_platform_0.
14:37:16 INFO  : Successfully done setting SDK workspace  
14:37:35 INFO  : Connected to target on host '127.0.0.1' and port '3121'.
14:37:48 INFO  : Connected to target on host '127.0.0.1' and port '3121'.
14:37:48 INFO  : 'targets -set -filter {jtag_cable_name =~ "Digilent Basys3 210183B819A3A" && level==0} -index 0' command is executed.
14:37:49 INFO  : FPGA configured successfully with bitstream "C:/Users/Student/Desktop/152B_Labs_Turner_Liu/capstone/capstone.sdk/OLEDrgb_wrapper_hw_platform_0/download.bit"
14:38:03 INFO  : 'targets -set -filter {jtag_cable_name =~ "Digilent Basys3 210183B819A3A" && level==0} -index 0' command is executed.
14:38:03 INFO  : 'fpga -state' command is executed.
14:38:03 INFO  : Connected to target on host '127.0.0.1' and port '3121'.
14:38:03 INFO  : Jtag cable 'Digilent Basys3 210183B819A3A' is selected.
14:38:03 INFO  : 'jtag frequency' command is executed.
14:38:03 INFO  : 'configparams mdm-detect-bscan-mask 2' command is executed.
14:38:03 INFO  : Context for processor 'microblaze_0' is selected.
14:38:03 INFO  : Processor reset is completed for 'microblaze_0'.
14:38:03 INFO  : Context for processor 'microblaze_0' is selected.
14:38:04 INFO  : The application 'C:/Users/Student/Desktop/152B_Labs_Turner_Liu/capstone/capstone.sdk/OLEDrgb_project/Debug/OLEDrgb_project.elf' is downloaded to processor 'microblaze_0'.
14:38:04 INFO  : ----------------XSDB Script----------------
connect -url tcp:127.0.0.1:3121
configparams mdm-detect-bscan-mask 2
targets -set -nocase -filter {name =~ "microblaze*#0" && bscan=="USER2"  && jtag_cable_name =~ "Digilent Basys3 210183B819A3A"} -index 0
rst -processor
targets -set -nocase -filter {name =~ "microblaze*#0" && bscan=="USER2"  && jtag_cable_name =~ "Digilent Basys3 210183B819A3A"} -index 0
dow C:/Users/Student/Desktop/152B_Labs_Turner_Liu/capstone/capstone.sdk/OLEDrgb_project/Debug/OLEDrgb_project.elf
----------------End of Script----------------

14:38:04 INFO  : Memory regions updated for context MicroBlaze #0
14:38:04 INFO  : Memory regions updated for context MicroBlaze #0
14:38:04 INFO  : Context for processor 'microblaze_0' is selected.
14:38:04 INFO  : 'con' command is executed.
14:38:04 INFO  : ----------------XSDB Script (After Launch)----------------
targets -set -nocase -filter {name =~ "microblaze*#0" && bscan=="USER2"  && jtag_cable_name =~ "Digilent Basys3 210183B819A3A"} -index 0
con
----------------End of Script----------------

14:38:04 INFO  : Launch script is exported to file 'C:\Users\Student\Desktop\152B_Labs_Turner_Liu\capstone\capstone.sdk\.sdk\launch_scripts\xilinx_c-c++_application_(system_debugger)\system_debugger_using_debug_oledrgb_project.elf_on_local.tcl'
14:38:59 INFO  : Disconnected from the channel tcfchan#1.
14:39:00 INFO  : 'targets -set -filter {jtag_cable_name =~ "Digilent Basys3 210183B819A3A" && level==0} -index 0' command is executed.
14:39:00 INFO  : 'fpga -state' command is executed.
14:39:00 INFO  : Connected to target on host '127.0.0.1' and port '3121'.
14:39:01 INFO  : Jtag cable 'Digilent Basys3 210183B819A3A' is selected.
14:39:01 INFO  : 'jtag frequency' command is executed.
14:39:01 INFO  : 'configparams mdm-detect-bscan-mask 2' command is executed.
14:39:01 INFO  : Context for processor 'microblaze_0' is selected.
14:39:01 INFO  : Processor reset is completed for 'microblaze_0'.
14:39:01 INFO  : Context for processor 'microblaze_0' is selected.
14:39:01 INFO  : The application 'C:/Users/Student/Desktop/152B_Labs_Turner_Liu/capstone/capstone.sdk/OLEDrgb_project/Debug/OLEDrgb_project.elf' is downloaded to processor 'microblaze_0'.
14:39:01 INFO  : ----------------XSDB Script----------------
connect -url tcp:127.0.0.1:3121
configparams mdm-detect-bscan-mask 2
targets -set -nocase -filter {name =~ "microblaze*#0" && bscan=="USER2"  && jtag_cable_name =~ "Digilent Basys3 210183B819A3A"} -index 0
rst -processor
targets -set -nocase -filter {name =~ "microblaze*#0" && bscan=="USER2"  && jtag_cable_name =~ "Digilent Basys3 210183B819A3A"} -index 0
dow C:/Users/Student/Desktop/152B_Labs_Turner_Liu/capstone/capstone.sdk/OLEDrgb_project/Debug/OLEDrgb_project.elf
----------------End of Script----------------

14:39:01 INFO  : Memory regions updated for context MicroBlaze #0
14:39:01 INFO  : Memory regions updated for context MicroBlaze #0
14:39:01 INFO  : Context for processor 'microblaze_0' is selected.
14:39:01 INFO  : 'con' command is executed.
14:39:01 INFO  : ----------------XSDB Script (After Launch)----------------
targets -set -nocase -filter {name =~ "microblaze*#0" && bscan=="USER2"  && jtag_cable_name =~ "Digilent Basys3 210183B819A3A"} -index 0
con
----------------End of Script----------------

14:39:01 INFO  : Launch script is exported to file 'C:\Users\Student\Desktop\152B_Labs_Turner_Liu\capstone\capstone.sdk\.sdk\launch_scripts\xilinx_c-c++_application_(system_debugger)\system_debugger_using_debug_oledrgb_project.elf_on_local.tcl'
14:41:29 INFO  : Disconnected from the channel tcfchan#2.
14:48:30 INFO  : Registering command handlers for SDK TCF services
14:48:31 INFO  : Launching XSCT server: xsct.bat -interactive C:\Users\Student\Desktop\152B_Labs_Turner_Liu\capstone\capstone.sdk\temp_xsdb_launch_script.tcl
14:48:33 INFO  : XSCT server has started successfully.
14:48:33 INFO  : Successfully done setting XSCT server connection channel  
14:48:33 INFO  : Processing command line option -hwspec C:/Users/Student/Desktop/152B_Labs_Turner_Liu/capstone/capstone.sdk/OLEDrgb_wrapper.hdf.
14:48:33 INFO  : Successfully done setting SDK workspace  
14:48:33 INFO  : Checking for hwspec changes in the project OLEDrgb_wrapper_hw_platform_0.
14:48:35 INFO  : SDK has detected change in the last modified timestamps for source hardware specification file Source:1717451286601,  Project:1717448431052
14:48:35 INFO  : The hardware specification for project 'OLEDrgb_wrapper_hw_platform_0' is different from C:/Users/Student/Desktop/152B_Labs_Turner_Liu/capstone/capstone.sdk/OLEDrgb_wrapper.hdf.
14:48:35 INFO  : Copied contents of C:/Users/Student/Desktop/152B_Labs_Turner_Liu/capstone/capstone.sdk/OLEDrgb_wrapper.hdf into \OLEDrgb_wrapper_hw_platform_0\system.hdf.
14:48:35 INFO  : Synchronizing projects in the workspace with the hardware platform specification changes.
14:48:39 INFO  : 
14:48:41 INFO  : Updating hardware inferred compiler options for OLEDrgb_project.
14:48:43 INFO  : Clearing existing target manager status.
14:51:14 INFO  : Registering command handlers for SDK TCF services
14:51:14 INFO  : Launching XSCT server: xsct.bat -interactive C:\Users\Student\Desktop\152B_Labs_Turner_Liu\capstone\capstone.sdk\temp_xsdb_launch_script.tcl
14:51:16 INFO  : XSCT server has started successfully.
14:51:16 INFO  : Successfully done setting XSCT server connection channel  
14:51:17 INFO  : Processing command line option -hwspec C:/Users/Student/Desktop/152B_Labs_Turner_Liu/capstone/capstone.sdk/OLEDrgb_wrapper.hdf.
14:51:17 INFO  : Successfully done setting SDK workspace  
14:51:17 INFO  : Checking for hwspec changes in the project OLEDrgb_wrapper_hw_platform_0.
