Copyright 1986-2018 Xilinx, Inc. All Rights Reserved.
------------------------------------------------------------------------------------
| Tool Version : Vivado v.2018.2 (win64) Build 2258646 Thu Jun 14 20:03:12 MDT 2018
| Date         : Thu Jun  6 19:23:19 2024
| Host         : MotherOfGod running 64-bit major release  (build 9200)
| Command      : upgrade_ip
| Device       : xc7a35tcpg236-1
------------------------------------------------------------------------------------

Upgrade Log for IP 'OLEDrgb_PmodOLEDrgb_0_0'

1. Summary
----------

SUCCESS in the upgrade of OLEDrgb_PmodOLEDrgb_0_0 (digilentinc.com:IP:PmodOLEDrgb:1.0) from (Rev. 51) to (Rev. 54)






Copyright 1986-2018 Xilinx, Inc. All Rights Reserved.
------------------------------------------------------------------------------------
| Tool Version : Vivado v.2018.2 (win64) Build 2258646 Thu Jun 14 20:03:12 MDT 2018
| Date         : Thu Jun  6 18:59:08 2024
| Host         : MotherOfGod running 64-bit major release  (build 9200)
| Command      : upgrade_ip
| Device       : xc7a35tcpg236-1
------------------------------------------------------------------------------------

Upgrade Log for IP 'OLEDrgb_PmodOLEDrgb_0_0'

1. Summary
----------

SUCCESS in the upgrade of OLEDrgb_PmodOLEDrgb_0_0 (digilentinc.com:IP:PmodOLEDrgb:1.0) from (Rev. 54) to (Rev. 51)

