
*** Running vivado
    with args -log OLEDrgb_wrapper.vdi -applog -m64 -product Vivado -messageDb vivado.pb -mode batch -source OLEDrgb_wrapper.tcl -notrace


****** Vivado v2018.2 (64-bit)
  **** SW Build 2258646 on Thu Jun 14 20:03:12 MDT 2018
  **** IP Build 2256618 on Thu Jun 14 22:10:49 MDT 2018
    ** Copyright 1986-2018 Xilinx, Inc. All Rights Reserved.

source OLEDrgb_wrapper.tcl -notrace
INFO: [IP_Flow 19-234] Refreshing IP repositories
INFO: [IP_Flow 19-1700] Loaded user IP repository 'c:/Users/Student/Desktop/viv-lib/vivado-library-hotfix-PmodOLED_RGB'.
INFO: [IP_Flow 19-1700] Loaded user IP repository 'c:/Users/Student/Desktop/vivado-library-2018.2-1'.
INFO: [IP_Flow 19-2313] Loaded Vivado IP repository 'C:/Xilinx/Vivado/2018.2/data/ip'.
CRITICAL WARNING: [IP_Flow 19-1663] Duplicate IP found for 'digilentinc.com:IP:AXI_DPTI:1.0'. The one found in IP location 'c:/Users/Student/Desktop/viv-lib/vivado-library-hotfix-PmodOLED_RGB/ip/AXI_DPTI_1.0' will take precedence over the same IP in location c:/Users/Student/Desktop/vivado-library-2018.2-1/vivado-library/ip/AXI_DPTI_1.0
CRITICAL WARNING: [IP_Flow 19-1663] Duplicate IP found for 'digilentinc.com:ip:axi_dynclk:1.0'. The one found in IP location 'c:/Users/Student/Desktop/viv-lib/vivado-library-hotfix-PmodOLED_RGB/ip/axi_dynclk_v1_0' will take precedence over the same IP in location c:/Users/Student/Desktop/vivado-library-2018.2-1/vivado-library/ip/axi_dynclk_v1_0
CRITICAL WARNING: [IP_Flow 19-1663] Duplicate IP found for 'digilentinc.com:user:axi_i2s_adi:1.2'. The one found in IP location 'c:/Users/Student/Desktop/viv-lib/vivado-library-hotfix-PmodOLED_RGB/ip/axi_i2s_adi_1.2' will take precedence over the same IP in location c:/Users/Student/Desktop/vivado-library-2018.2-1/vivado-library/ip/axi_i2s_adi_1.2
CRITICAL WARNING: [IP_Flow 19-1663] Duplicate IP found for 'digilentinc.com:IP:axi_ps2:1.0'. The one found in IP location 'c:/Users/Student/Desktop/viv-lib/vivado-library-hotfix-PmodOLED_RGB/ip/axi_ps2_1.0' will take precedence over the same IP in location c:/Users/Student/Desktop/vivado-library-2018.2-1/vivado-library/ip/axi_ps2_1.0
CRITICAL WARNING: [IP_Flow 19-1663] Duplicate IP found for 'digilentinc.com:ip:clock_forwarder:1.0'. The one found in IP location 'c:/Users/Student/Desktop/viv-lib/vivado-library-hotfix-PmodOLED_RGB/ip/clock_forwarder_1.0' will take precedence over the same IP in location c:/Users/Student/Desktop/vivado-library-2018.2-1/vivado-library/ip/clock_forwarder_1.0
CRITICAL WARNING: [IP_Flow 19-1663] Duplicate IP found for 'digilentinc.com:ip:dvi2rgb:1.9'. The one found in IP location 'c:/Users/Student/Desktop/viv-lib/vivado-library-hotfix-PmodOLED_RGB/ip/dvi2rgb' will take precedence over the same IP in location c:/Users/Student/Desktop/vivado-library-2018.2-1/vivado-library/ip/dvi2rgb
CRITICAL WARNING: [IP_Flow 19-1663] Duplicate IP found for 'digilentinc.com:IP:hls_contrast_stretch:1.0'. The one found in IP location 'c:/Users/Student/Desktop/viv-lib/vivado-library-hotfix-PmodOLED_RGB/ip/hls_contrast_stretch_1_0' will take precedence over the same IP in location c:/Users/Student/Desktop/vivado-library-2018.2-1/vivado-library/ip/hls_contrast_stretch_1_0
CRITICAL WARNING: [IP_Flow 19-1663] Duplicate IP found for 'digilentinc.com:IP:hls_gamma_correction:1.0'. The one found in IP location 'c:/Users/Student/Desktop/viv-lib/vivado-library-hotfix-PmodOLED_RGB/ip/hls_gamma_correction_1_0' will take precedence over the same IP in location c:/Users/Student/Desktop/vivado-library-2018.2-1/vivado-library/ip/hls_gamma_correction_1_0
CRITICAL WARNING: [IP_Flow 19-1663] Duplicate IP found for 'digilentinc.com:IP:hls_saturation_enhance:1.0'. The one found in IP location 'c:/Users/Student/Desktop/viv-lib/vivado-library-hotfix-PmodOLED_RGB/ip/hls_saturation_enhance_1_0' will take precedence over the same IP in location c:/Users/Student/Desktop/vivado-library-2018.2-1/vivado-library/ip/hls_saturation_enhance_1_0
CRITICAL WARNING: [IP_Flow 19-1663] Duplicate IP found for 'digilentinc.com:IP:MotorFeedback:1.0'. The one found in IP location 'c:/Users/Student/Desktop/viv-lib/vivado-library-hotfix-PmodOLED_RGB/ip/MotorFeedback_1.0' will take precedence over the same IP in location c:/Users/Student/Desktop/vivado-library-2018.2-1/vivado-library/ip/MotorFeedback_1.0
CRITICAL WARNING: [IP_Flow 19-1663] Duplicate IP found for 'digilentinc.com:IP:PmodACL2:1.0'. The one found in IP location 'c:/Users/Student/Desktop/viv-lib/vivado-library-hotfix-PmodOLED_RGB/ip/Pmods/PmodACL2_v1_0' will take precedence over the same IP in location c:/Users/Student/Desktop/vivado-library-2018.2-1/vivado-library/ip/Pmods/PmodACL2_v1_0
CRITICAL WARNING: [IP_Flow 19-1663] Duplicate IP found for 'digilentinc.com:IP:PmodACL:1.0'. The one found in IP location 'c:/Users/Student/Desktop/viv-lib/vivado-library-hotfix-PmodOLED_RGB/ip/Pmods/PmodACL_v1_0' will take precedence over the same IP in location c:/Users/Student/Desktop/vivado-library-2018.2-1/vivado-library/ip/Pmods/PmodACL_v1_0
CRITICAL WARNING: [IP_Flow 19-1663] Duplicate IP found for 'digilentinc.com:IP:PmodAD1:1.0'. The one found in IP location 'c:/Users/Student/Desktop/viv-lib/vivado-library-hotfix-PmodOLED_RGB/ip/Pmods/PmodAD1_v1_0' will take precedence over the same IP in location c:/Users/Student/Desktop/vivado-library-2018.2-1/vivado-library/ip/Pmods/PmodAD1_v1_0
CRITICAL WARNING: [IP_Flow 19-1663] Duplicate IP found for 'digilentinc.com:IP:PmodAD2:1.0'. The one found in IP location 'c:/Users/Student/Desktop/viv-lib/vivado-library-hotfix-PmodOLED_RGB/ip/Pmods/PmodAD2_v1_0' will take precedence over the same IP in location c:/Users/Student/Desktop/vivado-library-2018.2-1/vivado-library/ip/Pmods/PmodAD2_v1_0
CRITICAL WARNING: [IP_Flow 19-1663] Duplicate IP found for 'digilentinc.com:IP:PmodAD5:1.0'. The one found in IP location 'c:/Users/Student/Desktop/viv-lib/vivado-library-hotfix-PmodOLED_RGB/ip/Pmods/PmodAD5_v1_0' will take precedence over the same IP in location c:/Users/Student/Desktop/vivado-library-2018.2-1/vivado-library/ip/Pmods/PmodAD5_v1_0
CRITICAL WARNING: [IP_Flow 19-1663] Duplicate IP found for 'digilentinc.com:IP:PmodALS:1.0'. The one found in IP location 'c:/Users/Student/Desktop/viv-lib/vivado-library-hotfix-PmodOLED_RGB/ip/Pmods/PmodALS_v1_0' will take precedence over the same IP in location c:/Users/Student/Desktop/vivado-library-2018.2-1/vivado-library/ip/Pmods/PmodALS_v1_0
CRITICAL WARNING: [IP_Flow 19-1663] Duplicate IP found for 'digilentinc.com:IP:PmodAMP2:1.0'. The one found in IP location 'c:/Users/Student/Desktop/viv-lib/vivado-library-hotfix-PmodOLED_RGB/ip/Pmods/PmodAMP2_v1_0' will take precedence over the same IP in location c:/Users/Student/Desktop/vivado-library-2018.2-1/vivado-library/ip/Pmods/PmodAMP2_v1_0
CRITICAL WARNING: [IP_Flow 19-1663] Duplicate IP found for 'digilentinc.com:IP:PmodBLE:1.0'. The one found in IP location 'c:/Users/Student/Desktop/viv-lib/vivado-library-hotfix-PmodOLED_RGB/ip/Pmods/PmodBLE_v1_0' will take precedence over the same IP in location c:/Users/Student/Desktop/vivado-library-2018.2-1/vivado-library/ip/Pmods/PmodBLE_v1_0
CRITICAL WARNING: [IP_Flow 19-1663] Duplicate IP found for 'digilentinc.com:IP:PmodBT2:1.0'. The one found in IP location 'c:/Users/Student/Desktop/viv-lib/vivado-library-hotfix-PmodOLED_RGB/ip/Pmods/PmodBT2_v1_0' will take precedence over the same IP in location c:/Users/Student/Desktop/vivado-library-2018.2-1/vivado-library/ip/Pmods/PmodBT2_v1_0
CRITICAL WARNING: [IP_Flow 19-1663] Duplicate IP found for 'digilentinc.com:IP:PmodCAN:1.0'. The one found in IP location 'c:/Users/Student/Desktop/viv-lib/vivado-library-hotfix-PmodOLED_RGB/ip/Pmods/PmodCAN_v1_0' will take precedence over the same IP in location c:/Users/Student/Desktop/vivado-library-2018.2-1/vivado-library/ip/Pmods/PmodCAN_v1_0
CRITICAL WARNING: [IP_Flow 19-1663] Duplicate IP found for 'digilentinc.com:IP:PmodCLS:1.0'. The one found in IP location 'c:/Users/Student/Desktop/viv-lib/vivado-library-hotfix-PmodOLED_RGB/ip/Pmods/PmodCLS_v1_0' will take precedence over the same IP in location c:/Users/Student/Desktop/vivado-library-2018.2-1/vivado-library/ip/Pmods/PmodCLS_v1_0
CRITICAL WARNING: [IP_Flow 19-1663] Duplicate IP found for 'digilentinc.com:IP:PmodCMPS2:1.0'. The one found in IP location 'c:/Users/Student/Desktop/viv-lib/vivado-library-hotfix-PmodOLED_RGB/ip/Pmods/PmodCMPS2_v1_0' will take precedence over the same IP in location c:/Users/Student/Desktop/vivado-library-2018.2-1/vivado-library/ip/Pmods/PmodCMPS2_v1_0
CRITICAL WARNING: [IP_Flow 19-1663] Duplicate IP found for 'digilentinc.com:IP:PmodCOLOR:1.0'. The one found in IP location 'c:/Users/Student/Desktop/viv-lib/vivado-library-hotfix-PmodOLED_RGB/ip/Pmods/PmodCOLOR_v1_0' will take precedence over the same IP in location c:/Users/Student/Desktop/vivado-library-2018.2-1/vivado-library/ip/Pmods/PmodCOLOR_v1_0
CRITICAL WARNING: [IP_Flow 19-1663] Duplicate IP found for 'digilentinc.com:IP:PmodDA1:1.0'. The one found in IP location 'c:/Users/Student/Desktop/viv-lib/vivado-library-hotfix-PmodOLED_RGB/ip/Pmods/PmodDA1_v1_0' will take precedence over the same IP in location c:/Users/Student/Desktop/vivado-library-2018.2-1/vivado-library/ip/Pmods/PmodDA1_v1_0
CRITICAL WARNING: [IP_Flow 19-1663] Duplicate IP found for 'digilentinc.com:IP:PmodDHB1:1.0'. The one found in IP location 'c:/Users/Student/Desktop/viv-lib/vivado-library-hotfix-PmodOLED_RGB/ip/Pmods/PmodDHB1_v1_0' will take precedence over the same IP in location c:/Users/Student/Desktop/vivado-library-2018.2-1/vivado-library/ip/Pmods/PmodDHB1_v1_0
CRITICAL WARNING: [IP_Flow 19-1663] Duplicate IP found for 'digilentinc.com:IP:PmodDPG1:1.0'. The one found in IP location 'c:/Users/Student/Desktop/viv-lib/vivado-library-hotfix-PmodOLED_RGB/ip/Pmods/PmodDPG1_v1_0' will take precedence over the same IP in location c:/Users/Student/Desktop/vivado-library-2018.2-1/vivado-library/ip/Pmods/PmodDPG1_v1_0
CRITICAL WARNING: [IP_Flow 19-1663] Duplicate IP found for 'digilentinc.com:IP:PmodENC:1.0'. The one found in IP location 'c:/Users/Student/Desktop/viv-lib/vivado-library-hotfix-PmodOLED_RGB/ip/Pmods/PmodENC_v1_0' will take precedence over the same IP in location c:/Users/Student/Desktop/vivado-library-2018.2-1/vivado-library/ip/Pmods/PmodENC_v1_0
CRITICAL WARNING: [IP_Flow 19-1663] Duplicate IP found for 'digilentinc.com:user:PmodESP32:1.0'. The one found in IP location 'c:/Users/Student/Desktop/viv-lib/vivado-library-hotfix-PmodOLED_RGB/ip/Pmods/PmodESP32_v1_0' will take precedence over the same IP in location c:/Users/Student/Desktop/vivado-library-2018.2-1/vivado-library/ip/Pmods/PmodESP32_v1_0
CRITICAL WARNING: [IP_Flow 19-1663] Duplicate IP found for 'digilentinc.com:IP:PmodGPIO:1.0'. The one found in IP location 'c:/Users/Student/Desktop/viv-lib/vivado-library-hotfix-PmodOLED_RGB/ip/Pmods/PmodGPIO_v1_0' will take precedence over the same IP in location c:/Users/Student/Desktop/vivado-library-2018.2-1/vivado-library/ip/Pmods/PmodGPIO_v1_0
CRITICAL WARNING: [IP_Flow 19-1663] Duplicate IP found for 'digilentinc.com:IP:PmodGPS:1.1'. The one found in IP location 'c:/Users/Student/Desktop/viv-lib/vivado-library-hotfix-PmodOLED_RGB/ip/Pmods/PmodGPS_v1_1' will take precedence over the same IP in location c:/Users/Student/Desktop/vivado-library-2018.2-1/vivado-library/ip/Pmods/PmodGPS_v1_1
CRITICAL WARNING: [IP_Flow 19-1663] Duplicate IP found for 'digilentinc.com:IP:PmodGYRO:1.0'. The one found in IP location 'c:/Users/Student/Desktop/viv-lib/vivado-library-hotfix-PmodOLED_RGB/ip/Pmods/PmodGYRO_v1_0' will take precedence over the same IP in location c:/Users/Student/Desktop/vivado-library-2018.2-1/vivado-library/ip/Pmods/PmodGYRO_v1_0
CRITICAL WARNING: [IP_Flow 19-1663] Duplicate IP found for 'digilentinc.com:IP:PmodHYGRO:1.0'. The one found in IP location 'c:/Users/Student/Desktop/viv-lib/vivado-library-hotfix-PmodOLED_RGB/ip/Pmods/PmodHYGRO_v1_0' will take precedence over the same IP in location c:/Users/Student/Desktop/vivado-library-2018.2-1/vivado-library/ip/Pmods/PmodHYGRO_v1_0
CRITICAL WARNING: [IP_Flow 19-1663] Duplicate IP found for 'digilentinc.com:IP:PmodJSTK2:1.0'. The one found in IP location 'c:/Users/Student/Desktop/viv-lib/vivado-library-hotfix-PmodOLED_RGB/ip/Pmods/PmodJSTK2_v1_0' will take precedence over the same IP in location c:/Users/Student/Desktop/vivado-library-2018.2-1/vivado-library/ip/Pmods/PmodJSTK2_v1_0
CRITICAL WARNING: [IP_Flow 19-1663] Duplicate IP found for 'digilentinc.com:IP:PmodJSTK:1.0'. The one found in IP location 'c:/Users/Student/Desktop/viv-lib/vivado-library-hotfix-PmodOLED_RGB/ip/Pmods/PmodJSTK_v1_0' will take precedence over the same IP in location c:/Users/Student/Desktop/vivado-library-2018.2-1/vivado-library/ip/Pmods/PmodJSTK_v1_0
CRITICAL WARNING: [IP_Flow 19-1663] Duplicate IP found for 'digilentinc.com:IP:PmodKYPD:1.0'. The one found in IP location 'c:/Users/Student/Desktop/viv-lib/vivado-library-hotfix-PmodOLED_RGB/ip/Pmods/PmodKYPD_v1_0' will take precedence over the same IP in location c:/Users/Student/Desktop/vivado-library-2018.2-1/vivado-library/ip/Pmods/PmodKYPD_v1_0
CRITICAL WARNING: [IP_Flow 19-1663] Duplicate IP found for 'digilentinc.com:IP:PmodMAXSONAR:1.0'. The one found in IP location 'c:/Users/Student/Desktop/viv-lib/vivado-library-hotfix-PmodOLED_RGB/ip/Pmods/PmodMAXSONAR_v1_0' will take precedence over the same IP in location c:/Users/Student/Desktop/vivado-library-2018.2-1/vivado-library/ip/Pmods/PmodMAXSONAR_v1_0
CRITICAL WARNING: [IP_Flow 19-1663] Duplicate IP found for 'digilentinc.com:IP:PmodMTDS:1.0'. The one found in IP location 'c:/Users/Student/Desktop/viv-lib/vivado-library-hotfix-PmodOLED_RGB/ip/Pmods/PmodMTDS_v1_0' will take precedence over the same IP in location c:/Users/Student/Desktop/vivado-library-2018.2-1/vivado-library/ip/Pmods/PmodMTDS_v1_0
CRITICAL WARNING: [IP_Flow 19-1663] Duplicate IP found for 'digilentinc.com:IP:PmodNAV:1.0'. The one found in IP location 'c:/Users/Student/Desktop/viv-lib/vivado-library-hotfix-PmodOLED_RGB/ip/Pmods/PmodNAV_v1_0' will take precedence over the same IP in location c:/Users/Student/Desktop/vivado-library-2018.2-1/vivado-library/ip/Pmods/PmodNAV_v1_0
CRITICAL WARNING: [IP_Flow 19-1663] Duplicate IP found for 'digilentinc.com:IP:PmodOLEDrgb:1.0'. The one found in IP location 'c:/Users/Student/Desktop/viv-lib/vivado-library-hotfix-PmodOLED_RGB/ip/Pmods/pmodOLEDrgb_v1_0' will take precedence over the same IP in location c:/Users/Student/Desktop/vivado-library-2018.2-1/vivado-library/ip/Pmods/pmodOLEDrgb_v1_0
CRITICAL WARNING: [IP_Flow 19-1663] Duplicate IP found for 'digilentinc.com:IP:PmodOLED:1.0'. The one found in IP location 'c:/Users/Student/Desktop/viv-lib/vivado-library-hotfix-PmodOLED_RGB/ip/Pmods/PmodOLED_v1_0' will take precedence over the same IP in location c:/Users/Student/Desktop/vivado-library-2018.2-1/vivado-library/ip/Pmods/PmodOLED_v1_0
CRITICAL WARNING: [IP_Flow 19-1663] Duplicate IP found for 'digilentinc.com:IP:PmodR2R:1.0'. The one found in IP location 'c:/Users/Student/Desktop/viv-lib/vivado-library-hotfix-PmodOLED_RGB/ip/Pmods/PmodR2R_v1_0' will take precedence over the same IP in location c:/Users/Student/Desktop/vivado-library-2018.2-1/vivado-library/ip/Pmods/PmodR2R_v1_0
CRITICAL WARNING: [IP_Flow 19-1663] Duplicate IP found for 'digilentinc.com:IP:PmodRTCC:1.0'. The one found in IP location 'c:/Users/Student/Desktop/viv-lib/vivado-library-hotfix-PmodOLED_RGB/ip/Pmods/PmodRTCC_v1_0' will take precedence over the same IP in location c:/Users/Student/Desktop/vivado-library-2018.2-1/vivado-library/ip/Pmods/PmodRTCC_v1_0
CRITICAL WARNING: [IP_Flow 19-1663] Duplicate IP found for 'digilentinc.com:IP:PmodSD:1.0'. The one found in IP location 'c:/Users/Student/Desktop/viv-lib/vivado-library-hotfix-PmodOLED_RGB/ip/Pmods/PmodSD_v1_0' will take precedence over the same IP in location c:/Users/Student/Desktop/vivado-library-2018.2-1/vivado-library/ip/Pmods/PmodSD_v1_0
CRITICAL WARNING: [IP_Flow 19-1663] Duplicate IP found for 'digilentinc.com:IP:PmodSF3:1.0'. The one found in IP location 'c:/Users/Student/Desktop/viv-lib/vivado-library-hotfix-PmodOLED_RGB/ip/Pmods/PmodSF3_v1_0' will take precedence over the same IP in location c:/Users/Student/Desktop/vivado-library-2018.2-1/vivado-library/ip/Pmods/PmodSF3_v1_0
CRITICAL WARNING: [IP_Flow 19-1663] Duplicate IP found for 'digilentinc.com:IP:PmodTC1:1.0'. The one found in IP location 'c:/Users/Student/Desktop/viv-lib/vivado-library-hotfix-PmodOLED_RGB/ip/Pmods/PmodTC1_v1_0' will take precedence over the same IP in location c:/Users/Student/Desktop/vivado-library-2018.2-1/vivado-library/ip/Pmods/PmodTC1_v1_0
CRITICAL WARNING: [IP_Flow 19-1663] Duplicate IP found for 'digilentinc.com:IP:PmodTMP3:1.0'. The one found in IP location 'c:/Users/Student/Desktop/viv-lib/vivado-library-hotfix-PmodOLED_RGB/ip/Pmods/PmodTMP3_v1_0' will take precedence over the same IP in location c:/Users/Student/Desktop/vivado-library-2018.2-1/vivado-library/ip/Pmods/PmodTMP3_v1_0
CRITICAL WARNING: [IP_Flow 19-1663] Duplicate IP found for 'digilentinc.com:IP:PmodWIFI:1.0'. The one found in IP location 'c:/Users/Student/Desktop/viv-lib/vivado-library-hotfix-PmodOLED_RGB/ip/Pmods/PmodWIFI_v1_0' will take precedence over the same IP in location c:/Users/Student/Desktop/vivado-library-2018.2-1/vivado-library/ip/Pmods/PmodWIFI_v1_0
CRITICAL WARNING: [IP_Flow 19-1663] Duplicate IP found for 'digilentinc.com:ip:pmod_bridge:1.0'. The one found in IP location 'c:/Users/Student/Desktop/viv-lib/vivado-library-hotfix-PmodOLED_RGB/ip/Pmods/Pmod_Bridge_v1_0' will take precedence over the same IP in location c:/Users/Student/Desktop/vivado-library-2018.2-1/vivado-library/ip/Pmods/Pmod_Bridge_v1_0
CRITICAL WARNING: [IP_Flow 19-1663] Duplicate IP found for 'digilentinc.com:IP:PWM:1.0'. The one found in IP location 'c:/Users/Student/Desktop/viv-lib/vivado-library-hotfix-PmodOLED_RGB/ip/PWM_1.0' will take precedence over the same IP in location c:/Users/Student/Desktop/vivado-library-2018.2-1/vivado-library/ip/PWM_1.0
CRITICAL WARNING: [IP_Flow 19-1663] Duplicate IP found for 'digilentinc.com:IP:PWM:2.0'. The one found in IP location 'c:/Users/Student/Desktop/viv-lib/vivado-library-hotfix-PmodOLED_RGB/ip/PWM_2.0' will take precedence over the same IP in location c:/Users/Student/Desktop/vivado-library-2018.2-1/vivado-library/ip/PWM_2.0
CRITICAL WARNING: [IP_Flow 19-1663] Duplicate IP found for 'digilentinc.com:IP:PWM_Analyzer:1.0'. The one found in IP location 'c:/Users/Student/Desktop/viv-lib/vivado-library-hotfix-PmodOLED_RGB/ip/PWM_Analyzer_1.0' will take precedence over the same IP in location c:/Users/Student/Desktop/vivado-library-2018.2-1/vivado-library/ip/PWM_Analyzer_1.0
CRITICAL WARNING: [IP_Flow 19-1663] Duplicate IP found for 'digilentinc.com:ip:rgb2dpvid:1.0'. The one found in IP location 'c:/Users/Student/Desktop/viv-lib/vivado-library-hotfix-PmodOLED_RGB/ip/rgb2dpvid_v1_0' will take precedence over the same IP in location c:/Users/Student/Desktop/vivado-library-2018.2-1/vivado-library/ip/rgb2dpvid_v1_0
CRITICAL WARNING: [IP_Flow 19-1663] Duplicate IP found for 'digilentinc.com:ip:rgb2dvi:1.4'. The one found in IP location 'c:/Users/Student/Desktop/viv-lib/vivado-library-hotfix-PmodOLED_RGB/ip/rgb2dvi' will take precedence over the same IP in location c:/Users/Student/Desktop/vivado-library-2018.2-1/vivado-library/ip/rgb2dvi
CRITICAL WARNING: [IP_Flow 19-1663] Duplicate IP found for 'digilentinc.com:ip:rgb2vga:1.0'. The one found in IP location 'c:/Users/Student/Desktop/viv-lib/vivado-library-hotfix-PmodOLED_RGB/ip/rgb2vga_v1_0' will take precedence over the same IP in location c:/Users/Student/Desktop/vivado-library-2018.2-1/vivado-library/ip/rgb2vga_v1_0
CRITICAL WARNING: [IP_Flow 19-1663] Duplicate IP found for 'digilentinc.com:ip:Sync:1.0'. The one found in IP location 'c:/Users/Student/Desktop/viv-lib/vivado-library-hotfix-PmodOLED_RGB/ip/Sync_v1_0' will take precedence over the same IP in location c:/Users/Student/Desktop/vivado-library-2018.2-1/vivado-library/ip/Sync_v1_0
CRITICAL WARNING: [IP_Flow 19-1663] Duplicate IP found for 'digilentinc.com:ip:usb2device:1.0'. The one found in IP location 'c:/Users/Student/Desktop/viv-lib/vivado-library-hotfix-PmodOLED_RGB/ip/usb2device_v1_0' will take precedence over the same IP in location c:/Users/Student/Desktop/vivado-library-2018.2-1/vivado-library/ip/usb2device_v1_0
WARNING: [IP_Flow 19-4830] Duplicate Interface found for 'digilentinc.com:interface:pmod:1.0'. The one found in location 'c:/Users/Student/Desktop/viv-lib/vivado-library-hotfix-PmodOLED_RGB/if/pmod_v1_0/pmod.xml' will take precedence over the same Interface in location 'c:/Users/Student/Desktop/vivado-library-2018.2-1/vivado-library/if/pmod_v1_0/pmod.xml'
WARNING: [IP_Flow 19-4830] Duplicate Interface found for 'digilentinc.com:interface:tmds:1.0'. The one found in location 'c:/Users/Student/Desktop/viv-lib/vivado-library-hotfix-PmodOLED_RGB/if/tmds_v1_0/tmds.xml' will take precedence over the same Interface in location 'c:/Users/Student/Desktop/vivado-library-2018.2-1/vivado-library/if/tmds_v1_0/tmds.xml'
add_files: Time (s): cpu = 00:00:04 ; elapsed = 00:00:08 . Memory (MB): peak = 427.895 ; gain = 95.246
Command: link_design -top OLEDrgb_wrapper -part xc7a35tcpg236-1
Design is defaulting to srcset: sources_1
Design is defaulting to constrset: constrs_1
INFO: [Project 1-454] Reading design checkpoint 'c:/Users/Student/Desktop/152B_Labs_Turner_Liu/capstone/capstone.srcs/sources_1/bd/OLEDrgb/ip/OLEDrgb_PmodOLEDrgb_0_1/OLEDrgb_PmodOLEDrgb_0_1.dcp' for cell 'OLEDrgb_i/PmodOLEDrgb_0'
INFO: [Project 1-454] Reading design checkpoint 'c:/Users/Student/Desktop/152B_Labs_Turner_Liu/capstone/capstone.srcs/sources_1/bd/OLEDrgb/ip/OLEDrgb_axi_gpio_0_0/OLEDrgb_axi_gpio_0_0.dcp' for cell 'OLEDrgb_i/axi_gpio_0'
INFO: [Project 1-454] Reading design checkpoint 'c:/Users/Student/Desktop/152B_Labs_Turner_Liu/capstone/capstone.srcs/sources_1/bd/OLEDrgb/ip/OLEDrgb_axi_uartlite_0_0/OLEDrgb_axi_uartlite_0_0.dcp' for cell 'OLEDrgb_i/axi_uartlite_0'
INFO: [Project 1-454] Reading design checkpoint 'c:/Users/Student/Desktop/152B_Labs_Turner_Liu/capstone/capstone.srcs/sources_1/bd/OLEDrgb/ip/OLEDrgb_clk_wiz_1_0/OLEDrgb_clk_wiz_1_0.dcp' for cell 'OLEDrgb_i/clk_wiz_1'
INFO: [Project 1-454] Reading design checkpoint 'c:/Users/Student/Desktop/152B_Labs_Turner_Liu/capstone/capstone.srcs/sources_1/bd/OLEDrgb/ip/OLEDrgb_mdm_1_0/OLEDrgb_mdm_1_0.dcp' for cell 'OLEDrgb_i/mdm_1'
INFO: [Project 1-454] Reading design checkpoint 'c:/Users/Student/Desktop/152B_Labs_Turner_Liu/capstone/capstone.srcs/sources_1/bd/OLEDrgb/ip/OLEDrgb_microblaze_0_0/OLEDrgb_microblaze_0_0.dcp' for cell 'OLEDrgb_i/microblaze_0'
INFO: [Project 1-454] Reading design checkpoint 'c:/Users/Student/Desktop/152B_Labs_Turner_Liu/capstone/capstone.srcs/sources_1/bd/OLEDrgb/ip/OLEDrgb_rst_clk_wiz_1_100M_0/OLEDrgb_rst_clk_wiz_1_100M_0.dcp' for cell 'OLEDrgb_i/rst_clk_wiz_1_100M'
INFO: [Project 1-454] Reading design checkpoint 'c:/Users/Student/Desktop/152B_Labs_Turner_Liu/capstone/capstone.srcs/sources_1/bd/OLEDrgb/ip/OLEDrgb_xbar_0/OLEDrgb_xbar_0.dcp' for cell 'OLEDrgb_i/microblaze_0_axi_periph/xbar'
INFO: [Project 1-454] Reading design checkpoint 'c:/Users/Student/Desktop/152B_Labs_Turner_Liu/capstone/capstone.srcs/sources_1/bd/OLEDrgb/ip/OLEDrgb_dlmb_bram_if_cntlr_0/OLEDrgb_dlmb_bram_if_cntlr_0.dcp' for cell 'OLEDrgb_i/microblaze_0_local_memory/dlmb_bram_if_cntlr'
INFO: [Project 1-454] Reading design checkpoint 'c:/Users/Student/Desktop/152B_Labs_Turner_Liu/capstone/capstone.srcs/sources_1/bd/OLEDrgb/ip/OLEDrgb_dlmb_v10_0/OLEDrgb_dlmb_v10_0.dcp' for cell 'OLEDrgb_i/microblaze_0_local_memory/dlmb_v10'
INFO: [Project 1-454] Reading design checkpoint 'c:/Users/Student/Desktop/152B_Labs_Turner_Liu/capstone/capstone.srcs/sources_1/bd/OLEDrgb/ip/OLEDrgb_ilmb_bram_if_cntlr_0/OLEDrgb_ilmb_bram_if_cntlr_0.dcp' for cell 'OLEDrgb_i/microblaze_0_local_memory/ilmb_bram_if_cntlr'
INFO: [Project 1-454] Reading design checkpoint 'c:/Users/Student/Desktop/152B_Labs_Turner_Liu/capstone/capstone.srcs/sources_1/bd/OLEDrgb/ip/OLEDrgb_ilmb_v10_0/OLEDrgb_ilmb_v10_0.dcp' for cell 'OLEDrgb_i/microblaze_0_local_memory/ilmb_v10'
INFO: [Project 1-454] Reading design checkpoint 'c:/Users/Student/Desktop/152B_Labs_Turner_Liu/capstone/capstone.srcs/sources_1/bd/OLEDrgb/ip/OLEDrgb_lmb_bram_0/OLEDrgb_lmb_bram_0.dcp' for cell 'OLEDrgb_i/microblaze_0_local_memory/lmb_bram'
INFO: [Netlist 29-17] Analyzing 308 Unisim elements for replacement
INFO: [Netlist 29-28] Unisim Transformation completed in 0 CPU seconds
INFO: [Project 1-479] Netlist was created with Vivado 2018.2
INFO: [Device 21-403] Loading part xc7a35tcpg236-1
INFO: [Project 1-570] Preparing netlist for logic optimization
Parsing XDC File [c:/Users/Student/Desktop/152B_Labs_Turner_Liu/capstone/capstone.srcs/sources_1/bd/OLEDrgb/ip/OLEDrgb_microblaze_0_0/OLEDrgb_microblaze_0_0.xdc] for cell 'OLEDrgb_i/microblaze_0/U0'
Finished Parsing XDC File [c:/Users/Student/Desktop/152B_Labs_Turner_Liu/capstone/capstone.srcs/sources_1/bd/OLEDrgb/ip/OLEDrgb_microblaze_0_0/OLEDrgb_microblaze_0_0.xdc] for cell 'OLEDrgb_i/microblaze_0/U0'
Parsing XDC File [c:/Users/Student/Desktop/152B_Labs_Turner_Liu/capstone/capstone.srcs/sources_1/bd/OLEDrgb/ip/OLEDrgb_mdm_1_0/OLEDrgb_mdm_1_0.xdc] for cell 'OLEDrgb_i/mdm_1/U0'
INFO: [Timing 38-35] Done setting XDC timing constraints. [c:/Users/Student/Desktop/152B_Labs_Turner_Liu/capstone/capstone.srcs/sources_1/bd/OLEDrgb/ip/OLEDrgb_mdm_1_0/OLEDrgb_mdm_1_0.xdc:50]
get_clocks: Time (s): cpu = 00:00:08 ; elapsed = 00:00:12 . Memory (MB): peak = 1365.000 ; gain = 566.348
Finished Parsing XDC File [c:/Users/Student/Desktop/152B_Labs_Turner_Liu/capstone/capstone.srcs/sources_1/bd/OLEDrgb/ip/OLEDrgb_mdm_1_0/OLEDrgb_mdm_1_0.xdc] for cell 'OLEDrgb_i/mdm_1/U0'
Parsing XDC File [c:/Users/Student/Desktop/152B_Labs_Turner_Liu/capstone/capstone.srcs/sources_1/bd/OLEDrgb/ip/OLEDrgb_clk_wiz_1_0/OLEDrgb_clk_wiz_1_0_board.xdc] for cell 'OLEDrgb_i/clk_wiz_1/inst'
Finished Parsing XDC File [c:/Users/Student/Desktop/152B_Labs_Turner_Liu/capstone/capstone.srcs/sources_1/bd/OLEDrgb/ip/OLEDrgb_clk_wiz_1_0/OLEDrgb_clk_wiz_1_0_board.xdc] for cell 'OLEDrgb_i/clk_wiz_1/inst'
Parsing XDC File [c:/Users/Student/Desktop/152B_Labs_Turner_Liu/capstone/capstone.srcs/sources_1/bd/OLEDrgb/ip/OLEDrgb_clk_wiz_1_0/OLEDrgb_clk_wiz_1_0.xdc] for cell 'OLEDrgb_i/clk_wiz_1/inst'
INFO: [Timing 38-2] Deriving generated clocks [c:/Users/Student/Desktop/152B_Labs_Turner_Liu/capstone/capstone.srcs/sources_1/bd/OLEDrgb/ip/OLEDrgb_clk_wiz_1_0/OLEDrgb_clk_wiz_1_0.xdc:57]
Finished Parsing XDC File [c:/Users/Student/Desktop/152B_Labs_Turner_Liu/capstone/capstone.srcs/sources_1/bd/OLEDrgb/ip/OLEDrgb_clk_wiz_1_0/OLEDrgb_clk_wiz_1_0.xdc] for cell 'OLEDrgb_i/clk_wiz_1/inst'
Parsing XDC File [c:/Users/Student/Desktop/152B_Labs_Turner_Liu/capstone/capstone.srcs/sources_1/bd/OLEDrgb/ip/OLEDrgb_rst_clk_wiz_1_100M_0/OLEDrgb_rst_clk_wiz_1_100M_0_board.xdc] for cell 'OLEDrgb_i/rst_clk_wiz_1_100M/U0'
Finished Parsing XDC File [c:/Users/Student/Desktop/152B_Labs_Turner_Liu/capstone/capstone.srcs/sources_1/bd/OLEDrgb/ip/OLEDrgb_rst_clk_wiz_1_100M_0/OLEDrgb_rst_clk_wiz_1_100M_0_board.xdc] for cell 'OLEDrgb_i/rst_clk_wiz_1_100M/U0'
Parsing XDC File [c:/Users/Student/Desktop/152B_Labs_Turner_Liu/capstone/capstone.srcs/sources_1/bd/OLEDrgb/ip/OLEDrgb_rst_clk_wiz_1_100M_0/OLEDrgb_rst_clk_wiz_1_100M_0.xdc] for cell 'OLEDrgb_i/rst_clk_wiz_1_100M/U0'
Finished Parsing XDC File [c:/Users/Student/Desktop/152B_Labs_Turner_Liu/capstone/capstone.srcs/sources_1/bd/OLEDrgb/ip/OLEDrgb_rst_clk_wiz_1_100M_0/OLEDrgb_rst_clk_wiz_1_100M_0.xdc] for cell 'OLEDrgb_i/rst_clk_wiz_1_100M/U0'
Parsing XDC File [c:/Users/Student/Desktop/152B_Labs_Turner_Liu/capstone/capstone.srcs/sources_1/bd/OLEDrgb/ip/OLEDrgb_axi_uartlite_0_0/OLEDrgb_axi_uartlite_0_0_board.xdc] for cell 'OLEDrgb_i/axi_uartlite_0/U0'
Finished Parsing XDC File [c:/Users/Student/Desktop/152B_Labs_Turner_Liu/capstone/capstone.srcs/sources_1/bd/OLEDrgb/ip/OLEDrgb_axi_uartlite_0_0/OLEDrgb_axi_uartlite_0_0_board.xdc] for cell 'OLEDrgb_i/axi_uartlite_0/U0'
Parsing XDC File [c:/Users/Student/Desktop/152B_Labs_Turner_Liu/capstone/capstone.srcs/sources_1/bd/OLEDrgb/ip/OLEDrgb_axi_uartlite_0_0/OLEDrgb_axi_uartlite_0_0.xdc] for cell 'OLEDrgb_i/axi_uartlite_0/U0'
Finished Parsing XDC File [c:/Users/Student/Desktop/152B_Labs_Turner_Liu/capstone/capstone.srcs/sources_1/bd/OLEDrgb/ip/OLEDrgb_axi_uartlite_0_0/OLEDrgb_axi_uartlite_0_0.xdc] for cell 'OLEDrgb_i/axi_uartlite_0/U0'
Parsing XDC File [c:/Users/Student/Desktop/152B_Labs_Turner_Liu/capstone/capstone.srcs/sources_1/bd/OLEDrgb/ip/OLEDrgb_PmodOLEDrgb_0_1/ip/PmodOLEDrgb_axi_quad_spi_0_0/PmodOLEDrgb_axi_quad_spi_0_0_board.xdc] for cell 'OLEDrgb_i/PmodOLEDrgb_0/inst/axi_quad_spi_0/U0'
Finished Parsing XDC File [c:/Users/Student/Desktop/152B_Labs_Turner_Liu/capstone/capstone.srcs/sources_1/bd/OLEDrgb/ip/OLEDrgb_PmodOLEDrgb_0_1/ip/PmodOLEDrgb_axi_quad_spi_0_0/PmodOLEDrgb_axi_quad_spi_0_0_board.xdc] for cell 'OLEDrgb_i/PmodOLEDrgb_0/inst/axi_quad_spi_0/U0'
Parsing XDC File [c:/Users/Student/Desktop/152B_Labs_Turner_Liu/capstone/capstone.srcs/sources_1/bd/OLEDrgb/ip/OLEDrgb_PmodOLEDrgb_0_1/ip/PmodOLEDrgb_axi_quad_spi_0_0/PmodOLEDrgb_axi_quad_spi_0_0.xdc] for cell 'OLEDrgb_i/PmodOLEDrgb_0/inst/axi_quad_spi_0/U0'
Finished Parsing XDC File [c:/Users/Student/Desktop/152B_Labs_Turner_Liu/capstone/capstone.srcs/sources_1/bd/OLEDrgb/ip/OLEDrgb_PmodOLEDrgb_0_1/ip/PmodOLEDrgb_axi_quad_spi_0_0/PmodOLEDrgb_axi_quad_spi_0_0.xdc] for cell 'OLEDrgb_i/PmodOLEDrgb_0/inst/axi_quad_spi_0/U0'
Parsing XDC File [c:/Users/Student/Desktop/152B_Labs_Turner_Liu/capstone/capstone.srcs/sources_1/bd/OLEDrgb/ip/OLEDrgb_PmodOLEDrgb_0_1/ip/PmodOLEDrgb_pmod_bridge_0_0/PmodOLEDrgb_pmod_bridge_0_0_board.xdc] for cell 'OLEDrgb_i/PmodOLEDrgb_0/inst/pmod_bridge_0/inst'
Finished Parsing XDC File [c:/Users/Student/Desktop/152B_Labs_Turner_Liu/capstone/capstone.srcs/sources_1/bd/OLEDrgb/ip/OLEDrgb_PmodOLEDrgb_0_1/ip/PmodOLEDrgb_pmod_bridge_0_0/PmodOLEDrgb_pmod_bridge_0_0_board.xdc] for cell 'OLEDrgb_i/PmodOLEDrgb_0/inst/pmod_bridge_0/inst'
Parsing XDC File [c:/Users/Student/Desktop/152B_Labs_Turner_Liu/capstone/capstone.srcs/sources_1/bd/OLEDrgb/ip/OLEDrgb_PmodOLEDrgb_0_1/ip/PmodOLEDrgb_axi_gpio_0_1/PmodOLEDrgb_axi_gpio_0_1_board.xdc] for cell 'OLEDrgb_i/PmodOLEDrgb_0/inst/axi_gpio_0/U0'
Finished Parsing XDC File [c:/Users/Student/Desktop/152B_Labs_Turner_Liu/capstone/capstone.srcs/sources_1/bd/OLEDrgb/ip/OLEDrgb_PmodOLEDrgb_0_1/ip/PmodOLEDrgb_axi_gpio_0_1/PmodOLEDrgb_axi_gpio_0_1_board.xdc] for cell 'OLEDrgb_i/PmodOLEDrgb_0/inst/axi_gpio_0/U0'
Parsing XDC File [c:/Users/Student/Desktop/152B_Labs_Turner_Liu/capstone/capstone.srcs/sources_1/bd/OLEDrgb/ip/OLEDrgb_PmodOLEDrgb_0_1/ip/PmodOLEDrgb_axi_gpio_0_1/PmodOLEDrgb_axi_gpio_0_1.xdc] for cell 'OLEDrgb_i/PmodOLEDrgb_0/inst/axi_gpio_0/U0'
Finished Parsing XDC File [c:/Users/Student/Desktop/152B_Labs_Turner_Liu/capstone/capstone.srcs/sources_1/bd/OLEDrgb/ip/OLEDrgb_PmodOLEDrgb_0_1/ip/PmodOLEDrgb_axi_gpio_0_1/PmodOLEDrgb_axi_gpio_0_1.xdc] for cell 'OLEDrgb_i/PmodOLEDrgb_0/inst/axi_gpio_0/U0'
Parsing XDC File [c:/Users/Student/Desktop/152B_Labs_Turner_Liu/capstone/capstone.srcs/sources_1/bd/OLEDrgb/ip/OLEDrgb_PmodOLEDrgb_0_1/OLEDrgb_PmodOLEDrgb_0_1_board.xdc] for cell 'OLEDrgb_i/PmodOLEDrgb_0/inst'
Finished Parsing XDC File [c:/Users/Student/Desktop/152B_Labs_Turner_Liu/capstone/capstone.srcs/sources_1/bd/OLEDrgb/ip/OLEDrgb_PmodOLEDrgb_0_1/OLEDrgb_PmodOLEDrgb_0_1_board.xdc] for cell 'OLEDrgb_i/PmodOLEDrgb_0/inst'
Parsing XDC File [c:/Users/Student/Desktop/152B_Labs_Turner_Liu/capstone/capstone.srcs/sources_1/bd/OLEDrgb/ip/OLEDrgb_axi_gpio_0_0/OLEDrgb_axi_gpio_0_0_board.xdc] for cell 'OLEDrgb_i/axi_gpio_0/U0'
Finished Parsing XDC File [c:/Users/Student/Desktop/152B_Labs_Turner_Liu/capstone/capstone.srcs/sources_1/bd/OLEDrgb/ip/OLEDrgb_axi_gpio_0_0/OLEDrgb_axi_gpio_0_0_board.xdc] for cell 'OLEDrgb_i/axi_gpio_0/U0'
Parsing XDC File [c:/Users/Student/Desktop/152B_Labs_Turner_Liu/capstone/capstone.srcs/sources_1/bd/OLEDrgb/ip/OLEDrgb_axi_gpio_0_0/OLEDrgb_axi_gpio_0_0.xdc] for cell 'OLEDrgb_i/axi_gpio_0/U0'
Finished Parsing XDC File [c:/Users/Student/Desktop/152B_Labs_Turner_Liu/capstone/capstone.srcs/sources_1/bd/OLEDrgb/ip/OLEDrgb_axi_gpio_0_0/OLEDrgb_axi_gpio_0_0.xdc] for cell 'OLEDrgb_i/axi_gpio_0/U0'
Parsing XDC File [c:/Users/Student/Desktop/152B_Labs_Turner_Liu/capstone/capstone.srcs/sources_1/bd/OLEDrgb/ip/OLEDrgb_dlmb_v10_0/OLEDrgb_dlmb_v10_0.xdc] for cell 'OLEDrgb_i/microblaze_0_local_memory/dlmb_v10/U0'
Finished Parsing XDC File [c:/Users/Student/Desktop/152B_Labs_Turner_Liu/capstone/capstone.srcs/sources_1/bd/OLEDrgb/ip/OLEDrgb_dlmb_v10_0/OLEDrgb_dlmb_v10_0.xdc] for cell 'OLEDrgb_i/microblaze_0_local_memory/dlmb_v10/U0'
Parsing XDC File [c:/Users/Student/Desktop/152B_Labs_Turner_Liu/capstone/capstone.srcs/sources_1/bd/OLEDrgb/ip/OLEDrgb_ilmb_v10_0/OLEDrgb_ilmb_v10_0.xdc] for cell 'OLEDrgb_i/microblaze_0_local_memory/ilmb_v10/U0'
Finished Parsing XDC File [c:/Users/Student/Desktop/152B_Labs_Turner_Liu/capstone/capstone.srcs/sources_1/bd/OLEDrgb/ip/OLEDrgb_ilmb_v10_0/OLEDrgb_ilmb_v10_0.xdc] for cell 'OLEDrgb_i/microblaze_0_local_memory/ilmb_v10/U0'
Parsing XDC File [c:/Users/Student/Desktop/152B_Labs_Turner_Liu/capstone/capstone.srcs/sources_1/bd/OLEDrgb/ip/OLEDrgb_PmodOLEDrgb_0_1/ip/PmodOLEDrgb_axi_quad_spi_0_0/PmodOLEDrgb_axi_quad_spi_0_0_clocks.xdc] for cell 'OLEDrgb_i/PmodOLEDrgb_0/inst/axi_quad_spi_0/U0'
Finished Parsing XDC File [c:/Users/Student/Desktop/152B_Labs_Turner_Liu/capstone/capstone.srcs/sources_1/bd/OLEDrgb/ip/OLEDrgb_PmodOLEDrgb_0_1/ip/PmodOLEDrgb_axi_quad_spi_0_0/PmodOLEDrgb_axi_quad_spi_0_0_clocks.xdc] for cell 'OLEDrgb_i/PmodOLEDrgb_0/inst/axi_quad_spi_0/U0'
Sourcing Tcl File [C:/Xilinx/Vivado/2018.2/data/ip/xpm/xpm_cdc/tcl/xpm_cdc_gray.tcl] for cell 'OLEDrgb_i/PmodOLEDrgb_0/inst/axi_quad_spi_0/U0/NO_DUAL_QUAD_MODE.QSPI_NORMAL/QSPI_LEGACY_MD_GEN.QSPI_CORE_INTERFACE_I/FIFO_EXISTS.TX_FIFO_II/xpm_fifo_instance.xpm_fifo_async_inst/gnuram_async_fifo.xpm_fifo_base_inst/gen_cdc_pntr.rd_pntr_cdc_inst'
INFO: [Vivado 12-3272] Current instance is the top level cell 'OLEDrgb_i/PmodOLEDrgb_0/inst/axi_quad_spi_0/U0/NO_DUAL_QUAD_MODE.QSPI_NORMAL/QSPI_LEGACY_MD_GEN.QSPI_CORE_INTERFACE_I/FIFO_EXISTS.TX_FIFO_II/xpm_fifo_instance.xpm_fifo_async_inst/gnuram_async_fifo.xpm_fifo_base_inst/gen_cdc_pntr.rd_pntr_cdc_inst' of design 'design_1' [C:/Xilinx/Vivado/2018.2/data/ip/xpm/xpm_cdc/tcl/xpm_cdc_gray.tcl:16]
WARNING: [XPM_CDC_GRAY: TCL-1000] The source and destination clocks are the same. 
     Instance: OLEDrgb_i/PmodOLEDrgb_0/inst/axi_quad_spi_0/U0/NO_DUAL_QUAD_MODE.QSPI_NORMAL/QSPI_LEGACY_MD_GEN.QSPI_CORE_INTERFACE_I/FIFO_EXISTS.TX_FIFO_II/xpm_fifo_instance.xpm_fifo_async_inst/gnuram_async_fifo.xpm_fifo_base_inst/gen_cdc_pntr.rd_pntr_cdc_inst 
  This will add unnecessary latency to the design. Please check the design for the following: 
 1) Manually instantiated XPM_CDC modules: Xilinx recommends that you remove these modules. 
 2) Xilinx IP that contains XPM_CDC modules: Verify the connections to the IP to determine whether you can safely ignore this message.
 [C:/Xilinx/Vivado/2018.2/data/ip/xpm/xpm_cdc/tcl/xpm_cdc_gray.tcl:16]
Finished Sourcing Tcl File [C:/Xilinx/Vivado/2018.2/data/ip/xpm/xpm_cdc/tcl/xpm_cdc_gray.tcl] for cell 'OLEDrgb_i/PmodOLEDrgb_0/inst/axi_quad_spi_0/U0/NO_DUAL_QUAD_MODE.QSPI_NORMAL/QSPI_LEGACY_MD_GEN.QSPI_CORE_INTERFACE_I/FIFO_EXISTS.TX_FIFO_II/xpm_fifo_instance.xpm_fifo_async_inst/gnuram_async_fifo.xpm_fifo_base_inst/gen_cdc_pntr.rd_pntr_cdc_inst'
Sourcing Tcl File [C:/Xilinx/Vivado/2018.2/data/ip/xpm/xpm_cdc/tcl/xpm_cdc_gray.tcl] for cell 'OLEDrgb_i/PmodOLEDrgb_0/inst/axi_quad_spi_0/U0/NO_DUAL_QUAD_MODE.QSPI_NORMAL/QSPI_LEGACY_MD_GEN.QSPI_CORE_INTERFACE_I/FIFO_EXISTS.RX_FIFO_II/xpm_fifo_instance.xpm_fifo_async_inst/gnuram_async_fifo.xpm_fifo_base_inst/gen_cdc_pntr.wr_pntr_cdc_inst'
INFO: [Vivado 12-3272] Current instance is the top level cell 'OLEDrgb_i/PmodOLEDrgb_0/inst/axi_quad_spi_0/U0/NO_DUAL_QUAD_MODE.QSPI_NORMAL/QSPI_LEGACY_MD_GEN.QSPI_CORE_INTERFACE_I/FIFO_EXISTS.RX_FIFO_II/xpm_fifo_instance.xpm_fifo_async_inst/gnuram_async_fifo.xpm_fifo_base_inst/gen_cdc_pntr.wr_pntr_cdc_inst' of design 'design_1' [C:/Xilinx/Vivado/2018.2/data/ip/xpm/xpm_cdc/tcl/xpm_cdc_gray.tcl:16]
WARNING: [XPM_CDC_GRAY: TCL-1000] The source and destination clocks are the same. 
     Instance: OLEDrgb_i/PmodOLEDrgb_0/inst/axi_quad_spi_0/U0/NO_DUAL_QUAD_MODE.QSPI_NORMAL/QSPI_LEGACY_MD_GEN.QSPI_CORE_INTERFACE_I/FIFO_EXISTS.RX_FIFO_II/xpm_fifo_instance.xpm_fifo_async_inst/gnuram_async_fifo.xpm_fifo_base_inst/gen_cdc_pntr.wr_pntr_cdc_inst 
  This will add unnecessary latency to the design. Please check the design for the following: 
 1) Manually instantiated XPM_CDC modules: Xilinx recommends that you remove these modules. 
 2) Xilinx IP that contains XPM_CDC modules: Verify the connections to the IP to determine whether you can safely ignore this message.
 [C:/Xilinx/Vivado/2018.2/data/ip/xpm/xpm_cdc/tcl/xpm_cdc_gray.tcl:16]
Finished Sourcing Tcl File [C:/Xilinx/Vivado/2018.2/data/ip/xpm/xpm_cdc/tcl/xpm_cdc_gray.tcl] for cell 'OLEDrgb_i/PmodOLEDrgb_0/inst/axi_quad_spi_0/U0/NO_DUAL_QUAD_MODE.QSPI_NORMAL/QSPI_LEGACY_MD_GEN.QSPI_CORE_INTERFACE_I/FIFO_EXISTS.RX_FIFO_II/xpm_fifo_instance.xpm_fifo_async_inst/gnuram_async_fifo.xpm_fifo_base_inst/gen_cdc_pntr.wr_pntr_cdc_inst'
Sourcing Tcl File [C:/Xilinx/Vivado/2018.2/data/ip/xpm/xpm_cdc/tcl/xpm_cdc_gray.tcl] for cell 'OLEDrgb_i/PmodOLEDrgb_0/inst/axi_quad_spi_0/U0/NO_DUAL_QUAD_MODE.QSPI_NORMAL/QSPI_LEGACY_MD_GEN.QSPI_CORE_INTERFACE_I/FIFO_EXISTS.RX_FIFO_II/xpm_fifo_instance.xpm_fifo_async_inst/gnuram_async_fifo.xpm_fifo_base_inst/gen_cdc_pntr.rd_pntr_cdc_inst'
INFO: [Vivado 12-3272] Current instance is the top level cell 'OLEDrgb_i/PmodOLEDrgb_0/inst/axi_quad_spi_0/U0/NO_DUAL_QUAD_MODE.QSPI_NORMAL/QSPI_LEGACY_MD_GEN.QSPI_CORE_INTERFACE_I/FIFO_EXISTS.RX_FIFO_II/xpm_fifo_instance.xpm_fifo_async_inst/gnuram_async_fifo.xpm_fifo_base_inst/gen_cdc_pntr.rd_pntr_cdc_inst' of design 'design_1' [C:/Xilinx/Vivado/2018.2/data/ip/xpm/xpm_cdc/tcl/xpm_cdc_gray.tcl:16]
WARNING: [XPM_CDC_GRAY: TCL-1000] The source and destination clocks are the same. 
     Instance: OLEDrgb_i/PmodOLEDrgb_0/inst/axi_quad_spi_0/U0/NO_DUAL_QUAD_MODE.QSPI_NORMAL/QSPI_LEGACY_MD_GEN.QSPI_CORE_INTERFACE_I/FIFO_EXISTS.RX_FIFO_II/xpm_fifo_instance.xpm_fifo_async_inst/gnuram_async_fifo.xpm_fifo_base_inst/gen_cdc_pntr.rd_pntr_cdc_inst 
  This will add unnecessary latency to the design. Please check the design for the following: 
 1) Manually instantiated XPM_CDC modules: Xilinx recommends that you remove these modules. 
 2) Xilinx IP that contains XPM_CDC modules: Verify the connections to the IP to determine whether you can safely ignore this message.
 [C:/Xilinx/Vivado/2018.2/data/ip/xpm/xpm_cdc/tcl/xpm_cdc_gray.tcl:16]
Finished Sourcing Tcl File [C:/Xilinx/Vivado/2018.2/data/ip/xpm/xpm_cdc/tcl/xpm_cdc_gray.tcl] for cell 'OLEDrgb_i/PmodOLEDrgb_0/inst/axi_quad_spi_0/U0/NO_DUAL_QUAD_MODE.QSPI_NORMAL/QSPI_LEGACY_MD_GEN.QSPI_CORE_INTERFACE_I/FIFO_EXISTS.RX_FIFO_II/xpm_fifo_instance.xpm_fifo_async_inst/gnuram_async_fifo.xpm_fifo_base_inst/gen_cdc_pntr.rd_pntr_cdc_inst'
Sourcing Tcl File [C:/Xilinx/Vivado/2018.2/data/ip/xpm/xpm_cdc/tcl/xpm_cdc_gray.tcl] for cell 'OLEDrgb_i/PmodOLEDrgb_0/inst/axi_quad_spi_0/U0/NO_DUAL_QUAD_MODE.QSPI_NORMAL/QSPI_LEGACY_MD_GEN.QSPI_CORE_INTERFACE_I/FIFO_EXISTS.TX_FIFO_II/xpm_fifo_instance.xpm_fifo_async_inst/gnuram_async_fifo.xpm_fifo_base_inst/gen_cdc_pntr.wr_pntr_cdc_inst'
INFO: [Vivado 12-3272] Current instance is the top level cell 'OLEDrgb_i/PmodOLEDrgb_0/inst/axi_quad_spi_0/U0/NO_DUAL_QUAD_MODE.QSPI_NORMAL/QSPI_LEGACY_MD_GEN.QSPI_CORE_INTERFACE_I/FIFO_EXISTS.TX_FIFO_II/xpm_fifo_instance.xpm_fifo_async_inst/gnuram_async_fifo.xpm_fifo_base_inst/gen_cdc_pntr.wr_pntr_cdc_inst' of design 'design_1' [C:/Xilinx/Vivado/2018.2/data/ip/xpm/xpm_cdc/tcl/xpm_cdc_gray.tcl:16]
WARNING: [XPM_CDC_GRAY: TCL-1000] The source and destination clocks are the same. 
     Instance: OLEDrgb_i/PmodOLEDrgb_0/inst/axi_quad_spi_0/U0/NO_DUAL_QUAD_MODE.QSPI_NORMAL/QSPI_LEGACY_MD_GEN.QSPI_CORE_INTERFACE_I/FIFO_EXISTS.TX_FIFO_II/xpm_fifo_instance.xpm_fifo_async_inst/gnuram_async_fifo.xpm_fifo_base_inst/gen_cdc_pntr.wr_pntr_cdc_inst 
  This will add unnecessary latency to the design. Please check the design for the following: 
 1) Manually instantiated XPM_CDC modules: Xilinx recommends that you remove these modules. 
 2) Xilinx IP that contains XPM_CDC modules: Verify the connections to the IP to determine whether you can safely ignore this message.
 [C:/Xilinx/Vivado/2018.2/data/ip/xpm/xpm_cdc/tcl/xpm_cdc_gray.tcl:16]
Finished Sourcing Tcl File [C:/Xilinx/Vivado/2018.2/data/ip/xpm/xpm_cdc/tcl/xpm_cdc_gray.tcl] for cell 'OLEDrgb_i/PmodOLEDrgb_0/inst/axi_quad_spi_0/U0/NO_DUAL_QUAD_MODE.QSPI_NORMAL/QSPI_LEGACY_MD_GEN.QSPI_CORE_INTERFACE_I/FIFO_EXISTS.TX_FIFO_II/xpm_fifo_instance.xpm_fifo_async_inst/gnuram_async_fifo.xpm_fifo_base_inst/gen_cdc_pntr.wr_pntr_cdc_inst'
Sourcing Tcl File [C:/Xilinx/Vivado/2018.2/data/ip/xpm/xpm_cdc/tcl/xpm_cdc_gray.tcl] for cell 'OLEDrgb_i/PmodOLEDrgb_0/inst/axi_quad_spi_0/U0/NO_DUAL_QUAD_MODE.QSPI_NORMAL/QSPI_LEGACY_MD_GEN.QSPI_CORE_INTERFACE_I/FIFO_EXISTS.TX_FIFO_II/xpm_fifo_instance.xpm_fifo_async_inst/gnuram_async_fifo.xpm_fifo_base_inst/gen_cdc_pntr.wr_pntr_cdc_dc_inst'
INFO: [Vivado 12-3272] Current instance is the top level cell 'OLEDrgb_i/PmodOLEDrgb_0/inst/axi_quad_spi_0/U0/NO_DUAL_QUAD_MODE.QSPI_NORMAL/QSPI_LEGACY_MD_GEN.QSPI_CORE_INTERFACE_I/FIFO_EXISTS.TX_FIFO_II/xpm_fifo_instance.xpm_fifo_async_inst/gnuram_async_fifo.xpm_fifo_base_inst/gen_cdc_pntr.wr_pntr_cdc_dc_inst' of design 'design_1' [C:/Xilinx/Vivado/2018.2/data/ip/xpm/xpm_cdc/tcl/xpm_cdc_gray.tcl:16]
WARNING: [XPM_CDC_GRAY: TCL-1000] The source and destination clocks are the same. 
     Instance: OLEDrgb_i/PmodOLEDrgb_0/inst/axi_quad_spi_0/U0/NO_DUAL_QUAD_MODE.QSPI_NORMAL/QSPI_LEGACY_MD_GEN.QSPI_CORE_INTERFACE_I/FIFO_EXISTS.TX_FIFO_II/xpm_fifo_instance.xpm_fifo_async_inst/gnuram_async_fifo.xpm_fifo_base_inst/gen_cdc_pntr.wr_pntr_cdc_dc_inst 
  This will add unnecessary latency to the design. Please check the design for the following: 
 1) Manually instantiated XPM_CDC modules: Xilinx recommends that you remove these modules. 
 2) Xilinx IP that contains XPM_CDC modules: Verify the connections to the IP to determine whether you can safely ignore this message.
 [C:/Xilinx/Vivado/2018.2/data/ip/xpm/xpm_cdc/tcl/xpm_cdc_gray.tcl:16]
Finished Sourcing Tcl File [C:/Xilinx/Vivado/2018.2/data/ip/xpm/xpm_cdc/tcl/xpm_cdc_gray.tcl] for cell 'OLEDrgb_i/PmodOLEDrgb_0/inst/axi_quad_spi_0/U0/NO_DUAL_QUAD_MODE.QSPI_NORMAL/QSPI_LEGACY_MD_GEN.QSPI_CORE_INTERFACE_I/FIFO_EXISTS.TX_FIFO_II/xpm_fifo_instance.xpm_fifo_async_inst/gnuram_async_fifo.xpm_fifo_base_inst/gen_cdc_pntr.wr_pntr_cdc_dc_inst'
Sourcing Tcl File [C:/Xilinx/Vivado/2018.2/data/ip/xpm/xpm_cdc/tcl/xpm_cdc_gray.tcl] for cell 'OLEDrgb_i/PmodOLEDrgb_0/inst/axi_quad_spi_0/U0/NO_DUAL_QUAD_MODE.QSPI_NORMAL/QSPI_LEGACY_MD_GEN.QSPI_CORE_INTERFACE_I/FIFO_EXISTS.RX_FIFO_II/xpm_fifo_instance.xpm_fifo_async_inst/gnuram_async_fifo.xpm_fifo_base_inst/gen_cdc_pntr.wr_pntr_cdc_dc_inst'
INFO: [Vivado 12-3272] Current instance is the top level cell 'OLEDrgb_i/PmodOLEDrgb_0/inst/axi_quad_spi_0/U0/NO_DUAL_QUAD_MODE.QSPI_NORMAL/QSPI_LEGACY_MD_GEN.QSPI_CORE_INTERFACE_I/FIFO_EXISTS.RX_FIFO_II/xpm_fifo_instance.xpm_fifo_async_inst/gnuram_async_fifo.xpm_fifo_base_inst/gen_cdc_pntr.wr_pntr_cdc_dc_inst' of design 'design_1' [C:/Xilinx/Vivado/2018.2/data/ip/xpm/xpm_cdc/tcl/xpm_cdc_gray.tcl:16]
WARNING: [XPM_CDC_GRAY: TCL-1000] The source and destination clocks are the same. 
     Instance: OLEDrgb_i/PmodOLEDrgb_0/inst/axi_quad_spi_0/U0/NO_DUAL_QUAD_MODE.QSPI_NORMAL/QSPI_LEGACY_MD_GEN.QSPI_CORE_INTERFACE_I/FIFO_EXISTS.RX_FIFO_II/xpm_fifo_instance.xpm_fifo_async_inst/gnuram_async_fifo.xpm_fifo_base_inst/gen_cdc_pntr.wr_pntr_cdc_dc_inst 
  This will add unnecessary latency to the design. Please check the design for the following: 
 1) Manually instantiated XPM_CDC modules: Xilinx recommends that you remove these modules. 
 2) Xilinx IP that contains XPM_CDC modules: Verify the connections to the IP to determine whether you can safely ignore this message.
 [C:/Xilinx/Vivado/2018.2/data/ip/xpm/xpm_cdc/tcl/xpm_cdc_gray.tcl:16]
Finished Sourcing Tcl File [C:/Xilinx/Vivado/2018.2/data/ip/xpm/xpm_cdc/tcl/xpm_cdc_gray.tcl] for cell 'OLEDrgb_i/PmodOLEDrgb_0/inst/axi_quad_spi_0/U0/NO_DUAL_QUAD_MODE.QSPI_NORMAL/QSPI_LEGACY_MD_GEN.QSPI_CORE_INTERFACE_I/FIFO_EXISTS.RX_FIFO_II/xpm_fifo_instance.xpm_fifo_async_inst/gnuram_async_fifo.xpm_fifo_base_inst/gen_cdc_pntr.wr_pntr_cdc_dc_inst'
Sourcing Tcl File [C:/Xilinx/Vivado/2018.2/data/ip/xpm/xpm_cdc/tcl/xpm_cdc_gray.tcl] for cell 'OLEDrgb_i/PmodOLEDrgb_0/inst/axi_quad_spi_0/U0/NO_DUAL_QUAD_MODE.QSPI_NORMAL/QSPI_LEGACY_MD_GEN.QSPI_CORE_INTERFACE_I/FIFO_EXISTS.TX_FIFO_II/xpm_fifo_instance.xpm_fifo_async_inst/gnuram_async_fifo.xpm_fifo_base_inst/gen_cdc_pntr.rd_pntr_cdc_dc_inst'
INFO: [Vivado 12-3272] Current instance is the top level cell 'OLEDrgb_i/PmodOLEDrgb_0/inst/axi_quad_spi_0/U0/NO_DUAL_QUAD_MODE.QSPI_NORMAL/QSPI_LEGACY_MD_GEN.QSPI_CORE_INTERFACE_I/FIFO_EXISTS.TX_FIFO_II/xpm_fifo_instance.xpm_fifo_async_inst/gnuram_async_fifo.xpm_fifo_base_inst/gen_cdc_pntr.rd_pntr_cdc_dc_inst' of design 'design_1' [C:/Xilinx/Vivado/2018.2/data/ip/xpm/xpm_cdc/tcl/xpm_cdc_gray.tcl:16]
WARNING: [XPM_CDC_GRAY: TCL-1000] The source and destination clocks are the same. 
     Instance: OLEDrgb_i/PmodOLEDrgb_0/inst/axi_quad_spi_0/U0/NO_DUAL_QUAD_MODE.QSPI_NORMAL/QSPI_LEGACY_MD_GEN.QSPI_CORE_INTERFACE_I/FIFO_EXISTS.TX_FIFO_II/xpm_fifo_instance.xpm_fifo_async_inst/gnuram_async_fifo.xpm_fifo_base_inst/gen_cdc_pntr.rd_pntr_cdc_dc_inst 
  This will add unnecessary latency to the design. Please check the design for the following: 
 1) Manually instantiated XPM_CDC modules: Xilinx recommends that you remove these modules. 
 2) Xilinx IP that contains XPM_CDC modules: Verify the connections to the IP to determine whether you can safely ignore this message.
 [C:/Xilinx/Vivado/2018.2/data/ip/xpm/xpm_cdc/tcl/xpm_cdc_gray.tcl:16]
Finished Sourcing Tcl File [C:/Xilinx/Vivado/2018.2/data/ip/xpm/xpm_cdc/tcl/xpm_cdc_gray.tcl] for cell 'OLEDrgb_i/PmodOLEDrgb_0/inst/axi_quad_spi_0/U0/NO_DUAL_QUAD_MODE.QSPI_NORMAL/QSPI_LEGACY_MD_GEN.QSPI_CORE_INTERFACE_I/FIFO_EXISTS.TX_FIFO_II/xpm_fifo_instance.xpm_fifo_async_inst/gnuram_async_fifo.xpm_fifo_base_inst/gen_cdc_pntr.rd_pntr_cdc_dc_inst'
Sourcing Tcl File [C:/Xilinx/Vivado/2018.2/data/ip/xpm/xpm_cdc/tcl/xpm_cdc_gray.tcl] for cell 'OLEDrgb_i/PmodOLEDrgb_0/inst/axi_quad_spi_0/U0/NO_DUAL_QUAD_MODE.QSPI_NORMAL/QSPI_LEGACY_MD_GEN.QSPI_CORE_INTERFACE_I/FIFO_EXISTS.RX_FIFO_II/xpm_fifo_instance.xpm_fifo_async_inst/gnuram_async_fifo.xpm_fifo_base_inst/gen_cdc_pntr.rd_pntr_cdc_dc_inst'
INFO: [Vivado 12-3272] Current instance is the top level cell 'OLEDrgb_i/PmodOLEDrgb_0/inst/axi_quad_spi_0/U0/NO_DUAL_QUAD_MODE.QSPI_NORMAL/QSPI_LEGACY_MD_GEN.QSPI_CORE_INTERFACE_I/FIFO_EXISTS.RX_FIFO_II/xpm_fifo_instance.xpm_fifo_async_inst/gnuram_async_fifo.xpm_fifo_base_inst/gen_cdc_pntr.rd_pntr_cdc_dc_inst' of design 'design_1' [C:/Xilinx/Vivado/2018.2/data/ip/xpm/xpm_cdc/tcl/xpm_cdc_gray.tcl:16]
WARNING: [XPM_CDC_GRAY: TCL-1000] The source and destination clocks are the same. 
     Instance: OLEDrgb_i/PmodOLEDrgb_0/inst/axi_quad_spi_0/U0/NO_DUAL_QUAD_MODE.QSPI_NORMAL/QSPI_LEGACY_MD_GEN.QSPI_CORE_INTERFACE_I/FIFO_EXISTS.RX_FIFO_II/xpm_fifo_instance.xpm_fifo_async_inst/gnuram_async_fifo.xpm_fifo_base_inst/gen_cdc_pntr.rd_pntr_cdc_dc_inst 
  This will add unnecessary latency to the design. Please check the design for the following: 
 1) Manually instantiated XPM_CDC modules: Xilinx recommends that you remove these modules. 
 2) Xilinx IP that contains XPM_CDC modules: Verify the connections to the IP to determine whether you can safely ignore this message.
 [C:/Xilinx/Vivado/2018.2/data/ip/xpm/xpm_cdc/tcl/xpm_cdc_gray.tcl:16]
Finished Sourcing Tcl File [C:/Xilinx/Vivado/2018.2/data/ip/xpm/xpm_cdc/tcl/xpm_cdc_gray.tcl] for cell 'OLEDrgb_i/PmodOLEDrgb_0/inst/axi_quad_spi_0/U0/NO_DUAL_QUAD_MODE.QSPI_NORMAL/QSPI_LEGACY_MD_GEN.QSPI_CORE_INTERFACE_I/FIFO_EXISTS.RX_FIFO_II/xpm_fifo_instance.xpm_fifo_async_inst/gnuram_async_fifo.xpm_fifo_base_inst/gen_cdc_pntr.rd_pntr_cdc_dc_inst'
Sourcing Tcl File [C:/Xilinx/Vivado/2018.2/data/ip/xpm/xpm_cdc/tcl/xpm_cdc_sync_rst.tcl] for cell 'OLEDrgb_i/PmodOLEDrgb_0/inst/axi_quad_spi_0/U0/NO_DUAL_QUAD_MODE.QSPI_NORMAL/QSPI_LEGACY_MD_GEN.QSPI_CORE_INTERFACE_I/FIFO_EXISTS.TX_FIFO_II/xpm_fifo_instance.xpm_fifo_async_inst/gnuram_async_fifo.xpm_fifo_base_inst/xpm_fifo_rst_inst/gen_rst_ic.rrst_wr_inst'
Finished Sourcing Tcl File [C:/Xilinx/Vivado/2018.2/data/ip/xpm/xpm_cdc/tcl/xpm_cdc_sync_rst.tcl] for cell 'OLEDrgb_i/PmodOLEDrgb_0/inst/axi_quad_spi_0/U0/NO_DUAL_QUAD_MODE.QSPI_NORMAL/QSPI_LEGACY_MD_GEN.QSPI_CORE_INTERFACE_I/FIFO_EXISTS.TX_FIFO_II/xpm_fifo_instance.xpm_fifo_async_inst/gnuram_async_fifo.xpm_fifo_base_inst/xpm_fifo_rst_inst/gen_rst_ic.rrst_wr_inst'
Sourcing Tcl File [C:/Xilinx/Vivado/2018.2/data/ip/xpm/xpm_cdc/tcl/xpm_cdc_sync_rst.tcl] for cell 'OLEDrgb_i/PmodOLEDrgb_0/inst/axi_quad_spi_0/U0/NO_DUAL_QUAD_MODE.QSPI_NORMAL/QSPI_LEGACY_MD_GEN.QSPI_CORE_INTERFACE_I/FIFO_EXISTS.RX_FIFO_II/xpm_fifo_instance.xpm_fifo_async_inst/gnuram_async_fifo.xpm_fifo_base_inst/xpm_fifo_rst_inst/gen_rst_ic.wrst_rd_inst'
Finished Sourcing Tcl File [C:/Xilinx/Vivado/2018.2/data/ip/xpm/xpm_cdc/tcl/xpm_cdc_sync_rst.tcl] for cell 'OLEDrgb_i/PmodOLEDrgb_0/inst/axi_quad_spi_0/U0/NO_DUAL_QUAD_MODE.QSPI_NORMAL/QSPI_LEGACY_MD_GEN.QSPI_CORE_INTERFACE_I/FIFO_EXISTS.RX_FIFO_II/xpm_fifo_instance.xpm_fifo_async_inst/gnuram_async_fifo.xpm_fifo_base_inst/xpm_fifo_rst_inst/gen_rst_ic.wrst_rd_inst'
Sourcing Tcl File [C:/Xilinx/Vivado/2018.2/data/ip/xpm/xpm_cdc/tcl/xpm_cdc_sync_rst.tcl] for cell 'OLEDrgb_i/PmodOLEDrgb_0/inst/axi_quad_spi_0/U0/NO_DUAL_QUAD_MODE.QSPI_NORMAL/QSPI_LEGACY_MD_GEN.QSPI_CORE_INTERFACE_I/FIFO_EXISTS.RX_FIFO_II/xpm_fifo_instance.xpm_fifo_async_inst/gnuram_async_fifo.xpm_fifo_base_inst/xpm_fifo_rst_inst/gen_rst_ic.rrst_wr_inst'
Finished Sourcing Tcl File [C:/Xilinx/Vivado/2018.2/data/ip/xpm/xpm_cdc/tcl/xpm_cdc_sync_rst.tcl] for cell 'OLEDrgb_i/PmodOLEDrgb_0/inst/axi_quad_spi_0/U0/NO_DUAL_QUAD_MODE.QSPI_NORMAL/QSPI_LEGACY_MD_GEN.QSPI_CORE_INTERFACE_I/FIFO_EXISTS.RX_FIFO_II/xpm_fifo_instance.xpm_fifo_async_inst/gnuram_async_fifo.xpm_fifo_base_inst/xpm_fifo_rst_inst/gen_rst_ic.rrst_wr_inst'
Sourcing Tcl File [C:/Xilinx/Vivado/2018.2/data/ip/xpm/xpm_cdc/tcl/xpm_cdc_sync_rst.tcl] for cell 'OLEDrgb_i/PmodOLEDrgb_0/inst/axi_quad_spi_0/U0/NO_DUAL_QUAD_MODE.QSPI_NORMAL/QSPI_LEGACY_MD_GEN.QSPI_CORE_INTERFACE_I/FIFO_EXISTS.TX_FIFO_II/xpm_fifo_instance.xpm_fifo_async_inst/gnuram_async_fifo.xpm_fifo_base_inst/xpm_fifo_rst_inst/gen_rst_ic.wrst_rd_inst'
Finished Sourcing Tcl File [C:/Xilinx/Vivado/2018.2/data/ip/xpm/xpm_cdc/tcl/xpm_cdc_sync_rst.tcl] for cell 'OLEDrgb_i/PmodOLEDrgb_0/inst/axi_quad_spi_0/U0/NO_DUAL_QUAD_MODE.QSPI_NORMAL/QSPI_LEGACY_MD_GEN.QSPI_CORE_INTERFACE_I/FIFO_EXISTS.TX_FIFO_II/xpm_fifo_instance.xpm_fifo_async_inst/gnuram_async_fifo.xpm_fifo_base_inst/xpm_fifo_rst_inst/gen_rst_ic.wrst_rd_inst'
Sourcing Tcl File [C:/Xilinx/Vivado/2018.2/data/ip/xpm/xpm_fifo/tcl/xpm_fifo_rst.tcl] for cell 'OLEDrgb_i/PmodOLEDrgb_0/inst/axi_quad_spi_0/U0/NO_DUAL_QUAD_MODE.QSPI_NORMAL/QSPI_LEGACY_MD_GEN.QSPI_CORE_INTERFACE_I/FIFO_EXISTS.TX_FIFO_II/xpm_fifo_instance.xpm_fifo_async_inst/gnuram_async_fifo.xpm_fifo_base_inst'
Finished Sourcing Tcl File [C:/Xilinx/Vivado/2018.2/data/ip/xpm/xpm_fifo/tcl/xpm_fifo_rst.tcl] for cell 'OLEDrgb_i/PmodOLEDrgb_0/inst/axi_quad_spi_0/U0/NO_DUAL_QUAD_MODE.QSPI_NORMAL/QSPI_LEGACY_MD_GEN.QSPI_CORE_INTERFACE_I/FIFO_EXISTS.TX_FIFO_II/xpm_fifo_instance.xpm_fifo_async_inst/gnuram_async_fifo.xpm_fifo_base_inst'
Sourcing Tcl File [C:/Xilinx/Vivado/2018.2/data/ip/xpm/xpm_fifo/tcl/xpm_fifo_rst.tcl] for cell 'OLEDrgb_i/PmodOLEDrgb_0/inst/axi_quad_spi_0/U0/NO_DUAL_QUAD_MODE.QSPI_NORMAL/QSPI_LEGACY_MD_GEN.QSPI_CORE_INTERFACE_I/FIFO_EXISTS.RX_FIFO_II/xpm_fifo_instance.xpm_fifo_async_inst/gnuram_async_fifo.xpm_fifo_base_inst'
Finished Sourcing Tcl File [C:/Xilinx/Vivado/2018.2/data/ip/xpm/xpm_fifo/tcl/xpm_fifo_rst.tcl] for cell 'OLEDrgb_i/PmodOLEDrgb_0/inst/axi_quad_spi_0/U0/NO_DUAL_QUAD_MODE.QSPI_NORMAL/QSPI_LEGACY_MD_GEN.QSPI_CORE_INTERFACE_I/FIFO_EXISTS.RX_FIFO_II/xpm_fifo_instance.xpm_fifo_async_inst/gnuram_async_fifo.xpm_fifo_base_inst'
INFO: [Opt 31-138] Pushed 0 inverter(s) to 0 load pin(s).
Generating merged BMM file for the design top 'OLEDrgb_wrapper'...
INFO: [Memdata 28-144] Successfully populated the BRAM INIT strings from the following elf files: c:/Users/Student/Desktop/152B_Labs_Turner_Liu/capstone/capstone.srcs/sources_1/bd/OLEDrgb/ip/OLEDrgb_microblaze_0_0/data/mb_bootloop_le.elf 
INFO: [Project 1-111] Unisim Transformation Summary:
  A total of 108 instances were transformed.
  IOBUF => IOBUF (IBUF, OBUFT): 8 instances
  LUT6_2 => LUT6_2 (LUT5, LUT6): 80 instances
  RAM32M => RAM32M (RAMD32, RAMD32, RAMD32, RAMD32, RAMD32, RAMD32, RAMS32, RAMS32): 20 instances

35 Infos, 10 Warnings, 56 Critical Warnings and 0 Errors encountered.
link_design completed successfully
link_design: Time (s): cpu = 00:00:15 ; elapsed = 00:00:28 . Memory (MB): peak = 1368.754 ; gain = 940.859
Command: opt_design
Attempting to get a license for feature 'Implementation' and/or device 'xc7a35t'
INFO: [Common 17-349] Got license for feature 'Implementation' and/or device 'xc7a35t'
Running DRC as a precondition to command opt_design

Starting DRC Task
INFO: [DRC 23-27] Running DRC with 2 threads
INFO: [Project 1-461] DRC finished with 0 Errors
INFO: [Project 1-462] Please refer to the DRC report (report_drc) for more information.

Time (s): cpu = 00:00:01 ; elapsed = 00:00:00.802 . Memory (MB): peak = 1368.754 ; gain = 0.000

Starting Cache Timing Information Task
INFO: [Timing 38-35] Done setting XDC timing constraints.
Ending Cache Timing Information Task | Checksum: 25fba256d

Time (s): cpu = 00:00:00 ; elapsed = 00:00:00.330 . Memory (MB): peak = 1368.754 ; gain = 0.000

Starting Logic Optimization Task

Phase 1 Retarget
INFO: [Opt 31-138] Pushed 1 inverter(s) to 1 load pin(s).
INFO: [Opt 31-49] Retargeted 0 cell(s).
Phase 1 Retarget | Checksum: 155a33bf2

Time (s): cpu = 00:00:00 ; elapsed = 00:00:00.689 . Memory (MB): peak = 1368.754 ; gain = 0.000
INFO: [Opt 31-389] Phase Retarget created 0 cells and removed 0 cells

Phase 2 Constant propagation
INFO: [Opt 31-138] Pushed 0 inverter(s) to 0 load pin(s).
Phase 2 Constant propagation | Checksum: 1a8d0a6ae

Time (s): cpu = 00:00:01 ; elapsed = 00:00:00.886 . Memory (MB): peak = 1368.754 ; gain = 0.000
INFO: [Opt 31-389] Phase Constant propagation created 30 cells and removed 106 cells

Phase 3 Sweep
Phase 3 Sweep | Checksum: 1ea1b1456

Time (s): cpu = 00:00:01 ; elapsed = 00:00:02 . Memory (MB): peak = 1368.754 ; gain = 0.000
INFO: [Opt 31-389] Phase Sweep created 0 cells and removed 807 cells

Phase 4 BUFG optimization
Phase 4 BUFG optimization | Checksum: 1ea1b1456

Time (s): cpu = 00:00:01 ; elapsed = 00:00:02 . Memory (MB): peak = 1368.754 ; gain = 0.000
INFO: [Opt 31-662] Phase BUFG optimization created 0 cells of which 0 are BUFGs and removed 0 cells.

Phase 5 Shift Register Optimization
Phase 5 Shift Register Optimization | Checksum: 15e557cea

Time (s): cpu = 00:00:02 ; elapsed = 00:00:02 . Memory (MB): peak = 1368.754 ; gain = 0.000
INFO: [Opt 31-389] Phase Shift Register Optimization created 0 cells and removed 0 cells

Phase 6 Post Processing Netlist
Phase 6 Post Processing Netlist | Checksum: 15e557cea

Time (s): cpu = 00:00:02 ; elapsed = 00:00:02 . Memory (MB): peak = 1368.754 ; gain = 0.000
INFO: [Opt 31-389] Phase Post Processing Netlist created 0 cells and removed 0 cells

Starting Connectivity Check Task

Time (s): cpu = 00:00:00 ; elapsed = 00:00:00.012 . Memory (MB): peak = 1368.754 ; gain = 0.000
Ending Logic Optimization Task | Checksum: 15e557cea

Time (s): cpu = 00:00:02 ; elapsed = 00:00:02 . Memory (MB): peak = 1368.754 ; gain = 0.000

Starting Power Optimization Task
INFO: [Pwropt 34-132] Skipping clock gating for clocks with a period < 2.00 ns.
INFO: [Timing 38-35] Done setting XDC timing constraints.
INFO: [Physopt 32-619] Estimated Timing Summary | WNS=3.513 | TNS=0.000 |
Running Vector-less Activity Propagation...
INFO: [Pwropt 34-9] Applying IDT optimizations ...
INFO: [Pwropt 34-10] Applying ODC optimizations ...

Finished Running Vector-less Activity Propagation


Starting PowerOpt Patch Enables Task
INFO: [Pwropt 34-162] WRITE_MODE attribute of 0 BRAM(s) out of a total of 32 has been updated to save power. Run report_power_opt to get a complete listing of the BRAMs updated.
INFO: [Pwropt 34-201] Structural ODC has moved 0 WE to EN ports
Number of BRAM Ports augmented: 32 newly gated: 0 Total Ports: 64
Ending PowerOpt Patch Enables Task | Checksum: 22de05ee0

Time (s): cpu = 00:00:00 ; elapsed = 00:00:00.265 . Memory (MB): peak = 1587.629 ; gain = 0.000
Ending Power Optimization Task | Checksum: 22de05ee0

Time (s): cpu = 00:00:04 ; elapsed = 00:00:04 . Memory (MB): peak = 1587.629 ; gain = 218.875

Starting Final Cleanup Task

Starting Logic Optimization Task
INFO: [Timing 38-35] Done setting XDC timing constraints.
Ending Logic Optimization Task | Checksum: ff378f1e

Time (s): cpu = 00:00:01 ; elapsed = 00:00:00.690 . Memory (MB): peak = 1587.629 ; gain = 0.000
Ending Final Cleanup Task | Checksum: ff378f1e

Time (s): cpu = 00:00:01 ; elapsed = 00:00:00.725 . Memory (MB): peak = 1587.629 ; gain = 0.000
INFO: [Common 17-83] Releasing license: Implementation
58 Infos, 10 Warnings, 56 Critical Warnings and 0 Errors encountered.
opt_design completed successfully
opt_design: Time (s): cpu = 00:00:08 ; elapsed = 00:00:08 . Memory (MB): peak = 1587.629 ; gain = 218.875
INFO: [Timing 38-480] Writing timing data to binary archive.
Writing placer database...
Writing XDEF routing.
Writing XDEF routing logical nets.
Writing XDEF routing special nets.
Write XDEF Complete: Time (s): cpu = 00:00:00 ; elapsed = 00:00:00.045 . Memory (MB): peak = 1587.629 ; gain = 0.000
INFO: [Common 17-1381] The checkpoint 'C:/Users/Student/Desktop/152B_Labs_Turner_Liu/capstone/capstone.runs/impl_1/OLEDrgb_wrapper_opt.dcp' has been generated.
INFO: [runtcl-4] Executing : report_drc -file OLEDrgb_wrapper_drc_opted.rpt -pb OLEDrgb_wrapper_drc_opted.pb -rpx OLEDrgb_wrapper_drc_opted.rpx
Command: report_drc -file OLEDrgb_wrapper_drc_opted.rpt -pb OLEDrgb_wrapper_drc_opted.pb -rpx OLEDrgb_wrapper_drc_opted.rpx
INFO: [DRC 23-27] Running DRC with 2 threads
INFO: [Coretcl 2-168] The results of DRC are in file C:/Users/Student/Desktop/152B_Labs_Turner_Liu/capstone/capstone.runs/impl_1/OLEDrgb_wrapper_drc_opted.rpt.
report_drc completed successfully
Command: place_design
Attempting to get a license for feature 'Implementation' and/or device 'xc7a35t'
INFO: [Common 17-349] Got license for feature 'Implementation' and/or device 'xc7a35t'
INFO: [DRC 23-27] Running DRC with 2 threads
INFO: [Vivado_Tcl 4-198] DRC finished with 0 Errors
INFO: [Vivado_Tcl 4-199] Please refer to the DRC report (report_drc) for more information.
Running DRC as a precondition to command place_design
INFO: [DRC 23-27] Running DRC with 2 threads
INFO: [Vivado_Tcl 4-198] DRC finished with 0 Errors
INFO: [Vivado_Tcl 4-199] Please refer to the DRC report (report_drc) for more information.

Starting Placer Task
INFO: [Place 30-611] Multithreading enabled for place_design using a maximum of 2 CPUs

Phase 1 Placer Initialization

Phase 1.1 Placer Initialization Netlist Sorting
Netlist sorting complete. Time (s): cpu = 00:00:00 ; elapsed = 00:00:00.020 . Memory (MB): peak = 1587.629 ; gain = 0.000
Phase 1.1 Placer Initialization Netlist Sorting | Checksum: e34a0978

Time (s): cpu = 00:00:00 ; elapsed = 00:00:00.037 . Memory (MB): peak = 1587.629 ; gain = 0.000
INFO: [Timing 38-35] Done setting XDC timing constraints.
INFO: [Opt 31-138] Pushed 0 inverter(s) to 0 load pin(s).
Netlist sorting complete. Time (s): cpu = 00:00:00 ; elapsed = 00:00:00.020 . Memory (MB): peak = 1587.629 ; gain = 0.000

Phase 1.2 IO Placement/ Clock Placement/ Build Placer Device
INFO: [Timing 38-35] Done setting XDC timing constraints.
Phase 1.2 IO Placement/ Clock Placement/ Build Placer Device | Checksum: 1dfd896bc

Time (s): cpu = 00:00:02 ; elapsed = 00:00:02 . Memory (MB): peak = 1587.629 ; gain = 0.000

Phase 1.3 Build Placer Netlist Model
Phase 1.3 Build Placer Netlist Model | Checksum: 1c7986ffb

Time (s): cpu = 00:00:03 ; elapsed = 00:00:03 . Memory (MB): peak = 1587.629 ; gain = 0.000

Phase 1.4 Constrain Clocks/Macros
Phase 1.4 Constrain Clocks/Macros | Checksum: 1c7986ffb

Time (s): cpu = 00:00:03 ; elapsed = 00:00:03 . Memory (MB): peak = 1587.629 ; gain = 0.000
Phase 1 Placer Initialization | Checksum: 1c7986ffb

Time (s): cpu = 00:00:03 ; elapsed = 00:00:03 . Memory (MB): peak = 1587.629 ; gain = 0.000

Phase 2 Global Placement

Phase 2.1 Floorplanning
Phase 2.1 Floorplanning | Checksum: 1a809124c

Time (s): cpu = 00:00:03 ; elapsed = 00:00:03 . Memory (MB): peak = 1587.629 ; gain = 0.000

Phase 2.2 Physical Synthesis In Placer
INFO: [Physopt 32-65] No nets found for high-fanout optimization.
INFO: [Physopt 32-232] Optimized 0 net. Created 0 new instance.
INFO: [Physopt 32-775] End 1 Pass. Optimized 0 net or cell. Created 0 new cell, deleted 0 existing cell and moved 0 existing cell
Netlist sorting complete. Time (s): cpu = 00:00:00 ; elapsed = 00:00:00.020 . Memory (MB): peak = 1587.629 ; gain = 0.000

Summary of Physical Synthesis Optimizations
============================================


-----------------------------------------------------------------------------------------------------------------------------
|  Optimization       |  Added Cells  |  Removed Cells  |  Optimized Cells/Nets  |  Dont Touch  |  Iterations  |  Elapsed   |
-----------------------------------------------------------------------------------------------------------------------------
|  Very High Fanout   |            0  |              0  |                     0  |           0  |           1  |  00:00:00  |
|  Total              |            0  |              0  |                     0  |           0  |           1  |  00:00:00  |
-----------------------------------------------------------------------------------------------------------------------------


Phase 2.2 Physical Synthesis In Placer | Checksum: 147e46f20

Time (s): cpu = 00:00:07 ; elapsed = 00:00:07 . Memory (MB): peak = 1587.629 ; gain = 0.000
Phase 2 Global Placement | Checksum: 5bf8fba7

Time (s): cpu = 00:00:07 ; elapsed = 00:00:07 . Memory (MB): peak = 1587.629 ; gain = 0.000

Phase 3 Detail Placement

Phase 3.1 Commit Multi Column Macros
Phase 3.1 Commit Multi Column Macros | Checksum: 5bf8fba7

Time (s): cpu = 00:00:07 ; elapsed = 00:00:07 . Memory (MB): peak = 1587.629 ; gain = 0.000

Phase 3.2 Commit Most Macros & LUTRAMs
Phase 3.2 Commit Most Macros & LUTRAMs | Checksum: 1a6437bfe

Time (s): cpu = 00:00:07 ; elapsed = 00:00:08 . Memory (MB): peak = 1587.629 ; gain = 0.000

Phase 3.3 Area Swap Optimization
Phase 3.3 Area Swap Optimization | Checksum: 18ed0a060

Time (s): cpu = 00:00:07 ; elapsed = 00:00:08 . Memory (MB): peak = 1587.629 ; gain = 0.000

Phase 3.4 Pipeline Register Optimization
Phase 3.4 Pipeline Register Optimization | Checksum: 15a04af87

Time (s): cpu = 00:00:07 ; elapsed = 00:00:08 . Memory (MB): peak = 1587.629 ; gain = 0.000

Phase 3.5 Small Shape Detail Placement
Phase 3.5 Small Shape Detail Placement | Checksum: 115cd2a08

Time (s): cpu = 00:00:08 ; elapsed = 00:00:09 . Memory (MB): peak = 1587.629 ; gain = 0.000

Phase 3.6 Re-assign LUT pins
Phase 3.6 Re-assign LUT pins | Checksum: c21240b6

Time (s): cpu = 00:00:09 ; elapsed = 00:00:09 . Memory (MB): peak = 1587.629 ; gain = 0.000

Phase 3.7 Pipeline Register Optimization
Phase 3.7 Pipeline Register Optimization | Checksum: c21240b6

Time (s): cpu = 00:00:09 ; elapsed = 00:00:09 . Memory (MB): peak = 1587.629 ; gain = 0.000
Phase 3 Detail Placement | Checksum: c21240b6

Time (s): cpu = 00:00:09 ; elapsed = 00:00:09 . Memory (MB): peak = 1587.629 ; gain = 0.000

Phase 4 Post Placement Optimization and Clean-Up

Phase 4.1 Post Commit Optimization
INFO: [Timing 38-35] Done setting XDC timing constraints.

Phase 4.1.1 Post Placement Optimization
Post Placement Optimization Initialization | Checksum: 1568bf197

Phase 4.1.1.1 BUFG Insertion
INFO: [Place 46-31] BUFG insertion identified 0 candidate nets, 0 success, 0 skipped for placement/routing, 0 skipped for timing, 0 skipped for netlist change reason.
Phase 4.1.1.1 BUFG Insertion | Checksum: 1568bf197

Time (s): cpu = 00:00:09 ; elapsed = 00:00:10 . Memory (MB): peak = 1587.629 ; gain = 0.000
INFO: [Place 30-746] Post Placement Timing Summary WNS=1.910. For the most accurate timing information please run report_timing.
Phase 4.1.1 Post Placement Optimization | Checksum: 1bb1eb7ca

Time (s): cpu = 00:00:09 ; elapsed = 00:00:10 . Memory (MB): peak = 1587.629 ; gain = 0.000
Phase 4.1 Post Commit Optimization | Checksum: 1bb1eb7ca

Time (s): cpu = 00:00:09 ; elapsed = 00:00:10 . Memory (MB): peak = 1587.629 ; gain = 0.000

Phase 4.2 Post Placement Cleanup
Phase 4.2 Post Placement Cleanup | Checksum: 1bb1eb7ca

Time (s): cpu = 00:00:09 ; elapsed = 00:00:10 . Memory (MB): peak = 1587.629 ; gain = 0.000

Phase 4.3 Placer Reporting
Phase 4.3 Placer Reporting | Checksum: 1bb1eb7ca

Time (s): cpu = 00:00:09 ; elapsed = 00:00:10 . Memory (MB): peak = 1587.629 ; gain = 0.000

Phase 4.4 Final Placement Cleanup
Phase 4.4 Final Placement Cleanup | Checksum: 1c87545ce

Time (s): cpu = 00:00:10 ; elapsed = 00:00:10 . Memory (MB): peak = 1587.629 ; gain = 0.000
Phase 4 Post Placement Optimization and Clean-Up | Checksum: 1c87545ce

Time (s): cpu = 00:00:10 ; elapsed = 00:00:10 . Memory (MB): peak = 1587.629 ; gain = 0.000
Ending Placer Task | Checksum: 12ae6cbca

Time (s): cpu = 00:00:10 ; elapsed = 00:00:10 . Memory (MB): peak = 1587.629 ; gain = 0.000
INFO: [Common 17-83] Releasing license: Implementation
81 Infos, 10 Warnings, 56 Critical Warnings and 0 Errors encountered.
place_design completed successfully
place_design: Time (s): cpu = 00:00:11 ; elapsed = 00:00:11 . Memory (MB): peak = 1587.629 ; gain = 0.000
INFO: [Timing 38-480] Writing timing data to binary archive.
Writing placer database...
Writing XDEF routing.
Writing XDEF routing logical nets.
Writing XDEF routing special nets.
Write XDEF Complete: Time (s): cpu = 00:00:01 ; elapsed = 00:00:00.371 . Memory (MB): peak = 1587.629 ; gain = 0.000
INFO: [Common 17-1381] The checkpoint 'C:/Users/Student/Desktop/152B_Labs_Turner_Liu/capstone/capstone.runs/impl_1/OLEDrgb_wrapper_placed.dcp' has been generated.
INFO: [runtcl-4] Executing : report_io -file OLEDrgb_wrapper_io_placed.rpt
report_io: Time (s): cpu = 00:00:00 ; elapsed = 00:00:00.039 . Memory (MB): peak = 1587.629 ; gain = 0.000
INFO: [runtcl-4] Executing : report_utilization -file OLEDrgb_wrapper_utilization_placed.rpt -pb OLEDrgb_wrapper_utilization_placed.pb
report_utilization: Time (s): cpu = 00:00:00 ; elapsed = 00:00:00.066 . Memory (MB): peak = 1587.629 ; gain = 0.000
INFO: [runtcl-4] Executing : report_control_sets -verbose -file OLEDrgb_wrapper_control_sets_placed.rpt
report_control_sets: Time (s): cpu = 00:00:00 ; elapsed = 00:00:00.025 . Memory (MB): peak = 1587.629 ; gain = 0.000
Command: route_design
Attempting to get a license for feature 'Implementation' and/or device 'xc7a35t'
INFO: [Common 17-349] Got license for feature 'Implementation' and/or device 'xc7a35t'
Running DRC as a precondition to command route_design
INFO: [DRC 23-27] Running DRC with 2 threads
INFO: [Vivado_Tcl 4-198] DRC finished with 0 Errors
INFO: [Vivado_Tcl 4-199] Please refer to the DRC report (report_drc) for more information.


Starting Routing Task
INFO: [Route 35-254] Multithreading enabled for route_design using a maximum of 2 CPUs
Checksum: PlaceDB: 31a74a24 ConstDB: 0 ShapeSum: f93f81a6 RouteDB: 0

Phase 1 Build RT Design
Phase 1 Build RT Design | Checksum: ed30d667

Time (s): cpu = 00:00:20 ; elapsed = 00:00:19 . Memory (MB): peak = 1587.629 ; gain = 0.000
Post Restoration Checksum: NetGraph: 82b44b56 NumContArr: 6a7c8b11 Constraints: 0 Timing: 0

Phase 2 Router Initialization

Phase 2.1 Create Timer
Phase 2.1 Create Timer | Checksum: ed30d667

Time (s): cpu = 00:00:20 ; elapsed = 00:00:20 . Memory (MB): peak = 1587.629 ; gain = 0.000

Phase 2.2 Fix Topology Constraints
Phase 2.2 Fix Topology Constraints | Checksum: ed30d667

Time (s): cpu = 00:00:20 ; elapsed = 00:00:20 . Memory (MB): peak = 1587.629 ; gain = 0.000

Phase 2.3 Pre Route Cleanup
Phase 2.3 Pre Route Cleanup | Checksum: ed30d667

Time (s): cpu = 00:00:20 ; elapsed = 00:00:20 . Memory (MB): peak = 1587.629 ; gain = 0.000
 Number of Nodes with overlaps = 0

Phase 2.4 Update Timing
Phase 2.4 Update Timing | Checksum: 14b2d6cce

Time (s): cpu = 00:00:21 ; elapsed = 00:00:21 . Memory (MB): peak = 1587.629 ; gain = 0.000
INFO: [Route 35-416] Intermediate Timing Summary | WNS=2.093  | TNS=0.000  | WHS=-0.172 | THS=-71.829|

Phase 2 Router Initialization | Checksum: 18946e8b4

Time (s): cpu = 00:00:21 ; elapsed = 00:00:21 . Memory (MB): peak = 1587.629 ; gain = 0.000

Phase 3 Initial Routing
Phase 3 Initial Routing | Checksum: 1dbb44d7b

Time (s): cpu = 00:00:25 ; elapsed = 00:00:24 . Memory (MB): peak = 1587.629 ; gain = 0.000

Phase 4 Rip-up And Reroute

Phase 4.1 Global Iteration 0
 Number of Nodes with overlaps = 470
 Number of Nodes with overlaps = 34
 Number of Nodes with overlaps = 9
 Number of Nodes with overlaps = 3
 Number of Nodes with overlaps = 2
 Number of Nodes with overlaps = 0
INFO: [Route 35-416] Intermediate Timing Summary | WNS=1.444  | TNS=0.000  | WHS=N/A    | THS=N/A    |

Phase 4.1 Global Iteration 0 | Checksum: 101aae84a

Time (s): cpu = 00:00:28 ; elapsed = 00:00:26 . Memory (MB): peak = 1587.629 ; gain = 0.000

Phase 4.2 Global Iteration 1
 Number of Nodes with overlaps = 3
 Number of Nodes with overlaps = 2
 Number of Nodes with overlaps = 1
 Number of Nodes with overlaps = 0
INFO: [Route 35-416] Intermediate Timing Summary | WNS=1.444  | TNS=0.000  | WHS=N/A    | THS=N/A    |

Phase 4.2 Global Iteration 1 | Checksum: 6c2f7e38

Time (s): cpu = 00:00:29 ; elapsed = 00:00:27 . Memory (MB): peak = 1587.629 ; gain = 0.000

Phase 4.3 Global Iteration 2
 Number of Nodes with overlaps = 0
INFO: [Route 35-416] Intermediate Timing Summary | WNS=1.444  | TNS=0.000  | WHS=N/A    | THS=N/A    |

Phase 4.3 Global Iteration 2 | Checksum: c27be9a1

Time (s): cpu = 00:00:29 ; elapsed = 00:00:27 . Memory (MB): peak = 1587.629 ; gain = 0.000
Phase 4 Rip-up And Reroute | Checksum: c27be9a1

Time (s): cpu = 00:00:29 ; elapsed = 00:00:27 . Memory (MB): peak = 1587.629 ; gain = 0.000

Phase 5 Delay and Skew Optimization

Phase 5.1 Delay CleanUp
Phase 5.1 Delay CleanUp | Checksum: c27be9a1

Time (s): cpu = 00:00:29 ; elapsed = 00:00:27 . Memory (MB): peak = 1587.629 ; gain = 0.000

Phase 5.2 Clock Skew Optimization
Phase 5.2 Clock Skew Optimization | Checksum: c27be9a1

Time (s): cpu = 00:00:29 ; elapsed = 00:00:27 . Memory (MB): peak = 1587.629 ; gain = 0.000
Phase 5 Delay and Skew Optimization | Checksum: c27be9a1

Time (s): cpu = 00:00:29 ; elapsed = 00:00:27 . Memory (MB): peak = 1587.629 ; gain = 0.000

Phase 6 Post Hold Fix

Phase 6.1 Hold Fix Iter

Phase 6.1.1 Update Timing
Phase 6.1.1 Update Timing | Checksum: 1133bf6c8

Time (s): cpu = 00:00:29 ; elapsed = 00:00:27 . Memory (MB): peak = 1587.629 ; gain = 0.000
INFO: [Route 35-416] Intermediate Timing Summary | WNS=1.451  | TNS=0.000  | WHS=0.069  | THS=0.000  |

Phase 6.1 Hold Fix Iter | Checksum: 50163d12

Time (s): cpu = 00:00:29 ; elapsed = 00:00:27 . Memory (MB): peak = 1587.629 ; gain = 0.000
Phase 6 Post Hold Fix | Checksum: 50163d12

Time (s): cpu = 00:00:29 ; elapsed = 00:00:27 . Memory (MB): peak = 1587.629 ; gain = 0.000

Phase 7 Route finalize

Router Utilization Summary
  Global Vertical Routing Utilization    = 1.71681 %
  Global Horizontal Routing Utilization  = 1.82431 %
  Routable Net Status*
  *Does not include unroutable nets such as driverless and loadless.
  Run report_route_status for detailed report.
  Number of Failed Nets               = 0
  Number of Unrouted Nets             = 0
  Number of Partially Routed Nets     = 0
  Number of Node Overlaps             = 0

Phase 7 Route finalize | Checksum: bc4c4d61

Time (s): cpu = 00:00:29 ; elapsed = 00:00:27 . Memory (MB): peak = 1587.629 ; gain = 0.000

Phase 8 Verifying routed nets

 Verification completed successfully
Phase 8 Verifying routed nets | Checksum: bc4c4d61

Time (s): cpu = 00:00:29 ; elapsed = 00:00:27 . Memory (MB): peak = 1587.629 ; gain = 0.000

Phase 9 Depositing Routes
Phase 9 Depositing Routes | Checksum: a0d33363

Time (s): cpu = 00:00:29 ; elapsed = 00:00:27 . Memory (MB): peak = 1587.629 ; gain = 0.000

Phase 10 Post Router Timing
INFO: [Route 35-57] Estimated Timing Summary | WNS=1.451  | TNS=0.000  | WHS=0.069  | THS=0.000  |

INFO: [Route 35-327] The final timing numbers are based on the router estimated timing analysis. For a complete and accurate timing signoff, please run report_timing_summary.
Phase 10 Post Router Timing | Checksum: a0d33363

Time (s): cpu = 00:00:29 ; elapsed = 00:00:27 . Memory (MB): peak = 1587.629 ; gain = 0.000
INFO: [Route 35-16] Router Completed Successfully

Time (s): cpu = 00:00:29 ; elapsed = 00:00:27 . Memory (MB): peak = 1587.629 ; gain = 0.000

Routing Is Done.
INFO: [Common 17-83] Releasing license: Implementation
100 Infos, 10 Warnings, 56 Critical Warnings and 0 Errors encountered.
route_design completed successfully
route_design: Time (s): cpu = 00:00:30 ; elapsed = 00:00:28 . Memory (MB): peak = 1587.629 ; gain = 0.000
INFO: [Timing 38-480] Writing timing data to binary archive.
Writing placer database...
Writing XDEF routing.
Writing XDEF routing logical nets.
Writing XDEF routing special nets.
Write XDEF Complete: Time (s): cpu = 00:00:02 ; elapsed = 00:00:00.439 . Memory (MB): peak = 1587.629 ; gain = 0.000
INFO: [Common 17-1381] The checkpoint 'C:/Users/Student/Desktop/152B_Labs_Turner_Liu/capstone/capstone.runs/impl_1/OLEDrgb_wrapper_routed.dcp' has been generated.
INFO: [runtcl-4] Executing : report_drc -file OLEDrgb_wrapper_drc_routed.rpt -pb OLEDrgb_wrapper_drc_routed.pb -rpx OLEDrgb_wrapper_drc_routed.rpx
Command: report_drc -file OLEDrgb_wrapper_drc_routed.rpt -pb OLEDrgb_wrapper_drc_routed.pb -rpx OLEDrgb_wrapper_drc_routed.rpx
INFO: [DRC 23-27] Running DRC with 2 threads
INFO: [Coretcl 2-168] The results of DRC are in file C:/Users/Student/Desktop/152B_Labs_Turner_Liu/capstone/capstone.runs/impl_1/OLEDrgb_wrapper_drc_routed.rpt.
report_drc completed successfully
INFO: [runtcl-4] Executing : report_methodology -file OLEDrgb_wrapper_methodology_drc_routed.rpt -pb OLEDrgb_wrapper_methodology_drc_routed.pb -rpx OLEDrgb_wrapper_methodology_drc_routed.rpx
Command: report_methodology -file OLEDrgb_wrapper_methodology_drc_routed.rpt -pb OLEDrgb_wrapper_methodology_drc_routed.pb -rpx OLEDrgb_wrapper_methodology_drc_routed.rpx
INFO: [Timing 38-35] Done setting XDC timing constraints.
INFO: [Timing 38-35] Done setting XDC timing constraints.
INFO: [DRC 23-133] Running Methodology with 2 threads
INFO: [Coretcl 2-1520] The results of Report Methodology are in file C:/Users/Student/Desktop/152B_Labs_Turner_Liu/capstone/capstone.runs/impl_1/OLEDrgb_wrapper_methodology_drc_routed.rpt.
report_methodology completed successfully
INFO: [runtcl-4] Executing : report_power -file OLEDrgb_wrapper_power_routed.rpt -pb OLEDrgb_wrapper_power_summary_routed.pb -rpx OLEDrgb_wrapper_power_routed.rpx
Command: report_power -file OLEDrgb_wrapper_power_routed.rpt -pb OLEDrgb_wrapper_power_summary_routed.pb -rpx OLEDrgb_wrapper_power_routed.rpx
INFO: [Timing 38-35] Done setting XDC timing constraints.
Running Vector-less Activity Propagation...

Finished Running Vector-less Activity Propagation
WARNING: [Power 33-332] Found switching activity that implies high-fanout reset nets being asserted for excessive periods of time which may result in inaccurate power analysis.
Resolution: To review and fix problems, please run Power Constraints Advisor in the GUI from Tools > Power Constraints Advisor or run report_power with the -advisory option to generate a text report.
112 Infos, 11 Warnings, 56 Critical Warnings and 0 Errors encountered.
report_power completed successfully
INFO: [runtcl-4] Executing : report_route_status -file OLEDrgb_wrapper_route_status.rpt -pb OLEDrgb_wrapper_route_status.pb
INFO: [runtcl-4] Executing : report_timing_summary -max_paths 10 -file OLEDrgb_wrapper_timing_summary_routed.rpt -pb OLEDrgb_wrapper_timing_summary_routed.pb -rpx OLEDrgb_wrapper_timing_summary_routed.rpx -warn_on_violation 
INFO: [Timing 38-91] UpdateTimingParams: Speed grade: -1, Delay Type: min_max, Timing Stage: Requireds.
INFO: [Timing 38-191] Multithreading enabled for timing update using a maximum of 2 CPUs
INFO: [runtcl-4] Executing : report_incremental_reuse -file OLEDrgb_wrapper_incremental_reuse_routed.rpt
INFO: [Vivado_Tcl 4-545] No incremental reuse to report, no incremental placement and routing data was found.
INFO: [runtcl-4] Executing : report_clock_utilization -file OLEDrgb_wrapper_clock_utilization_routed.rpt
INFO: [runtcl-4] Executing : report_bus_skew -warn_on_violation -file OLEDrgb_wrapper_bus_skew_routed.rpt -pb OLEDrgb_wrapper_bus_skew_routed.pb -rpx OLEDrgb_wrapper_bus_skew_routed.rpx
INFO: [Timing 38-91] UpdateTimingParams: Speed grade: -1, Delay Type: min_max, Timing Stage: Requireds.
INFO: [Timing 38-191] Multithreading enabled for timing update using a maximum of 2 CPUs
INFO: [Memdata 28-167] Found XPM memory block OLEDrgb_i/PmodOLEDrgb_0/inst/axi_quad_spi_0/U0/NO_DUAL_QUAD_MODE.QSPI_NORMAL/QSPI_LEGACY_MD_GEN.QSPI_CORE_INTERFACE_I/FIFO_EXISTS.TX_FIFO_II/xpm_fifo_instance.xpm_fifo_async_inst/gnuram_async_fifo.xpm_fifo_base_inst/gen_sdpram.xpm_memory_base_inst with a P_MEMORY_PRIMITIVE property set to auto. A value of block is required. You will not be able to use the updatemem program to update the bitstream with new data for the OLEDrgb_i/PmodOLEDrgb_0/inst/axi_quad_spi_0/U0/NO_DUAL_QUAD_MODE.QSPI_NORMAL/QSPI_LEGACY_MD_GEN.QSPI_CORE_INTERFACE_I/FIFO_EXISTS.TX_FIFO_II/xpm_fifo_instance.xpm_fifo_async_inst/gnuram_async_fifo.xpm_fifo_base_inst/gen_sdpram.xpm_memory_base_inst block.
INFO: [Memdata 28-167] Found XPM memory block OLEDrgb_i/PmodOLEDrgb_0/inst/axi_quad_spi_0/U0/NO_DUAL_QUAD_MODE.QSPI_NORMAL/QSPI_LEGACY_MD_GEN.QSPI_CORE_INTERFACE_I/FIFO_EXISTS.RX_FIFO_II/xpm_fifo_instance.xpm_fifo_async_inst/gnuram_async_fifo.xpm_fifo_base_inst/gen_sdpram.xpm_memory_base_inst with a P_MEMORY_PRIMITIVE property set to auto. A value of block is required. You will not be able to use the updatemem program to update the bitstream with new data for the OLEDrgb_i/PmodOLEDrgb_0/inst/axi_quad_spi_0/U0/NO_DUAL_QUAD_MODE.QSPI_NORMAL/QSPI_LEGACY_MD_GEN.QSPI_CORE_INTERFACE_I/FIFO_EXISTS.RX_FIFO_II/xpm_fifo_instance.xpm_fifo_async_inst/gnuram_async_fifo.xpm_fifo_base_inst/gen_sdpram.xpm_memory_base_inst block.
Command: write_bitstream -force OLEDrgb_wrapper.bit
Attempting to get a license for feature 'Implementation' and/or device 'xc7a35t'
INFO: [Common 17-349] Got license for feature 'Implementation' and/or device 'xc7a35t'
Running DRC as a precondition to command write_bitstream
INFO: [DRC 23-27] Running DRC with 2 threads
WARNING: [DRC BUFC-1] Input Buffer Connections: Input buffer jc_pin1_iobuf/IBUF has no loads. It is recommended to have an input buffer drive an internal load.
WARNING: [DRC BUFC-1] Input Buffer Connections: Input buffer jc_pin4_iobuf/IBUF has no loads. It is recommended to have an input buffer drive an internal load.
WARNING: [DRC CFGBVS-1] Missing CFGBVS and CONFIG_VOLTAGE Design Properties: Neither the CFGBVS nor CONFIG_VOLTAGE voltage property is set in the current_design.  Configuration bank voltage select (CFGBVS) must be set to VCCO or GND, and CONFIG_VOLTAGE must be set to the correct configuration voltage, in order to determine the I/O voltage support for the pins in bank 0.  It is suggested to specify these either using the 'Edit Device Properties' function in the GUI or directly in the XDC file using the following syntax:

 set_property CFGBVS value1 [current_design]
 #where value1 is either VCCO or GND

 set_property CONFIG_VOLTAGE value2 [current_design]
 #where value2 is the voltage provided to configuration bank 0

Refer to the device configuration user guide for more information.
INFO: [Vivado 12-3199] DRC finished with 0 Errors, 3 Warnings
INFO: [Vivado 12-3200] Please refer to the DRC report (report_drc) for more information.
INFO: [Designutils 20-2272] Running write_bitstream with 2 threads.
Loading data files...
Loading site data...
Loading route data...
Processing options...
Creating bitmap...
Creating bitstream...
Writing bitstream ./OLEDrgb_wrapper.bit...
INFO: [Vivado 12-1842] Bitgen Completed Successfully.
INFO: [Project 1-120] WebTalk data collection is mandatory when using a WebPACK part without a full Vivado license. To see the specific WebTalk data collected for your design, open the usage_statistics_webtalk.html or usage_statistics_webtalk.xml file in the implementation directory.
INFO: [Common 17-83] Releasing license: Implementation
132 Infos, 14 Warnings, 56 Critical Warnings and 0 Errors encountered.
write_bitstream completed successfully
write_bitstream: Time (s): cpu = 00:00:14 ; elapsed = 00:00:14 . Memory (MB): peak = 1981.348 ; gain = 393.719
INFO: [Common 17-206] Exiting Vivado at Mon Jun  3 14:48:06 2024...
