Copyright 1986-2018 Xilinx, Inc. All Rights Reserved.
------------------------------------------------------------------------------------------
| Tool Version : Vivado v.2018.2 (win64) Build 2258646 Thu Jun 14 20:03:12 MDT 2018
| Date         : Mon Jun  3 20:53:26 2024
| Host         : MotherOfGod running 64-bit major release  (build 9200)
| Command      : report_control_sets -verbose -file OLED2_wrapper_control_sets_placed.rpt
| Design       : OLED2_wrapper
| Device       : xc7a35t
------------------------------------------------------------------------------------------

Control Set Information

Table of Contents
-----------------
1. Summary
2. Histogram
3. Flip-Flop Distribution
4. Detailed Control Set Information

1. Summary
----------

+----------------------------------------------------------+-------+
|                          Status                          | Count |
+----------------------------------------------------------+-------+
| Number of unique control sets                            |    83 |
| Unused register locations in slices containing registers |   160 |
+----------------------------------------------------------+-------+


2. Histogram
------------

+--------+--------------+
| Fanout | Control Sets |
+--------+--------------+
|      2 |            8 |
|      4 |            2 |
|      6 |            1 |
|      8 |           15 |
|     10 |            2 |
|     12 |            6 |
|     14 |            1 |
|    16+ |           48 |
+--------+--------------+


3. Flip-Flop Distribution
-------------------------

+--------------+-----------------------+------------------------+-----------------+--------------+
| Clock Enable | Synchronous Set/Reset | Asynchronous Set/Reset | Total Registers | Total Slices |
+--------------+-----------------------+------------------------+-----------------+--------------+
| No           | No                    | No                     |             768 |          135 |
| No           | No                    | Yes                    |              58 |            8 |
| No           | Yes                   | No                     |             780 |          146 |
| Yes          | No                    | No                     |             408 |           63 |
| Yes          | No                    | Yes                    |              30 |            8 |
| Yes          | Yes                   | No                     |            1428 |          240 |
+--------------+-----------------------+------------------------+-----------------+--------------+


4. Detailed Control Set Information
-----------------------------------

+----------------------------------------------------------+---------------------------------------------------------------------------------------------------------------------------------------------------------------------------------------------------------+----------------------------------------------------------------------------------------------------------------------------------------------------+------------------+----------------+
|                       Clock Signal                       |                                                                                              Enable Signal                                                                                              |                                                                  Set/Reset Signal                                                                  | Slice Load Count | Bel Load Count |
+----------------------------------------------------------+---------------------------------------------------------------------------------------------------------------------------------------------------------------------------------------------------------+----------------------------------------------------------------------------------------------------------------------------------------------------+------------------+----------------+
|  OLED2_i/mdm_1/U0/No_Dbg_Reg_Access.BUFG_DRCK/Dbg_Clk_31 | OLED2_i/mdm_1/U0/Use_E2.BSCAN_I/Dbg_Capture_0                                                                                                                                                           | OLED2_i/mdm_1/U0/MDM_Core_I1/JTAG_CONTROL_I/sel_with_scan_reset19_out                                                                              |                1 |              2 |
| ~OLED2_i/mdm_1/U0/No_Dbg_Reg_Access.BUFG_DRCK/Dbg_Clk_31 | OLED2_i/mdm_1/U0/MDM_Core_I1/JTAG_CONTROL_I/Use_BSCAN.FDC_I/CE                                                                                                                                          | OLED2_i/mdm_1/U0/MDM_Core_I1/JTAG_CONTROL_I/Use_BSCAN.FDC_I/D_1                                                                                    |                1 |              2 |
| ~OLED2_i/mdm_1/U0/Use_E2.BSCAN_I/Ext_JTAG_UPDATE         |                                                                                                                                                                                                         | OLED2_i/mdm_1/U0/MDM_Core_I1/JTAG_CONTROL_I/sel_n                                                                                                  |                1 |              2 |
|  OLED2_i/mdm_1/U0/Use_E2.BSCAN_I/Ext_JTAG_UPDATE         | OLED2_i/microblaze_0/U0/MicroBlaze_Core_I/Performance.Core/Use_Debug_Logic.Master_Core.Debug_Perf/Control_Reg_En                                                                                        | OLED2_i/microblaze_0/U0/MicroBlaze_Core_I/Performance.Core/Use_Debug_Logic.Master_Core.Debug_Perf/start_single_step_reg_n_0                        |                1 |              2 |
|  OLED2_i/clk_wiz_1/inst/clk_out1                         |                                                                                                                                                                                                         | OLED2_i/microblaze_0/U0/MicroBlaze_Core_I/Performance.Core/Use_Debug_Logic.Master_Core.Debug_Perf/capture_1                                        |                1 |              2 |
|  OLED2_i/mdm_1/U0/Use_E2.BSCAN_I/Ext_JTAG_UPDATE         | OLED2_i/microblaze_0/U0/MicroBlaze_Core_I/Performance.Core/Use_Debug_Logic.Master_Core.Debug_Perf/Control_Reg_En                                                                                        | OLED2_i/microblaze_0/U0/MicroBlaze_Core_I/Performance.Core/Use_Debug_Logic.Master_Core.Debug_Perf/Serial_Dbg_Intf.normal_stop_cmd_i_reg_n_0        |                1 |              2 |
|  OLED2_i/mdm_1/U0/Use_E2.BSCAN_I/Ext_JTAG_UPDATE         | OLED2_i/microblaze_0/U0/MicroBlaze_Core_I/Performance.Core/Use_Debug_Logic.Master_Core.Debug_Perf/Control_Reg_En                                                                                        | OLED2_i/microblaze_0/U0/MicroBlaze_Core_I/Performance.Core/Use_Debug_Logic.Master_Core.Debug_Perf/Performance_Debug_Control.force_stop_cmd_1_reg_0 |                1 |              2 |
|  OLED2_i/mdm_1/U0/Use_E2.BSCAN_I/Ext_JTAG_UPDATE         | OLED2_i/microblaze_0/U0/MicroBlaze_Core_I/Performance.Core/Use_Debug_Logic.Master_Core.Debug_Perf/Control_Reg_En                                                                                        | OLED2_i/microblaze_0/U0/MicroBlaze_Core_I/Performance.Core/Use_Debug_Logic.Master_Core.Debug_Perf/Serial_Dbg_Intf.continue_from_brk_reg_n_0        |                1 |              2 |
|  OLED2_i/clk_wiz_1/inst/clk_out1                         | OLED2_i/microblaze_0/U0/MicroBlaze_Core_I/Performance.Core/Decode_I/Use_MuxCy[10].OF_Piperun_Stage/MUXCY_I/lopt_1                                                                                       |                                                                                                                                                    |                1 |              4 |
|  OLED2_i/mdm_1/U0/Use_E2.BSCAN_I/Ext_JTAG_UPDATE         | OLED2_i/microblaze_0/U0/MicroBlaze_Core_I/Performance.Core/Use_Debug_Logic.Master_Core.Debug_Perf/Serial_Dbg_Intf.command_reg[0]_i_1_n_0                                                                | OLED2_i/microblaze_0/U0/MicroBlaze_Core_I/Performance.Core/Use_Debug_Logic.Master_Core.Debug_Perf/command_reg_clear                                |                1 |              4 |
|  OLED2_i/mdm_1/U0/Use_E2.BSCAN_I/Ext_JTAG_UPDATE         |                                                                                                                                                                                                         |                                                                                                                                                    |                2 |              6 |
|  OLED2_i/clk_wiz_1/inst/clk_out1                         | OLED2_i/axi_gpio_0/U0/AXI_LITE_IPIF_I/I_SLAVE_ATTACHMENT/bus2ip_addr_i[8]_i_1_n_0                                                                                                                       | OLED2_i/axi_gpio_0/U0/AXI_LITE_IPIF_I/I_SLAVE_ATTACHMENT/SR[0]                                                                                     |                1 |              8 |
|  OLED2_i/clk_wiz_1/inst/clk_out1                         |                                                                                                                                                                                                         | OLED2_i/PmodGPIO_0/inst/axi_gpio_0/U0/AXI_LITE_IPIF_I/I_SLAVE_ATTACHMENT/clear                                                                     |                1 |              8 |
|  OLED2_i/clk_wiz_1/inst/clk_out1                         | OLED2_i/axi_gpio_0/U0/AXI_LITE_IPIF_I/I_SLAVE_ATTACHMENT/start2                                                                                                                                         | OLED2_i/axi_gpio_0/U0/AXI_LITE_IPIF_I/I_SLAVE_ATTACHMENT/I_DECODER/cs_ce_clr                                                                       |                1 |              8 |
|  OLED2_i/clk_wiz_1/inst/clk_out1                         | OLED2_i/PmodGPIO_1/inst/axi_gpio_0/U0/AXI_LITE_IPIF_I/I_SLAVE_ATTACHMENT/start2                                                                                                                         | OLED2_i/PmodGPIO_1/inst/axi_gpio_0/U0/AXI_LITE_IPIF_I/I_SLAVE_ATTACHMENT/I_DECODER/cs_ce_clr                                                       |                1 |              8 |
|  OLED2_i/clk_wiz_1/inst/clk_out1                         | OLED2_i/PmodGPIO_1/inst/axi_gpio_0/U0/AXI_LITE_IPIF_I/I_SLAVE_ATTACHMENT/bus2ip_addr_i[8]_i_1_n_0                                                                                                       | OLED2_i/PmodGPIO_1/inst/axi_gpio_0/U0/AXI_LITE_IPIF_I/I_SLAVE_ATTACHMENT/SR[0]                                                                     |                2 |              8 |
|  OLED2_i/clk_wiz_1/inst/clk_out1                         |                                                                                                                                                                                                         | OLED2_i/axi_gpio_0/U0/AXI_LITE_IPIF_I/I_SLAVE_ATTACHMENT/clear                                                                                     |                1 |              8 |
|  OLED2_i/clk_wiz_1/inst/clk_out1                         | OLED2_i/axi_uartlite_0/U0/UARTLITE_CORE_I/BAUD_RATE_I/en_16x_Baud                                                                                                                                       |                                                                                                                                                    |                2 |              8 |
|  OLED2_i/mdm_1/U0/No_Dbg_Reg_Access.BUFG_DRCK/Dbg_Clk_31 | OLED2_i/mdm_1/U0/MDM_Core_I1/p_3_out                                                                                                                                                                    | OLED2_i/mdm_1/U0/Use_E2.BSCAN_I/AR[0]                                                                                                              |                1 |              8 |
|  OLED2_i/clk_wiz_1/inst/clk_out1                         |                                                                                                                                                                                                         | OLED2_i/PmodGPIO_1/inst/axi_gpio_0/U0/AXI_LITE_IPIF_I/I_SLAVE_ATTACHMENT/clear                                                                     |                1 |              8 |
| ~OLED2_i/mdm_1/U0/Use_E2.BSCAN_I/Ext_JTAG_UPDATE         |                                                                                                                                                                                                         | OLED2_i/mdm_1/U0/Use_E2.BSCAN_I/AR[0]                                                                                                              |                1 |              8 |
|  OLED2_i/clk_wiz_1/inst/clk_out1                         | OLED2_i/axi_uartlite_0/U0/AXI_LITE_IPIF_I/I_SLAVE_ATTACHMENT/start2                                                                                                                                     | OLED2_i/axi_uartlite_0/U0/AXI_LITE_IPIF_I/I_SLAVE_ATTACHMENT/I_DECODER/cs_ce_clr                                                                   |                1 |              8 |
|  OLED2_i/mdm_1/U0/Use_E2.BSCAN_I/Ext_JTAG_UPDATE         | OLED2_i/microblaze_0/U0/MicroBlaze_Core_I/Performance.Core/Use_Debug_Logic.Master_Core.Debug_Perf/Control_Reg_En                                                                                        |                                                                                                                                                    |                3 |              8 |
|  OLED2_i/clk_wiz_1/inst/clk_out1                         | OLED2_i/PmodGPIO_0/inst/axi_gpio_0/U0/AXI_LITE_IPIF_I/I_SLAVE_ATTACHMENT/bus2ip_addr_i[8]_i_1_n_0                                                                                                       | OLED2_i/PmodGPIO_0/inst/axi_gpio_0/U0/AXI_LITE_IPIF_I/I_SLAVE_ATTACHMENT/SR[0]                                                                     |                1 |              8 |
|  OLED2_i/mdm_1/U0/Use_E2.BSCAN_I/Ext_JTAG_UPDATE         | OLED2_i/mdm_1/U0/MDM_Core_I1/MDM_SEL                                                                                                                                                                    | OLED2_i/mdm_1/U0/Use_E2.BSCAN_I/AR[0]                                                                                                              |                1 |              8 |
|  OLED2_i/clk_wiz_1/inst/clk_out1                         | OLED2_i/PmodGPIO_0/inst/axi_gpio_0/U0/AXI_LITE_IPIF_I/I_SLAVE_ATTACHMENT/start2                                                                                                                         | OLED2_i/PmodGPIO_0/inst/axi_gpio_0/U0/AXI_LITE_IPIF_I/I_SLAVE_ATTACHMENT/I_DECODER/cs_ce_clr                                                       |                2 |              8 |
|  OLED2_i/clk_wiz_1/inst/clk_out1                         | OLED2_i/microblaze_0/U0/MicroBlaze_Core_I/Performance.Core/Decode_I/Performance_Debug_Control.dbg_hit_reg[0]                                                                                            | OLED2_i/microblaze_0/U0/MicroBlaze_Core_I/sync_reset                                                                                               |                2 |             10 |
|  OLED2_i/clk_wiz_1/inst/clk_out1                         |                                                                                                                                                                                                         | OLED2_i/rst_clk_wiz_1_100M/U0/EXT_LPF/lpf_int                                                                                                      |                3 |             10 |
|  OLED2_i/mdm_1/U0/No_Dbg_Reg_Access.BUFG_DRCK/Dbg_Clk_31 | OLED2_i/mdm_1/U0/Use_E2.BSCAN_I/E[0]                                                                                                                                                                    |                                                                                                                                                    |                2 |             12 |
|  OLED2_i/clk_wiz_1/inst/clk_out1                         |                                                                                                                                                                                                         | OLED2_i/axi_uartlite_0/U0/UARTLITE_CORE_I/UARTLITE_RX_I/SRL_FIFO_I/I_SRL_FIFO_RBU_F/CNTR_INCR_DECR_ADDN_F_I/SS[0]                                  |                2 |             12 |
|  OLED2_i/mdm_1/U0/No_Dbg_Reg_Access.BUFG_DRCK/Dbg_Clk_31 | OLED2_i/mdm_1/U0/MDM_Core_I1/JTAG_CONTROL_I/Use_BSCAN.FDC_I/Use_Serial_Unified_Completion.sample_1_reg[10][0]                                                                                           |                                                                                                                                                    |                1 |             12 |
|  OLED2_i/clk_wiz_1/inst/clk_out1                         | OLED2_i/rst_clk_wiz_1_100M/U0/SEQ/seq_cnt_en                                                                                                                                                            | OLED2_i/rst_clk_wiz_1_100M/U0/SEQ/SEQ_COUNTER/clear                                                                                                |                1 |             12 |
|  OLED2_i/clk_wiz_1/inst/clk_out1                         |                                                                                                                                                                                                         | OLED2_i/axi_uartlite_0/U0/UARTLITE_CORE_I/UARTLITE_TX_I/SRL_FIFO_I/I_SRL_FIFO_RBU_F/CNTR_INCR_DECR_ADDN_F_I/SS[0]                                  |                3 |             12 |
|  OLED2_i/mdm_1/U0/No_Dbg_Reg_Access.BUFG_DRCK/Dbg_Clk_31 | OLED2_i/mdm_1/U0/Use_E2.BSCAN_I/Use_Serial_Unified_Completion.count_reg[5][0]                                                                                                                           |                                                                                                                                                    |                2 |             12 |
|  OLED2_i/clk_wiz_1/inst/clk_out1                         | OLED2_i/axi_uartlite_0/U0/UARTLITE_CORE_I/BAUD_RATE_I/en_16x_Baud                                                                                                                                       | OLED2_i/axi_uartlite_0/U0/UARTLITE_CORE_I/UARTLITE_RX_I/SERIAL_TO_PARALLEL[8].fifo_din[8]_i_1_n_0                                                  |                2 |             14 |
|  OLED2_i/clk_wiz_1/inst/clk_out1                         | OLED2_i/PmodGPIO_0/inst/axi_gpio_0/U0/AXI_LITE_IPIF_I/I_SLAVE_ATTACHMENT/I_DECODER/Not_Dual.gpio_OE_reg[0][0]                                                                                           | OLED2_i/PmodGPIO_0/inst/axi_gpio_0/U0/AXI_LITE_IPIF_I/I_SLAVE_ATTACHMENT/SR[0]                                                                     |                1 |             16 |
|  OLED2_i/mdm_1/U0/No_Dbg_Reg_Access.BUFG_DRCK/Dbg_Clk_31 | OLED2_i/mdm_1/U0/MDM_Core_I1/JTAG_CONTROL_I/tdi_shifter0                                                                                                                                                |                                                                                                                                                    |                3 |             16 |
|  OLED2_i/clk_wiz_1/inst/clk_out1                         | OLED2_i/axi_uartlite_0/U0/UARTLITE_CORE_I/UARTLITE_RX_I/SRL_FIFO_I/I_SRL_FIFO_RBU_F/DYNSHREG_F_I/fifo_wr                                                                                                |                                                                                                                                                    |                1 |             16 |
|  OLED2_i/clk_wiz_1/inst/clk_out1                         | OLED2_i/PmodGPIO_1/inst/axi_gpio_0/U0/AXI_LITE_IPIF_I/I_SLAVE_ATTACHMENT/I_DECODER/E[0]                                                                                                                 | OLED2_i/PmodGPIO_1/inst/axi_gpio_0/U0/AXI_LITE_IPIF_I/I_SLAVE_ATTACHMENT/SR[0]                                                                     |                1 |             16 |
|  OLED2_i/clk_wiz_1/inst/clk_out1                         | OLED2_i/PmodGPIO_1/inst/axi_gpio_0/U0/AXI_LITE_IPIF_I/I_SLAVE_ATTACHMENT/I_DECODER/Not_Dual.gpio_OE_reg[0][0]                                                                                           | OLED2_i/PmodGPIO_1/inst/axi_gpio_0/U0/AXI_LITE_IPIF_I/I_SLAVE_ATTACHMENT/SR[0]                                                                     |                1 |             16 |
|  OLED2_i/clk_wiz_1/inst/clk_out1                         | OLED2_i/axi_uartlite_0/U0/AXI_LITE_IPIF_I/I_SLAVE_ATTACHMENT/s_axi_rresp_i                                                                                                                              | OLED2_i/axi_uartlite_0/U0/AXI_LITE_IPIF_I/I_SLAVE_ATTACHMENT/rst                                                                                   |                2 |             16 |
| ~OLED2_i/mdm_1/U0/Use_E2.BSCAN_I/Ext_JTAG_UPDATE         | OLED2_i/mdm_1/U0/MDM_Core_I1/JTAG_CONTROL_I/Use_BSCAN.command[0]_i_1_n_0                                                                                                                                |                                                                                                                                                    |                3 |             16 |
|  OLED2_i/clk_wiz_1/inst/clk_out1                         | OLED2_i/PmodGPIO_0/inst/axi_gpio_0/U0/AXI_LITE_IPIF_I/I_SLAVE_ATTACHMENT/I_DECODER/E[0]                                                                                                                 | OLED2_i/PmodGPIO_0/inst/axi_gpio_0/U0/AXI_LITE_IPIF_I/I_SLAVE_ATTACHMENT/SR[0]                                                                     |                2 |             16 |
|  OLED2_i/clk_wiz_1/inst/clk_out1                         | OLED2_i/axi_uartlite_0/U0/AXI_LITE_IPIF_I/I_SLAVE_ATTACHMENT/I_DECODER/fifo_wr                                                                                                                          |                                                                                                                                                    |                1 |             16 |
|  OLED2_i/mdm_1/U0/Use_E2.BSCAN_I/Ext_JTAG_UPDATE         | OLED2_i/mdm_1/U0/MDM_Core_I1/JTAG_CONTROL_I/Use_BSCAN.FDC_I/command_1_reg[7]_0[0]                                                                                                                       |                                                                                                                                                    |                1 |             16 |
|  OLED2_i/mdm_1/U0/No_Dbg_Reg_Access.BUFG_DRCK/Dbg_Clk_31 | OLED2_i/microblaze_0/U0/MicroBlaze_Core_I/Performance.Core/Use_Debug_Logic.Master_Core.Debug_Perf/Using_PC_Breakpoints.All_PC_Brks[0].Serial_Interface_1.address_hit_I/Compare[0].SRLC16E_I/which_pc__0 |                                                                                                                                                    |                7 |             16 |
|  OLED2_i/clk_wiz_1/inst/clk_out1                         | OLED2_i/PmodGPIO_1/inst/axi_gpio_0/U0/AXI_LITE_IPIF_I/I_SLAVE_ATTACHMENT/s_axi_rresp_i                                                                                                                  | OLED2_i/PmodGPIO_1/inst/axi_gpio_0/U0/AXI_LITE_IPIF_I/I_SLAVE_ATTACHMENT/SR[0]                                                                     |                4 |             18 |
|  OLED2_i/clk_wiz_1/inst/clk_out1                         | OLED2_i/PmodGPIO_0/inst/axi_gpio_0/U0/AXI_LITE_IPIF_I/I_SLAVE_ATTACHMENT/s_axi_rresp_i                                                                                                                  | OLED2_i/PmodGPIO_0/inst/axi_gpio_0/U0/AXI_LITE_IPIF_I/I_SLAVE_ATTACHMENT/SR[0]                                                                     |                3 |             18 |
|  OLED2_i/clk_wiz_1/inst/clk_out1                         |                                                                                                                                                                                                         | OLED2_i/axi_uartlite_0/U0/AXI_LITE_IPIF_I/I_SLAVE_ATTACHMENT/rst                                                                                   |                4 |             20 |
|  OLED2_i/mdm_1/U0/No_Dbg_Reg_Access.BUFG_DRCK/Dbg_Clk_31 | OLED2_i/mdm_1/U0/MDM_Core_I1/JTAG_CONTROL_I/Use_BSCAN.FDC_I/E[0]                                                                                                                                        |                                                                                                                                                    |                4 |             20 |
|  OLED2_i/clk_wiz_1/inst/clk_out1                         |                                                                                                                                                                                                         | OLED2_i/microblaze_0_axi_periph/xbar/inst/gen_sasd.crossbar_sasd_0/addr_arbiter_inst/SR[0]                                                         |                4 |             26 |
|  OLED2_i/clk_wiz_1/inst/clk_out1                         |                                                                                                                                                                                                         | OLED2_i/PmodGPIO_1/inst/axi_gpio_0/U0/gpio_core_1/Read_Reg_Rst                                                                                     |                4 |             32 |
|  OLED2_i/clk_wiz_1/inst/clk_out1                         |                                                                                                                                                                                                         | OLED2_i/axi_gpio_0/U0/AXI_LITE_IPIF_I/I_SLAVE_ATTACHMENT/I_DECODER/Not_Dual.ALLIN1_ND.READ_REG_GEN[0].reg1_reg[16]                                 |                4 |             32 |
|  OLED2_i/clk_wiz_1/inst/clk_out1                         |                                                                                                                                                                                                         | OLED2_i/PmodGPIO_0/inst/axi_gpio_0/U0/gpio_core_1/Read_Reg_Rst                                                                                     |                7 |             32 |
|  OLED2_i/clk_wiz_1/inst/clk_out1                         | OLED2_i/axi_gpio_0/U0/AXI_LITE_IPIF_I/I_SLAVE_ATTACHMENT/I_DECODER/Not_Dual.gpio_OE_reg[0][0]                                                                                                           | OLED2_i/axi_gpio_0/U0/AXI_LITE_IPIF_I/I_SLAVE_ATTACHMENT/SR[0]                                                                                     |                4 |             32 |
|  OLED2_i/clk_wiz_1/inst/clk_out1                         | OLED2_i/microblaze_0/U0/MicroBlaze_Core_I/Performance.Core/Decode_I/PreFetch_Buffer_I1/OF_Valid_DFF/E[0]                                                                                                | OLED2_i/microblaze_0/U0/MicroBlaze_Core_I/sync_reset                                                                                               |                6 |             32 |
|  OLED2_i/clk_wiz_1/inst/clk_out1                         | OLED2_i/axi_gpio_0/U0/AXI_LITE_IPIF_I/I_SLAVE_ATTACHMENT/s_axi_rresp_i                                                                                                                                  | OLED2_i/axi_gpio_0/U0/AXI_LITE_IPIF_I/I_SLAVE_ATTACHMENT/SR[0]                                                                                     |                5 |             34 |
|  OLED2_i/clk_wiz_1/inst/clk_out1                         | OLED2_i/microblaze_0/U0/MicroBlaze_Core_I/Performance.Core/mem_databus_ready_sel_carry_or/MUXCY_I/lopt_4                                                                                                | OLED2_i/microblaze_0/U0/MicroBlaze_Core_I/sync_reset                                                                                               |                9 |             40 |
|  OLED2_i/mdm_1/U0/No_Dbg_Reg_Access.BUFG_DRCK/Dbg_Clk_31 |                                                                                                                                                                                                         | OLED2_i/mdm_1/U0/Use_E2.BSCAN_I/shift_n_reset1_out                                                                                                 |                5 |             46 |
|  OLED2_i/clk_wiz_1/inst/clk_out1                         | OLED2_i/microblaze_0_axi_periph/xbar/inst/gen_sasd.crossbar_sasd_0/addr_arbiter_inst/p_0_in1_in                                                                                                         | OLED2_i/microblaze_0_axi_periph/xbar/inst/gen_sasd.crossbar_sasd_0/addr_arbiter_inst/SR[0]                                                         |                4 |             46 |
|  OLED2_i/clk_wiz_1/inst/clk_out1                         |                                                                                                                                                                                                         | OLED2_i/PmodGPIO_1/inst/axi_gpio_0/U0/AXI_LITE_IPIF_I/I_SLAVE_ATTACHMENT/SR[0]                                                                     |                9 |             48 |
|  OLED2_i/clk_wiz_1/inst/clk_out1                         |                                                                                                                                                                                                         | OLED2_i/PmodGPIO_0/inst/axi_gpio_0/U0/AXI_LITE_IPIF_I/I_SLAVE_ATTACHMENT/SR[0]                                                                     |               10 |             48 |
|  OLED2_i/clk_wiz_1/inst/clk_out1                         | OLED2_i/axi_uartlite_0/U0/UARTLITE_CORE_I/BAUD_RATE_I/en_16x_Baud                                                                                                                                       | OLED2_i/axi_uartlite_0/U0/UARTLITE_CORE_I/UARTLITE_RX_I/data_shift_reg[15]_0                                                                       |                7 |             56 |
|  OLED2_i/clk_wiz_1/inst/clk_out1                         |                                                                                                                                                                                                         | OLED2_i/axi_uartlite_0/U0/UARTLITE_CORE_I/UARTLITE_RX_I/data_shift_reg[15]_0                                                                       |                9 |             60 |
|  OLED2_i/clk_wiz_1/inst/clk_out1                         | OLED2_i/microblaze_0/U0/MicroBlaze_Core_I/Performance.Core/Decode_I/Use_MuxCy[2].OF_Piperun_Stage/MUXCY_I/lopt_1                                                                                        | OLED2_i/microblaze_0/U0/MicroBlaze_Core_I/Performance.Core/Decode_I/R                                                                              |               14 |             64 |
|  OLED2_i/clk_wiz_1/inst/clk_out1                         | OLED2_i/microblaze_0/U0/MicroBlaze_Core_I/Performance.Core/Decode_I/Use_MuxCy[3].OF_Piperun_Stage/MUXCY_I/E[0]                                                                                          | OLED2_i/microblaze_0/U0/MicroBlaze_Core_I/sync_reset                                                                                               |                6 |             64 |
|  OLED2_i/clk_wiz_1/inst/clk_out1                         | OLED2_i/microblaze_0/U0/MicroBlaze_Core_I/Performance.Core/mem_databus_ready_sel_carry_or/MUXCY_I/lopt_4                                                                                                |                                                                                                                                                    |                6 |             64 |
|  OLED2_i/clk_wiz_1/inst/clk_out1                         | OLED2_i/microblaze_0/U0/MicroBlaze_Core_I/Performance.Core/mem_databus_ready_sel_carry_or/MUXCY_I/lopt_4                                                                                                | OLED2_i/microblaze_0/U0/MicroBlaze_Core_I/Performance.Core/Decode_I/SR[0]                                                                          |               11 |             64 |
|  OLED2_i/clk_wiz_1/inst/clk_out1                         | OLED2_i/microblaze_0_axi_periph/xbar/inst/gen_sasd.crossbar_sasd_0/reg_slice_r/s_axi_rvalid[0]                                                                                                          | OLED2_i/microblaze_0/U0/MicroBlaze_Core_I/sync_reset                                                                                               |               10 |             64 |
|  OLED2_i/clk_wiz_1/inst/clk_out1                         | OLED2_i/microblaze_0/U0/MicroBlaze_Core_I/Performance.Core/Use_Debug_Logic.Master_Core.Debug_Perf/data_rd_reg[0]_i_1_n_0                                                                                | OLED2_i/microblaze_0/U0/MicroBlaze_Core_I/sync_reset                                                                                               |               11 |             64 |
|  OLED2_i/clk_wiz_1/inst/clk_out1                         | OLED2_i/microblaze_0/U0/MicroBlaze_Core_I/Performance.Core/Decode_I/jump_logic_I1/MUXCY_JUMP_CARRY6/if_pc_reg[0][0]                                                                                     | OLED2_i/microblaze_0/U0/MicroBlaze_Core_I/sync_reset                                                                                               |                7 |             64 |
|  OLED2_i/clk_wiz_1/inst/clk_out1                         |                                                                                                                                                                                                         | OLED2_i/microblaze_0/U0/MicroBlaze_Core_I/Performance.Core/p_1_out                                                                                 |               12 |             64 |
|  OLED2_i/clk_wiz_1/inst/clk_out1                         |                                                                                                                                                                                                         | OLED2_i/axi_gpio_0/U0/AXI_LITE_IPIF_I/I_SLAVE_ATTACHMENT/SR[0]                                                                                     |                9 |             64 |
|  OLED2_i/mdm_1/U0/No_Dbg_Reg_Access.BUFG_DRCK/Dbg_Clk_31 | OLED2_i/microblaze_0/U0/MicroBlaze_Core_I/Performance.Core/Use_Debug_Logic.Master_Core.Debug_Perf/New_Dbg_Instr_TCK                                                                                     |                                                                                                                                                    |               11 |             64 |
|  OLED2_i/clk_wiz_1/inst/clk_out1                         | OLED2_i/microblaze_0_axi_periph/xbar/inst/gen_sasd.crossbar_sasd_0/addr_arbiter_inst/E[0]                                                                                                               |                                                                                                                                                    |                9 |             66 |
|  OLED2_i/mdm_1/U0/No_Dbg_Reg_Access.BUFG_DRCK/Dbg_Clk_31 | OLED2_i/mdm_1/U0/Use_E2.BSCAN_I/Dbg_Capture_0                                                                                                                                                           |                                                                                                                                                    |               16 |             94 |
|  OLED2_i/clk_wiz_1/inst/clk_out1                         | OLED2_i/microblaze_0/U0/MicroBlaze_Core_I/Performance.Core/Use_Debug_Logic.Master_Core.Debug_Perf/IReady_0                                                                                              |                                                                                                                                                    |               10 |            150 |
|  OLED2_i/clk_wiz_1/inst/clk_out1                         | OLED2_i/microblaze_0/U0/MicroBlaze_Core_I/Performance.Core/Decode_I/Use_MuxCy[2].OF_Piperun_Stage/MUXCY_I/lopt_1                                                                                        | OLED2_i/microblaze_0/U0/MicroBlaze_Core_I/sync_reset                                                                                               |               29 |            158 |
|  OLED2_i/mdm_1/U0/No_Dbg_Reg_Access.BUFG_DRCK/Dbg_Clk_31 |                                                                                                                                                                                                         |                                                                                                                                                    |               27 |            160 |
|  OLED2_i/clk_wiz_1/inst/clk_out1                         | OLED2_i/microblaze_0/U0/MicroBlaze_Core_I/Performance.Core/Decode_I/mb_halted_1_reg[31]                                                                                                                 |                                                                                                                                                    |               16 |            256 |
|  OLED2_i/clk_wiz_1/inst/clk_out1                         |                                                                                                                                                                                                         | OLED2_i/microblaze_0/U0/MicroBlaze_Core_I/sync_reset                                                                                               |               63 |            296 |
|  OLED2_i/clk_wiz_1/inst/clk_out1                         | OLED2_i/microblaze_0/U0/MicroBlaze_Core_I/Performance.Core/Decode_I/Use_MuxCy[10].OF_Piperun_Stage/MUXCY_I/lopt_1                                                                                       | OLED2_i/microblaze_0/U0/MicroBlaze_Core_I/sync_reset                                                                                               |               88 |            436 |
|  OLED2_i/clk_wiz_1/inst/clk_out1                         |                                                                                                                                                                                                         |                                                                                                                                                    |              112 |            636 |
+----------------------------------------------------------+---------------------------------------------------------------------------------------------------------------------------------------------------------------------------------------------------------+----------------------------------------------------------------------------------------------------------------------------------------------------+------------------+----------------+


